2020-04-05_18:41:27 ModelSaveAndLogHandler INFO -- Description: Candidates: 5, Encoding: 128, Projection: None
2020-04-05_18:41:27 ModelSaveAndLogHandler INFO -- Base Model: densenet121
2020-04-05_18:41:27 ModelSaveAndLogHandler INFO -- Epoch 0/49
2020-04-05_18:41:27 ModelSaveAndLogHandler INFO -- ----------
2020-04-05_18:49:11 ModelSaveAndLogHandler INFO -- train Loss: 1.4954 Acc: 0.3584
2020-04-05_18:49:55 ModelSaveAndLogHandler INFO -- val Loss: 1.3700 Acc: 0.4812
2020-04-05_18:49:55 ModelSaveAndLogHandler INFO -- MODEL SAVED
2020-04-05_18:50:00 ModelSaveAndLogHandler INFO -- MODEL SAVED (MOBILE)
2020-04-05_18:50:00 ModelSaveAndLogHandler INFO -- Time taken is 513 seconds
2020-04-05_18:50:00 ModelSaveAndLogHandler INFO -- 
2020-04-05_18:50:00 ModelSaveAndLogHandler INFO -- Epoch 1/49
2020-04-05_18:50:00 ModelSaveAndLogHandler INFO -- ----------
2020-04-05_18:57:41 ModelSaveAndLogHandler INFO -- train Loss: 1.4291 Acc: 0.4039
2020-04-05_18:58:25 ModelSaveAndLogHandler INFO -- val Loss: 1.2686 Acc: 0.5579
2020-04-05_18:58:25 ModelSaveAndLogHandler INFO -- MODEL SAVED
2020-04-05_18:58:30 ModelSaveAndLogHandler INFO -- MODEL SAVED (MOBILE)
2020-04-05_18:58:30 ModelSaveAndLogHandler INFO -- Time taken is 509 seconds
2020-04-05_18:58:30 ModelSaveAndLogHandler INFO -- 
2020-04-05_18:58:30 ModelSaveAndLogHandler INFO -- Epoch 2/49
2020-04-05_18:58:30 ModelSaveAndLogHandler INFO -- ----------
2020-04-05_19:06:23 ModelSaveAndLogHandler INFO -- train Loss: 1.3593 Acc: 0.4525
2020-04-05_19:07:06 ModelSaveAndLogHandler INFO -- val Loss: 1.2416 Acc: 0.5774
2020-04-05_19:07:07 ModelSaveAndLogHandler INFO -- MODEL SAVED
2020-04-05_19:07:11 ModelSaveAndLogHandler INFO -- MODEL SAVED (MOBILE)
2020-04-05_19:07:12 ModelSaveAndLogHandler INFO -- Time taken is 521 seconds
2020-04-05_19:07:12 ModelSaveAndLogHandler INFO -- 
2020-04-05_19:07:12 ModelSaveAndLogHandler INFO -- Epoch 3/49
2020-04-05_19:07:12 ModelSaveAndLogHandler INFO -- ----------
2020-04-05_19:15:07 ModelSaveAndLogHandler INFO -- train Loss: 1.3343 Acc: 0.4605
2020-04-05_19:15:50 ModelSaveAndLogHandler INFO -- val Loss: 1.2240 Acc: 0.5905
2020-04-05_19:15:50 ModelSaveAndLogHandler INFO -- MODEL SAVED
2020-04-05_19:15:56 ModelSaveAndLogHandler INFO -- MODEL SAVED (MOBILE)
2020-04-05_19:15:56 ModelSaveAndLogHandler INFO -- Time taken is 524 seconds
2020-04-05_19:15:56 ModelSaveAndLogHandler INFO -- 
2020-04-05_19:15:56 ModelSaveAndLogHandler INFO -- Epoch 4/49
2020-04-05_19:15:56 ModelSaveAndLogHandler INFO -- ----------
2020-04-05_19:24:19 ModelSaveAndLogHandler INFO -- train Loss: 1.3340 Acc: 0.4404
2020-04-05_19:25:06 ModelSaveAndLogHandler INFO -- val Loss: 1.2161 Acc: 0.5825
2020-04-05_19:25:06 ModelSaveAndLogHandler INFO -- Time taken is 549 seconds
2020-04-05_19:25:06 ModelSaveAndLogHandler INFO -- 
2020-04-05_19:25:06 ModelSaveAndLogHandler INFO -- Epoch 5/49
2020-04-05_19:25:06 ModelSaveAndLogHandler INFO -- ----------
2020-04-05_19:33:46 ModelSaveAndLogHandler INFO -- train Loss: 1.2971 Acc: 0.4720
2020-04-05_19:34:31 ModelSaveAndLogHandler INFO -- val Loss: 1.2201 Acc: 0.5689
2020-04-05_19:34:31 ModelSaveAndLogHandler INFO -- Time taken is 565 seconds
2020-04-05_19:34:31 ModelSaveAndLogHandler INFO -- 
2020-04-05_19:34:31 ModelSaveAndLogHandler INFO -- Epoch 6/49
2020-04-05_19:34:31 ModelSaveAndLogHandler INFO -- ----------
2020-04-05_19:43:38 ModelSaveAndLogHandler INFO -- train Loss: 1.3131 Acc: 0.4785
2020-04-05_19:44:21 ModelSaveAndLogHandler INFO -- val Loss: 1.2412 Acc: 0.5789
2020-04-05_19:44:21 ModelSaveAndLogHandler INFO -- Time taken is 590 seconds
2020-04-05_19:44:21 ModelSaveAndLogHandler INFO -- 
2020-04-05_19:44:21 ModelSaveAndLogHandler INFO -- Epoch 7/49
2020-04-05_19:44:21 ModelSaveAndLogHandler INFO -- ----------
2020-04-05_19:52:54 ModelSaveAndLogHandler INFO -- train Loss: 1.2914 Acc: 0.5000
2020-04-05_19:53:38 ModelSaveAndLogHandler INFO -- val Loss: 1.2453 Acc: 0.5789
2020-04-05_19:53:38 ModelSaveAndLogHandler INFO -- Time taken is 556 seconds
2020-04-05_19:53:38 ModelSaveAndLogHandler INFO -- 
2020-04-05_19:53:38 ModelSaveAndLogHandler INFO -- Epoch 8/49
2020-04-05_19:53:38 ModelSaveAndLogHandler INFO -- ----------
2020-04-05_20:02:00 ModelSaveAndLogHandler INFO -- train Loss: 1.2722 Acc: 0.5070
2020-04-05_20:02:43 ModelSaveAndLogHandler INFO -- val Loss: 1.2008 Acc: 0.6035
2020-04-05_20:02:43 ModelSaveAndLogHandler INFO -- MODEL SAVED
2020-04-05_20:02:48 ModelSaveAndLogHandler INFO -- MODEL SAVED (MOBILE)
2020-04-05_20:02:48 ModelSaveAndLogHandler INFO -- Time taken is 550 seconds
2020-04-05_20:02:48 ModelSaveAndLogHandler INFO -- 
2020-04-05_20:02:48 ModelSaveAndLogHandler INFO -- Epoch 9/49
2020-04-05_20:02:48 ModelSaveAndLogHandler INFO -- ----------
2020-04-05_20:11:15 ModelSaveAndLogHandler INFO -- train Loss: 1.2817 Acc: 0.4900
2020-04-05_20:11:59 ModelSaveAndLogHandler INFO -- val Loss: 1.2602 Acc: 0.5574
2020-04-05_20:11:59 ModelSaveAndLogHandler INFO -- Time taken is 551 seconds
2020-04-05_20:11:59 ModelSaveAndLogHandler INFO -- 
2020-04-05_20:11:59 ModelSaveAndLogHandler INFO -- Epoch 10/49
2020-04-05_20:11:59 ModelSaveAndLogHandler INFO -- ----------
2020-04-05_20:20:55 ModelSaveAndLogHandler INFO -- train Loss: 1.2633 Acc: 0.5035
2020-04-05_20:21:41 ModelSaveAndLogHandler INFO -- val Loss: 1.1923 Acc: 0.6281
2020-04-05_20:21:41 ModelSaveAndLogHandler INFO -- MODEL SAVED
2020-04-05_20:21:47 ModelSaveAndLogHandler INFO -- MODEL SAVED (MOBILE)
2020-04-05_20:21:47 ModelSaveAndLogHandler INFO -- Time taken is 587 seconds
2020-04-05_20:21:47 ModelSaveAndLogHandler INFO -- 
2020-04-05_20:21:47 ModelSaveAndLogHandler INFO -- Epoch 11/49
2020-04-05_20:21:47 ModelSaveAndLogHandler INFO -- ----------
2020-04-05_20:31:20 ModelSaveAndLogHandler INFO -- train Loss: 1.2699 Acc: 0.5045
2020-04-05_20:32:05 ModelSaveAndLogHandler INFO -- val Loss: 1.2058 Acc: 0.6145
2020-04-05_20:32:05 ModelSaveAndLogHandler INFO -- Time taken is 618 seconds
2020-04-05_20:32:05 ModelSaveAndLogHandler INFO -- 
2020-04-05_20:32:05 ModelSaveAndLogHandler INFO -- Epoch 12/49
2020-04-05_20:32:05 ModelSaveAndLogHandler INFO -- ----------
2020-04-05_20:41:27 ModelSaveAndLogHandler INFO -- train Loss: 1.2440 Acc: 0.5210
2020-04-05_20:42:12 ModelSaveAndLogHandler INFO -- val Loss: 1.1835 Acc: 0.6075
2020-04-05_20:42:12 ModelSaveAndLogHandler INFO -- Time taken is 606 seconds
2020-04-05_20:42:12 ModelSaveAndLogHandler INFO -- 
2020-04-05_20:42:12 ModelSaveAndLogHandler INFO -- Epoch 13/49
2020-04-05_20:42:12 ModelSaveAndLogHandler INFO -- ----------
2020-04-05_20:51:39 ModelSaveAndLogHandler INFO -- train Loss: 1.2459 Acc: 0.5055
2020-04-05_20:52:23 ModelSaveAndLogHandler INFO -- val Loss: 1.1743 Acc: 0.6085
2020-04-05_20:52:23 ModelSaveAndLogHandler INFO -- Time taken is 610 seconds
2020-04-05_20:52:23 ModelSaveAndLogHandler INFO -- 
2020-04-05_20:52:23 ModelSaveAndLogHandler INFO -- Epoch 14/49
2020-04-05_20:52:23 ModelSaveAndLogHandler INFO -- ----------
2020-04-05_21:01:45 ModelSaveAndLogHandler INFO -- train Loss: 1.2368 Acc: 0.5110
2020-04-05_21:02:27 ModelSaveAndLogHandler INFO -- val Loss: 1.1746 Acc: 0.5900
2020-04-05_21:02:27 ModelSaveAndLogHandler INFO -- Time taken is 604 seconds
2020-04-05_21:02:27 ModelSaveAndLogHandler INFO -- 
2020-04-05_21:02:27 ModelSaveAndLogHandler INFO -- Epoch 15/49
2020-04-05_21:02:27 ModelSaveAndLogHandler INFO -- ----------
2020-04-05_21:11:27 ModelSaveAndLogHandler INFO -- train Loss: 1.2255 Acc: 0.5040
2020-04-05_21:12:12 ModelSaveAndLogHandler INFO -- val Loss: 1.1881 Acc: 0.5940
2020-04-05_21:12:12 ModelSaveAndLogHandler INFO -- Time taken is 584 seconds
2020-04-05_21:12:12 ModelSaveAndLogHandler INFO -- 
2020-04-05_21:12:12 ModelSaveAndLogHandler INFO -- Epoch 16/49
2020-04-05_21:12:12 ModelSaveAndLogHandler INFO -- ----------
2020-04-05_21:21:08 ModelSaveAndLogHandler INFO -- train Loss: 1.2109 Acc: 0.5050
2020-04-05_21:21:52 ModelSaveAndLogHandler INFO -- val Loss: 1.1725 Acc: 0.5960
2020-04-05_21:21:52 ModelSaveAndLogHandler INFO -- Time taken is 580 seconds
2020-04-05_21:21:52 ModelSaveAndLogHandler INFO -- 
2020-04-05_21:21:52 ModelSaveAndLogHandler INFO -- Epoch 17/49
2020-04-05_21:21:52 ModelSaveAndLogHandler INFO -- ----------
2020-04-05_21:30:45 ModelSaveAndLogHandler INFO -- train Loss: 1.2222 Acc: 0.5195
2020-04-05_21:31:26 ModelSaveAndLogHandler INFO -- val Loss: 1.1801 Acc: 0.6105
2020-04-05_21:31:26 ModelSaveAndLogHandler INFO -- Time taken is 574 seconds
2020-04-05_21:31:26 ModelSaveAndLogHandler INFO -- 
2020-04-05_21:31:26 ModelSaveAndLogHandler INFO -- Epoch 18/49
2020-04-05_21:31:26 ModelSaveAndLogHandler INFO -- ----------
2020-04-05_21:40:14 ModelSaveAndLogHandler INFO -- train Loss: 1.1883 Acc: 0.5495
2020-04-05_21:40:59 ModelSaveAndLogHandler INFO -- val Loss: 1.1654 Acc: 0.6195
2020-04-05_21:40:59 ModelSaveAndLogHandler INFO -- Time taken is 572 seconds
2020-04-05_21:40:59 ModelSaveAndLogHandler INFO -- 
2020-04-05_21:40:59 ModelSaveAndLogHandler INFO -- Epoch 19/49
2020-04-05_21:40:59 ModelSaveAndLogHandler INFO -- ----------
2020-04-05_21:49:37 ModelSaveAndLogHandler INFO -- train Loss: 1.1942 Acc: 0.5290
2020-04-05_21:50:20 ModelSaveAndLogHandler INFO -- val Loss: 1.1557 Acc: 0.6175
2020-04-05_21:50:20 ModelSaveAndLogHandler INFO -- Time taken is 561 seconds
2020-04-05_21:50:20 ModelSaveAndLogHandler INFO -- 
2020-04-05_21:50:20 ModelSaveAndLogHandler INFO -- Epoch 20/49
2020-04-05_21:50:20 ModelSaveAndLogHandler INFO -- ----------
2020-04-05_21:59:05 ModelSaveAndLogHandler INFO -- train Loss: 1.1817 Acc: 0.5501
2020-04-05_21:59:52 ModelSaveAndLogHandler INFO -- val Loss: 1.1746 Acc: 0.6160
2020-04-05_21:59:52 ModelSaveAndLogHandler INFO -- Time taken is 571 seconds
2020-04-05_21:59:52 ModelSaveAndLogHandler INFO -- 
2020-04-05_21:59:52 ModelSaveAndLogHandler INFO -- Epoch 21/49
2020-04-05_21:59:52 ModelSaveAndLogHandler INFO -- ----------
2020-04-05_22:08:38 ModelSaveAndLogHandler INFO -- train Loss: 1.1816 Acc: 0.5571
2020-04-05_22:09:25 ModelSaveAndLogHandler INFO -- val Loss: 1.1478 Acc: 0.6256
2020-04-05_22:09:25 ModelSaveAndLogHandler INFO -- Time taken is 573 seconds
2020-04-05_22:09:25 ModelSaveAndLogHandler INFO -- 
2020-04-05_22:09:26 ModelSaveAndLogHandler INFO -- Epoch 22/49
2020-04-05_22:09:26 ModelSaveAndLogHandler INFO -- ----------
2020-04-05_22:18:16 ModelSaveAndLogHandler INFO -- train Loss: 1.1834 Acc: 0.5435
2020-04-05_22:19:01 ModelSaveAndLogHandler INFO -- val Loss: 1.1486 Acc: 0.6281
2020-04-05_22:19:01 ModelSaveAndLogHandler INFO -- Time taken is 575 seconds
2020-04-05_22:19:01 ModelSaveAndLogHandler INFO -- 
2020-04-05_22:19:01 ModelSaveAndLogHandler INFO -- Epoch 23/49
2020-04-05_22:19:01 ModelSaveAndLogHandler INFO -- ----------
2020-04-05_22:27:37 ModelSaveAndLogHandler INFO -- train Loss: 1.1817 Acc: 0.5380
2020-04-05_22:28:22 ModelSaveAndLogHandler INFO -- val Loss: 1.1555 Acc: 0.6095
2020-04-05_22:28:22 ModelSaveAndLogHandler INFO -- Time taken is 560 seconds
2020-04-05_22:28:22 ModelSaveAndLogHandler INFO -- 
2020-04-05_22:28:22 ModelSaveAndLogHandler INFO -- Epoch 24/49
2020-04-05_22:28:22 ModelSaveAndLogHandler INFO -- ----------
2020-04-05_22:37:01 ModelSaveAndLogHandler INFO -- train Loss: 1.1910 Acc: 0.5521
2020-04-05_22:37:44 ModelSaveAndLogHandler INFO -- val Loss: 1.1720 Acc: 0.6190
2020-04-05_22:37:44 ModelSaveAndLogHandler INFO -- Time taken is 561 seconds
2020-04-05_22:37:44 ModelSaveAndLogHandler INFO -- 
2020-04-05_22:37:44 ModelSaveAndLogHandler INFO -- Epoch 25/49
2020-04-05_22:37:44 ModelSaveAndLogHandler INFO -- ----------
2020-04-05_22:46:23 ModelSaveAndLogHandler INFO -- train Loss: 1.1875 Acc: 0.5586
2020-04-05_22:47:09 ModelSaveAndLogHandler INFO -- val Loss: 1.1662 Acc: 0.6140
2020-04-05_22:47:09 ModelSaveAndLogHandler INFO -- Time taken is 565 seconds
2020-04-05_22:47:09 ModelSaveAndLogHandler INFO -- 
2020-04-05_22:47:09 ModelSaveAndLogHandler INFO -- Epoch 26/49
2020-04-05_22:47:09 ModelSaveAndLogHandler INFO -- ----------
2020-04-05_22:55:52 ModelSaveAndLogHandler INFO -- train Loss: 1.1842 Acc: 0.5511
2020-04-05_22:56:36 ModelSaveAndLogHandler INFO -- val Loss: 1.1686 Acc: 0.6030
2020-04-05_22:56:36 ModelSaveAndLogHandler INFO -- Time taken is 567 seconds
2020-04-05_22:56:36 ModelSaveAndLogHandler INFO -- 
2020-04-05_22:56:36 ModelSaveAndLogHandler INFO -- Epoch 27/49
2020-04-05_22:56:36 ModelSaveAndLogHandler INFO -- ----------
2020-04-05_23:05:09 ModelSaveAndLogHandler INFO -- train Loss: 1.1984 Acc: 0.5501
2020-04-05_23:05:54 ModelSaveAndLogHandler INFO -- val Loss: 1.1650 Acc: 0.6211
2020-04-05_23:05:54 ModelSaveAndLogHandler INFO -- Time taken is 558 seconds
2020-04-05_23:05:54 ModelSaveAndLogHandler INFO -- 
2020-04-05_23:05:54 ModelSaveAndLogHandler INFO -- Epoch 28/49
2020-04-05_23:05:54 ModelSaveAndLogHandler INFO -- ----------
2020-04-05_23:14:32 ModelSaveAndLogHandler INFO -- train Loss: 1.1918 Acc: 0.5395
2020-04-05_23:15:20 ModelSaveAndLogHandler INFO -- val Loss: 1.1510 Acc: 0.6326
2020-04-05_23:15:20 ModelSaveAndLogHandler INFO -- MODEL SAVED
2020-04-05_23:15:25 ModelSaveAndLogHandler INFO -- MODEL SAVED (MOBILE)
2020-04-05_23:15:25 ModelSaveAndLogHandler INFO -- Time taken is 570 seconds
2020-04-05_23:15:25 ModelSaveAndLogHandler INFO -- 
2020-04-05_23:15:25 ModelSaveAndLogHandler INFO -- Epoch 29/49
2020-04-05_23:15:25 ModelSaveAndLogHandler INFO -- ----------
2020-04-05_23:24:03 ModelSaveAndLogHandler INFO -- train Loss: 1.1795 Acc: 0.5636
2020-04-05_23:24:48 ModelSaveAndLogHandler INFO -- val Loss: 1.1448 Acc: 0.6361
2020-04-05_23:24:49 ModelSaveAndLogHandler INFO -- MODEL SAVED
2020-04-05_23:24:53 ModelSaveAndLogHandler INFO -- MODEL SAVED (MOBILE)
2020-04-05_23:24:53 ModelSaveAndLogHandler INFO -- Time taken is 568 seconds
2020-04-05_23:24:53 ModelSaveAndLogHandler INFO -- 
2020-04-05_23:24:53 ModelSaveAndLogHandler INFO -- Epoch 30/49
2020-04-05_23:24:53 ModelSaveAndLogHandler INFO -- ----------
2020-04-05_23:34:26 ModelSaveAndLogHandler INFO -- train Loss: 1.1811 Acc: 0.5721
2020-04-05_23:35:12 ModelSaveAndLogHandler INFO -- val Loss: 1.1494 Acc: 0.6226
2020-04-05_23:35:12 ModelSaveAndLogHandler INFO -- Time taken is 618 seconds
2020-04-05_23:35:12 ModelSaveAndLogHandler INFO -- 
2020-04-05_23:35:12 ModelSaveAndLogHandler INFO -- Epoch 31/49
2020-04-05_23:35:12 ModelSaveAndLogHandler INFO -- ----------
2020-04-05_23:44:06 ModelSaveAndLogHandler INFO -- train Loss: 1.1772 Acc: 0.5781
2020-04-05_23:44:50 ModelSaveAndLogHandler INFO -- val Loss: 1.1406 Acc: 0.6401
2020-04-05_23:44:50 ModelSaveAndLogHandler INFO -- MODEL SAVED
2020-04-05_23:44:55 ModelSaveAndLogHandler INFO -- MODEL SAVED (MOBILE)
2020-04-05_23:44:55 ModelSaveAndLogHandler INFO -- Time taken is 583 seconds
2020-04-05_23:44:55 ModelSaveAndLogHandler INFO -- 
2020-04-05_23:44:55 ModelSaveAndLogHandler INFO -- Epoch 32/49
2020-04-05_23:44:55 ModelSaveAndLogHandler INFO -- ----------
2020-04-05_23:53:56 ModelSaveAndLogHandler INFO -- train Loss: 1.1663 Acc: 0.5771
2020-04-05_23:54:42 ModelSaveAndLogHandler INFO -- val Loss: 1.1506 Acc: 0.6376
2020-04-05_23:54:42 ModelSaveAndLogHandler INFO -- Time taken is 587 seconds
2020-04-05_23:54:42 ModelSaveAndLogHandler INFO -- 
2020-04-05_23:54:42 ModelSaveAndLogHandler INFO -- Epoch 33/49
2020-04-05_23:54:42 ModelSaveAndLogHandler INFO -- ----------
2020-04-06_00:03:37 ModelSaveAndLogHandler INFO -- train Loss: 1.1773 Acc: 0.5721
2020-04-06_00:04:20 ModelSaveAndLogHandler INFO -- val Loss: 1.1579 Acc: 0.6261
2020-04-06_00:04:20 ModelSaveAndLogHandler INFO -- Time taken is 577 seconds
2020-04-06_00:04:20 ModelSaveAndLogHandler INFO -- 
2020-04-06_00:04:20 ModelSaveAndLogHandler INFO -- Epoch 34/49
2020-04-06_00:04:20 ModelSaveAndLogHandler INFO -- ----------
2020-04-06_00:13:57 ModelSaveAndLogHandler INFO -- train Loss: 1.1839 Acc: 0.5470
2020-04-06_00:14:41 ModelSaveAndLogHandler INFO -- val Loss: 1.1501 Acc: 0.6165
2020-04-06_00:14:41 ModelSaveAndLogHandler INFO -- Time taken is 621 seconds
2020-04-06_00:14:41 ModelSaveAndLogHandler INFO -- 
2020-04-06_00:14:41 ModelSaveAndLogHandler INFO -- Epoch 35/49
2020-04-06_00:14:41 ModelSaveAndLogHandler INFO -- ----------
2020-04-06_00:23:36 ModelSaveAndLogHandler INFO -- train Loss: 1.1745 Acc: 0.5726
2020-04-06_00:24:17 ModelSaveAndLogHandler INFO -- val Loss: 1.1747 Acc: 0.6316
2020-04-06_00:24:17 ModelSaveAndLogHandler INFO -- Time taken is 575 seconds
2020-04-06_00:24:17 ModelSaveAndLogHandler INFO -- 
2020-04-06_00:24:17 ModelSaveAndLogHandler INFO -- Epoch 36/49
2020-04-06_00:24:17 ModelSaveAndLogHandler INFO -- ----------
2020-04-06_00:33:10 ModelSaveAndLogHandler INFO -- train Loss: 1.1649 Acc: 0.5891
2020-04-06_00:33:57 ModelSaveAndLogHandler INFO -- val Loss: 1.1514 Acc: 0.6261
2020-04-06_00:33:57 ModelSaveAndLogHandler INFO -- Time taken is 579 seconds
2020-04-06_00:33:57 ModelSaveAndLogHandler INFO -- 
2020-04-06_00:33:57 ModelSaveAndLogHandler INFO -- Epoch 37/49
2020-04-06_00:33:57 ModelSaveAndLogHandler INFO -- ----------
2020-04-06_00:42:52 ModelSaveAndLogHandler INFO -- train Loss: 1.1690 Acc: 0.5696
2020-04-06_00:43:37 ModelSaveAndLogHandler INFO -- val Loss: 1.1564 Acc: 0.6416
2020-04-06_00:43:37 ModelSaveAndLogHandler INFO -- MODEL SAVED
2020-04-06_00:43:42 ModelSaveAndLogHandler INFO -- MODEL SAVED (MOBILE)
2020-04-06_00:43:42 ModelSaveAndLogHandler INFO -- Time taken is 584 seconds
2020-04-06_00:43:42 ModelSaveAndLogHandler INFO -- 
2020-04-06_00:43:42 ModelSaveAndLogHandler INFO -- Epoch 38/49
2020-04-06_00:43:42 ModelSaveAndLogHandler INFO -- ----------
2020-04-06_00:53:14 ModelSaveAndLogHandler INFO -- train Loss: 1.1610 Acc: 0.5776
2020-04-06_00:53:59 ModelSaveAndLogHandler INFO -- val Loss: 1.1604 Acc: 0.6401
2020-04-06_00:53:59 ModelSaveAndLogHandler INFO -- Time taken is 617 seconds
2020-04-06_00:53:59 ModelSaveAndLogHandler INFO -- 
2020-04-06_00:53:59 ModelSaveAndLogHandler INFO -- Epoch 39/49
2020-04-06_00:53:59 ModelSaveAndLogHandler INFO -- ----------
2020-04-06_01:02:59 ModelSaveAndLogHandler INFO -- train Loss: 1.1586 Acc: 0.5991
2020-04-06_01:03:43 ModelSaveAndLogHandler INFO -- val Loss: 1.1439 Acc: 0.6336
2020-04-06_01:03:43 ModelSaveAndLogHandler INFO -- Time taken is 583 seconds
2020-04-06_01:03:43 ModelSaveAndLogHandler INFO -- 
2020-04-06_01:03:43 ModelSaveAndLogHandler INFO -- Epoch 40/49
2020-04-06_01:03:43 ModelSaveAndLogHandler INFO -- ----------
2020-04-06_01:12:33 ModelSaveAndLogHandler INFO -- train Loss: 1.1745 Acc: 0.5816
2020-04-06_01:13:19 ModelSaveAndLogHandler INFO -- val Loss: 1.1546 Acc: 0.6170
2020-04-06_01:13:19 ModelSaveAndLogHandler INFO -- Time taken is 576 seconds
2020-04-06_01:13:19 ModelSaveAndLogHandler INFO -- 
2020-04-06_01:13:19 ModelSaveAndLogHandler INFO -- Epoch 41/49
2020-04-06_01:13:19 ModelSaveAndLogHandler INFO -- ----------
2020-04-06_01:22:13 ModelSaveAndLogHandler INFO -- train Loss: 1.1491 Acc: 0.5891
2020-04-06_01:22:58 ModelSaveAndLogHandler INFO -- val Loss: 1.1439 Acc: 0.6341
2020-04-06_01:22:58 ModelSaveAndLogHandler INFO -- Time taken is 579 seconds
2020-04-06_01:22:58 ModelSaveAndLogHandler INFO -- 
2020-04-06_01:22:58 ModelSaveAndLogHandler INFO -- Epoch 42/49
2020-04-06_01:22:58 ModelSaveAndLogHandler INFO -- ----------
2020-04-06_01:32:33 ModelSaveAndLogHandler INFO -- train Loss: 1.1591 Acc: 0.6146
2020-04-06_01:33:19 ModelSaveAndLogHandler INFO -- val Loss: 1.1564 Acc: 0.6376
2020-04-06_01:33:19 ModelSaveAndLogHandler INFO -- Time taken is 621 seconds
2020-04-06_01:33:19 ModelSaveAndLogHandler INFO -- 
2020-04-06_01:33:19 ModelSaveAndLogHandler INFO -- Epoch 43/49
2020-04-06_01:33:19 ModelSaveAndLogHandler INFO -- ----------
2020-04-06_01:42:22 ModelSaveAndLogHandler INFO -- train Loss: 1.1614 Acc: 0.5816
2020-04-06_01:43:04 ModelSaveAndLogHandler INFO -- val Loss: 1.1401 Acc: 0.6526
2020-04-06_01:43:05 ModelSaveAndLogHandler INFO -- MODEL SAVED
2020-04-06_01:43:09 ModelSaveAndLogHandler INFO -- MODEL SAVED (MOBILE)
2020-04-06_01:43:09 ModelSaveAndLogHandler INFO -- Time taken is 589 seconds
2020-04-06_01:43:09 ModelSaveAndLogHandler INFO -- 
2020-04-06_01:43:09 ModelSaveAndLogHandler INFO -- Epoch 44/49
2020-04-06_01:43:09 ModelSaveAndLogHandler INFO -- ----------
2020-04-06_01:52:13 ModelSaveAndLogHandler INFO -- train Loss: 1.1681 Acc: 0.5861
2020-04-06_01:53:01 ModelSaveAndLogHandler INFO -- val Loss: 1.1515 Acc: 0.6586
2020-04-06_01:53:01 ModelSaveAndLogHandler INFO -- MODEL SAVED
2020-04-06_01:53:06 ModelSaveAndLogHandler INFO -- MODEL SAVED (MOBILE)
2020-04-06_01:53:06 ModelSaveAndLogHandler INFO -- Time taken is 596 seconds
2020-04-06_01:53:06 ModelSaveAndLogHandler INFO -- 
2020-04-06_01:53:06 ModelSaveAndLogHandler INFO -- Epoch 45/49
2020-04-06_01:53:06 ModelSaveAndLogHandler INFO -- ----------
2020-04-06_02:02:11 ModelSaveAndLogHandler INFO -- train Loss: 1.1467 Acc: 0.6081
2020-04-06_02:02:59 ModelSaveAndLogHandler INFO -- val Loss: 1.1449 Acc: 0.6667
2020-04-06_02:03:00 ModelSaveAndLogHandler INFO -- MODEL SAVED
2020-04-06_02:03:04 ModelSaveAndLogHandler INFO -- MODEL SAVED (MOBILE)
2020-04-06_02:03:04 ModelSaveAndLogHandler INFO -- Time taken is 598 seconds
2020-04-06_02:03:04 ModelSaveAndLogHandler INFO -- 
2020-04-06_02:03:04 ModelSaveAndLogHandler INFO -- Epoch 46/49
2020-04-06_02:03:04 ModelSaveAndLogHandler INFO -- ----------
2020-04-06_02:12:40 ModelSaveAndLogHandler INFO -- train Loss: 1.1624 Acc: 0.5801
2020-04-06_02:13:22 ModelSaveAndLogHandler INFO -- val Loss: 1.1490 Acc: 0.6486
2020-04-06_02:13:22 ModelSaveAndLogHandler INFO -- Time taken is 618 seconds
2020-04-06_02:13:22 ModelSaveAndLogHandler INFO -- 
2020-04-06_02:13:22 ModelSaveAndLogHandler INFO -- Epoch 47/49
2020-04-06_02:13:22 ModelSaveAndLogHandler INFO -- ----------
2020-04-06_02:22:23 ModelSaveAndLogHandler INFO -- train Loss: 1.1527 Acc: 0.6021
2020-04-06_02:23:06 ModelSaveAndLogHandler INFO -- val Loss: 1.1545 Acc: 0.6607
2020-04-06_02:23:06 ModelSaveAndLogHandler INFO -- Time taken is 584 seconds
2020-04-06_02:23:06 ModelSaveAndLogHandler INFO -- 
2020-04-06_02:23:06 ModelSaveAndLogHandler INFO -- Epoch 48/49
2020-04-06_02:23:06 ModelSaveAndLogHandler INFO -- ----------
2020-04-06_02:32:13 ModelSaveAndLogHandler INFO -- train Loss: 1.1554 Acc: 0.6106
2020-04-06_02:33:03 ModelSaveAndLogHandler INFO -- val Loss: 1.1389 Acc: 0.6521
2020-04-06_02:33:03 ModelSaveAndLogHandler INFO -- Time taken is 596 seconds
2020-04-06_02:33:03 ModelSaveAndLogHandler INFO -- 
2020-04-06_02:33:03 ModelSaveAndLogHandler INFO -- Epoch 49/49
2020-04-06_02:33:03 ModelSaveAndLogHandler INFO -- ----------
2020-04-06_02:42:06 ModelSaveAndLogHandler INFO -- train Loss: 1.1575 Acc: 0.6066
2020-04-06_02:42:55 ModelSaveAndLogHandler INFO -- val Loss: 1.1416 Acc: 0.6571
2020-04-06_02:42:55 ModelSaveAndLogHandler INFO -- Time taken is 592 seconds
2020-04-06_02:42:55 ModelSaveAndLogHandler INFO -- 
2020-04-06_02:42:55 ModelSaveAndLogHandler INFO -- Training complete in 481m 29s
2020-04-06_02:42:55 ModelSaveAndLogHandler INFO -- Best val Acc: 0.666667
