2020-04-06_16:34:21 ModelSaveAndLogHandler INFO -- Encoder: D:\Desktop\projects\speaker_recognition_voxceleb1\output_data\models\contrastive_encoder\good_models\2020-04-05_18-41-27
2020-04-06_16:34:21 ModelSaveAndLogHandler INFO -- Epoch 0/99
2020-04-06_16:34:21 ModelSaveAndLogHandler INFO -- ----------
2020-04-06_16:35:27 ModelSaveAndLogHandler INFO -- train Loss: 0.6870 Acc: 0.5232
2020-04-06_16:35:40 ModelSaveAndLogHandler INFO -- val Loss: 0.6808 Acc: 0.5841
2020-04-06_16:35:40 ModelSaveAndLogHandler INFO -- MODEL SAVED
2020-04-06_16:35:44 ModelSaveAndLogHandler INFO -- MODEL SAVED (MOBILE)
2020-04-06_16:35:44 ModelSaveAndLogHandler INFO -- Time taken is 83 seconds
2020-04-06_16:35:44 ModelSaveAndLogHandler INFO -- 
2020-04-06_16:35:44 ModelSaveAndLogHandler INFO -- Epoch 1/99
2020-04-06_16:35:44 ModelSaveAndLogHandler INFO -- ----------
2020-04-06_16:36:54 ModelSaveAndLogHandler INFO -- train Loss: 0.6762 Acc: 0.6151
2020-04-06_16:37:06 ModelSaveAndLogHandler INFO -- val Loss: 0.6688 Acc: 0.6539
2020-04-06_16:37:06 ModelSaveAndLogHandler INFO -- MODEL SAVED
2020-04-06_16:37:11 ModelSaveAndLogHandler INFO -- MODEL SAVED (MOBILE)
2020-04-06_16:37:11 ModelSaveAndLogHandler INFO -- Time taken is 86 seconds
2020-04-06_16:37:11 ModelSaveAndLogHandler INFO -- 
2020-04-06_16:37:11 ModelSaveAndLogHandler INFO -- Epoch 2/99
2020-04-06_16:37:11 ModelSaveAndLogHandler INFO -- ----------
2020-04-06_16:38:21 ModelSaveAndLogHandler INFO -- train Loss: 0.6631 Acc: 0.6398
2020-04-06_16:38:33 ModelSaveAndLogHandler INFO -- val Loss: 0.6525 Acc: 0.6797
2020-04-06_16:38:33 ModelSaveAndLogHandler INFO -- MODEL SAVED
2020-04-06_16:38:38 ModelSaveAndLogHandler INFO -- MODEL SAVED (MOBILE)
2020-04-06_16:38:38 ModelSaveAndLogHandler INFO -- Time taken is 87 seconds
2020-04-06_16:38:38 ModelSaveAndLogHandler INFO -- 
2020-04-06_16:38:38 ModelSaveAndLogHandler INFO -- Epoch 3/99
2020-04-06_16:38:38 ModelSaveAndLogHandler INFO -- ----------
2020-04-06_16:39:45 ModelSaveAndLogHandler INFO -- train Loss: 0.6466 Acc: 0.6643
2020-04-06_16:39:58 ModelSaveAndLogHandler INFO -- val Loss: 0.6307 Acc: 0.6875
2020-04-06_16:39:58 ModelSaveAndLogHandler INFO -- MODEL SAVED
2020-04-06_16:40:02 ModelSaveAndLogHandler INFO -- MODEL SAVED (MOBILE)
2020-04-06_16:40:02 ModelSaveAndLogHandler INFO -- Time taken is 84 seconds
2020-04-06_16:40:02 ModelSaveAndLogHandler INFO -- 
2020-04-06_16:40:02 ModelSaveAndLogHandler INFO -- Epoch 4/99
2020-04-06_16:40:02 ModelSaveAndLogHandler INFO -- ----------
2020-04-06_16:41:09 ModelSaveAndLogHandler INFO -- train Loss: 0.6185 Acc: 0.6747
2020-04-06_16:41:21 ModelSaveAndLogHandler INFO -- val Loss: 0.6031 Acc: 0.6865
2020-04-06_16:41:21 ModelSaveAndLogHandler INFO -- Time taken is 79 seconds
2020-04-06_16:41:21 ModelSaveAndLogHandler INFO -- 
2020-04-06_16:41:21 ModelSaveAndLogHandler INFO -- Epoch 5/99
2020-04-06_16:41:21 ModelSaveAndLogHandler INFO -- ----------
2020-04-06_16:42:27 ModelSaveAndLogHandler INFO -- train Loss: 0.5948 Acc: 0.6786
2020-04-06_16:42:39 ModelSaveAndLogHandler INFO -- val Loss: 0.5729 Acc: 0.7208
2020-04-06_16:42:39 ModelSaveAndLogHandler INFO -- MODEL SAVED
2020-04-06_16:42:44 ModelSaveAndLogHandler INFO -- MODEL SAVED (MOBILE)
2020-04-06_16:42:44 ModelSaveAndLogHandler INFO -- Time taken is 82 seconds
2020-04-06_16:42:44 ModelSaveAndLogHandler INFO -- 
2020-04-06_16:42:44 ModelSaveAndLogHandler INFO -- Epoch 6/99
2020-04-06_16:42:44 ModelSaveAndLogHandler INFO -- ----------
2020-04-06_16:43:52 ModelSaveAndLogHandler INFO -- train Loss: 0.5649 Acc: 0.7148
2020-04-06_16:44:05 ModelSaveAndLogHandler INFO -- val Loss: 0.5434 Acc: 0.7594
2020-04-06_16:44:05 ModelSaveAndLogHandler INFO -- MODEL SAVED
2020-04-06_16:44:09 ModelSaveAndLogHandler INFO -- MODEL SAVED (MOBILE)
2020-04-06_16:44:09 ModelSaveAndLogHandler INFO -- Time taken is 85 seconds
2020-04-06_16:44:09 ModelSaveAndLogHandler INFO -- 
2020-04-06_16:44:09 ModelSaveAndLogHandler INFO -- Epoch 7/99
2020-04-06_16:44:09 ModelSaveAndLogHandler INFO -- ----------
2020-04-06_16:45:13 ModelSaveAndLogHandler INFO -- train Loss: 0.5334 Acc: 0.7521
2020-04-06_16:45:26 ModelSaveAndLogHandler INFO -- val Loss: 0.5167 Acc: 0.7557
2020-04-06_16:45:26 ModelSaveAndLogHandler INFO -- Time taken is 76 seconds
2020-04-06_16:45:26 ModelSaveAndLogHandler INFO -- 
2020-04-06_16:45:26 ModelSaveAndLogHandler INFO -- Epoch 8/99
2020-04-06_16:45:26 ModelSaveAndLogHandler INFO -- ----------
2020-04-06_16:46:32 ModelSaveAndLogHandler INFO -- train Loss: 0.5061 Acc: 0.7474
2020-04-06_16:46:45 ModelSaveAndLogHandler INFO -- val Loss: 0.4974 Acc: 0.7602
2020-04-06_16:46:45 ModelSaveAndLogHandler INFO -- MODEL SAVED
2020-04-06_16:46:49 ModelSaveAndLogHandler INFO -- MODEL SAVED (MOBILE)
2020-04-06_16:46:49 ModelSaveAndLogHandler INFO -- Time taken is 83 seconds
2020-04-06_16:46:49 ModelSaveAndLogHandler INFO -- 
2020-04-06_16:46:49 ModelSaveAndLogHandler INFO -- Epoch 9/99
2020-04-06_16:46:49 ModelSaveAndLogHandler INFO -- ----------
2020-04-06_16:47:52 ModelSaveAndLogHandler INFO -- train Loss: 0.4916 Acc: 0.7586
2020-04-06_16:48:05 ModelSaveAndLogHandler INFO -- val Loss: 0.4780 Acc: 0.7695
2020-04-06_16:48:05 ModelSaveAndLogHandler INFO -- MODEL SAVED
2020-04-06_16:48:10 ModelSaveAndLogHandler INFO -- MODEL SAVED (MOBILE)
2020-04-06_16:48:10 ModelSaveAndLogHandler INFO -- Time taken is 80 seconds
2020-04-06_16:48:10 ModelSaveAndLogHandler INFO -- 
2020-04-06_16:48:10 ModelSaveAndLogHandler INFO -- Epoch 10/99
2020-04-06_16:48:10 ModelSaveAndLogHandler INFO -- ----------
2020-04-06_16:49:13 ModelSaveAndLogHandler INFO -- train Loss: 0.4763 Acc: 0.7638
2020-04-06_16:49:26 ModelSaveAndLogHandler INFO -- val Loss: 0.4580 Acc: 0.7867
2020-04-06_16:49:26 ModelSaveAndLogHandler INFO -- MODEL SAVED
2020-04-06_16:49:30 ModelSaveAndLogHandler INFO -- MODEL SAVED (MOBILE)
2020-04-06_16:49:31 ModelSaveAndLogHandler INFO -- Time taken is 80 seconds
2020-04-06_16:49:31 ModelSaveAndLogHandler INFO -- 
2020-04-06_16:49:31 ModelSaveAndLogHandler INFO -- Epoch 11/99
2020-04-06_16:49:31 ModelSaveAndLogHandler INFO -- ----------
2020-04-06_16:50:36 ModelSaveAndLogHandler INFO -- train Loss: 0.4554 Acc: 0.7883
2020-04-06_16:50:49 ModelSaveAndLogHandler INFO -- val Loss: 0.4446 Acc: 0.7927
2020-04-06_16:50:49 ModelSaveAndLogHandler INFO -- MODEL SAVED
2020-04-06_16:50:53 ModelSaveAndLogHandler INFO -- MODEL SAVED (MOBILE)
2020-04-06_16:50:53 ModelSaveAndLogHandler INFO -- Time taken is 82 seconds
2020-04-06_16:50:53 ModelSaveAndLogHandler INFO -- 
2020-04-06_16:50:53 ModelSaveAndLogHandler INFO -- Epoch 12/99
2020-04-06_16:50:53 ModelSaveAndLogHandler INFO -- ----------
2020-04-06_16:51:55 ModelSaveAndLogHandler INFO -- train Loss: 0.4634 Acc: 0.7711
2020-04-06_16:52:08 ModelSaveAndLogHandler INFO -- val Loss: 0.4370 Acc: 0.7932
2020-04-06_16:52:08 ModelSaveAndLogHandler INFO -- MODEL SAVED
2020-04-06_16:52:13 ModelSaveAndLogHandler INFO -- MODEL SAVED (MOBILE)
2020-04-06_16:52:13 ModelSaveAndLogHandler INFO -- Time taken is 79 seconds
2020-04-06_16:52:13 ModelSaveAndLogHandler INFO -- 
2020-04-06_16:52:13 ModelSaveAndLogHandler INFO -- Epoch 13/99
2020-04-06_16:52:13 ModelSaveAndLogHandler INFO -- ----------
2020-04-06_16:53:15 ModelSaveAndLogHandler INFO -- train Loss: 0.4579 Acc: 0.7844
2020-04-06_16:53:28 ModelSaveAndLogHandler INFO -- val Loss: 0.4253 Acc: 0.7979
2020-04-06_16:53:28 ModelSaveAndLogHandler INFO -- MODEL SAVED
2020-04-06_16:53:33 ModelSaveAndLogHandler INFO -- MODEL SAVED (MOBILE)
2020-04-06_16:53:33 ModelSaveAndLogHandler INFO -- Time taken is 79 seconds
2020-04-06_16:53:33 ModelSaveAndLogHandler INFO -- 
2020-04-06_16:53:33 ModelSaveAndLogHandler INFO -- Epoch 14/99
2020-04-06_16:53:33 ModelSaveAndLogHandler INFO -- ----------
2020-04-06_16:54:37 ModelSaveAndLogHandler INFO -- train Loss: 0.4479 Acc: 0.7872
2020-04-06_16:54:49 ModelSaveAndLogHandler INFO -- val Loss: 0.4200 Acc: 0.8065
2020-04-06_16:54:49 ModelSaveAndLogHandler INFO -- MODEL SAVED
2020-04-06_16:54:54 ModelSaveAndLogHandler INFO -- MODEL SAVED (MOBILE)
2020-04-06_16:54:54 ModelSaveAndLogHandler INFO -- Time taken is 81 seconds
2020-04-06_16:54:54 ModelSaveAndLogHandler INFO -- 
2020-04-06_16:54:54 ModelSaveAndLogHandler INFO -- Epoch 15/99
2020-04-06_16:54:54 ModelSaveAndLogHandler INFO -- ----------
2020-04-06_16:56:00 ModelSaveAndLogHandler INFO -- train Loss: 0.4398 Acc: 0.7896
2020-04-06_16:56:13 ModelSaveAndLogHandler INFO -- val Loss: 0.4274 Acc: 0.8036
2020-04-06_16:56:13 ModelSaveAndLogHandler INFO -- Time taken is 78 seconds
2020-04-06_16:56:13 ModelSaveAndLogHandler INFO -- 
2020-04-06_16:56:13 ModelSaveAndLogHandler INFO -- Epoch 16/99
2020-04-06_16:56:13 ModelSaveAndLogHandler INFO -- ----------
2020-04-06_16:57:18 ModelSaveAndLogHandler INFO -- train Loss: 0.4395 Acc: 0.7904
2020-04-06_16:57:31 ModelSaveAndLogHandler INFO -- val Loss: 0.4451 Acc: 0.7935
2020-04-06_16:57:31 ModelSaveAndLogHandler INFO -- Time taken is 77 seconds
2020-04-06_16:57:31 ModelSaveAndLogHandler INFO -- 
2020-04-06_16:57:31 ModelSaveAndLogHandler INFO -- Epoch 17/99
2020-04-06_16:57:31 ModelSaveAndLogHandler INFO -- ----------
2020-04-06_16:58:33 ModelSaveAndLogHandler INFO -- train Loss: 0.4318 Acc: 0.7953
2020-04-06_16:58:46 ModelSaveAndLogHandler INFO -- val Loss: 0.4186 Acc: 0.8044
2020-04-06_16:58:46 ModelSaveAndLogHandler INFO -- Time taken is 75 seconds
2020-04-06_16:58:46 ModelSaveAndLogHandler INFO -- 
2020-04-06_16:58:46 ModelSaveAndLogHandler INFO -- Epoch 18/99
2020-04-06_16:58:46 ModelSaveAndLogHandler INFO -- ----------
2020-04-06_16:59:46 ModelSaveAndLogHandler INFO -- train Loss: 0.4239 Acc: 0.7966
2020-04-06_16:59:59 ModelSaveAndLogHandler INFO -- val Loss: 0.4129 Acc: 0.8034
2020-04-06_16:59:59 ModelSaveAndLogHandler INFO -- Time taken is 72 seconds
2020-04-06_16:59:59 ModelSaveAndLogHandler INFO -- 
2020-04-06_16:59:59 ModelSaveAndLogHandler INFO -- Epoch 19/99
2020-04-06_16:59:59 ModelSaveAndLogHandler INFO -- ----------
2020-04-06_17:00:57 ModelSaveAndLogHandler INFO -- train Loss: 0.4221 Acc: 0.7995
2020-04-06_17:01:10 ModelSaveAndLogHandler INFO -- val Loss: 0.4126 Acc: 0.8086
2020-04-06_17:01:10 ModelSaveAndLogHandler INFO -- MODEL SAVED
2020-04-06_17:01:14 ModelSaveAndLogHandler INFO -- MODEL SAVED (MOBILE)
2020-04-06_17:01:14 ModelSaveAndLogHandler INFO -- Time taken is 75 seconds
2020-04-06_17:01:14 ModelSaveAndLogHandler INFO -- 
2020-04-06_17:01:14 ModelSaveAndLogHandler INFO -- Epoch 20/99
2020-04-06_17:01:14 ModelSaveAndLogHandler INFO -- ----------
2020-04-06_17:02:15 ModelSaveAndLogHandler INFO -- train Loss: 0.4317 Acc: 0.7966
2020-04-06_17:02:28 ModelSaveAndLogHandler INFO -- val Loss: 0.4137 Acc: 0.8078
2020-04-06_17:02:28 ModelSaveAndLogHandler INFO -- Time taken is 73 seconds
2020-04-06_17:02:28 ModelSaveAndLogHandler INFO -- 
2020-04-06_17:02:28 ModelSaveAndLogHandler INFO -- Epoch 21/99
2020-04-06_17:02:28 ModelSaveAndLogHandler INFO -- ----------
2020-04-06_17:03:28 ModelSaveAndLogHandler INFO -- train Loss: 0.4239 Acc: 0.7987
2020-04-06_17:03:41 ModelSaveAndLogHandler INFO -- val Loss: 0.4115 Acc: 0.8010
2020-04-06_17:03:41 ModelSaveAndLogHandler INFO -- Time taken is 73 seconds
2020-04-06_17:03:41 ModelSaveAndLogHandler INFO -- 
2020-04-06_17:03:41 ModelSaveAndLogHandler INFO -- Epoch 22/99
2020-04-06_17:03:41 ModelSaveAndLogHandler INFO -- ----------
2020-04-06_17:04:43 ModelSaveAndLogHandler INFO -- train Loss: 0.4465 Acc: 0.7776
2020-04-06_17:04:55 ModelSaveAndLogHandler INFO -- val Loss: 0.4086 Acc: 0.8089
2020-04-06_17:04:56 ModelSaveAndLogHandler INFO -- MODEL SAVED
2020-04-06_17:05:00 ModelSaveAndLogHandler INFO -- MODEL SAVED (MOBILE)
2020-04-06_17:05:00 ModelSaveAndLogHandler INFO -- Time taken is 79 seconds
2020-04-06_17:05:00 ModelSaveAndLogHandler INFO -- 
2020-04-06_17:05:00 ModelSaveAndLogHandler INFO -- Epoch 23/99
2020-04-06_17:05:00 ModelSaveAndLogHandler INFO -- ----------
2020-04-06_17:06:03 ModelSaveAndLogHandler INFO -- train Loss: 0.4307 Acc: 0.8018
2020-04-06_17:06:16 ModelSaveAndLogHandler INFO -- val Loss: 0.4169 Acc: 0.8086
2020-04-06_17:06:16 ModelSaveAndLogHandler INFO -- Time taken is 75 seconds
2020-04-06_17:06:16 ModelSaveAndLogHandler INFO -- 
2020-04-06_17:06:16 ModelSaveAndLogHandler INFO -- Epoch 24/99
2020-04-06_17:06:16 ModelSaveAndLogHandler INFO -- ----------
2020-04-06_17:07:18 ModelSaveAndLogHandler INFO -- train Loss: 0.4154 Acc: 0.8034
2020-04-06_17:07:31 ModelSaveAndLogHandler INFO -- val Loss: 0.4079 Acc: 0.8060
2020-04-06_17:07:31 ModelSaveAndLogHandler INFO -- Time taken is 75 seconds
2020-04-06_17:07:31 ModelSaveAndLogHandler INFO -- 
2020-04-06_17:07:31 ModelSaveAndLogHandler INFO -- Epoch 25/99
2020-04-06_17:07:31 ModelSaveAndLogHandler INFO -- ----------
2020-04-06_17:08:34 ModelSaveAndLogHandler INFO -- train Loss: 0.4353 Acc: 0.7891
2020-04-06_17:08:47 ModelSaveAndLogHandler INFO -- val Loss: 0.4078 Acc: 0.8057
2020-04-06_17:08:47 ModelSaveAndLogHandler INFO -- Time taken is 76 seconds
2020-04-06_17:08:47 ModelSaveAndLogHandler INFO -- 
2020-04-06_17:08:47 ModelSaveAndLogHandler INFO -- Epoch 26/99
2020-04-06_17:08:47 ModelSaveAndLogHandler INFO -- ----------
2020-04-06_17:09:49 ModelSaveAndLogHandler INFO -- train Loss: 0.4347 Acc: 0.7859
2020-04-06_17:10:02 ModelSaveAndLogHandler INFO -- val Loss: 0.4104 Acc: 0.8031
2020-04-06_17:10:02 ModelSaveAndLogHandler INFO -- Time taken is 75 seconds
2020-04-06_17:10:02 ModelSaveAndLogHandler INFO -- 
2020-04-06_17:10:02 ModelSaveAndLogHandler INFO -- Epoch 27/99
2020-04-06_17:10:02 ModelSaveAndLogHandler INFO -- ----------
2020-04-06_17:11:04 ModelSaveAndLogHandler INFO -- train Loss: 0.4463 Acc: 0.7878
2020-04-06_17:11:16 ModelSaveAndLogHandler INFO -- val Loss: 0.4211 Acc: 0.8081
2020-04-06_17:11:16 ModelSaveAndLogHandler INFO -- Time taken is 74 seconds
2020-04-06_17:11:16 ModelSaveAndLogHandler INFO -- 
2020-04-06_17:11:16 ModelSaveAndLogHandler INFO -- Epoch 28/99
2020-04-06_17:11:16 ModelSaveAndLogHandler INFO -- ----------
2020-04-06_17:12:21 ModelSaveAndLogHandler INFO -- train Loss: 0.4289 Acc: 0.7898
2020-04-06_17:12:34 ModelSaveAndLogHandler INFO -- val Loss: 0.4069 Acc: 0.8060
2020-04-06_17:12:34 ModelSaveAndLogHandler INFO -- Time taken is 77 seconds
2020-04-06_17:12:34 ModelSaveAndLogHandler INFO -- 
2020-04-06_17:12:34 ModelSaveAndLogHandler INFO -- Epoch 29/99
2020-04-06_17:12:34 ModelSaveAndLogHandler INFO -- ----------
2020-04-06_17:13:37 ModelSaveAndLogHandler INFO -- train Loss: 0.4231 Acc: 0.7937
2020-04-06_17:13:49 ModelSaveAndLogHandler INFO -- val Loss: 0.4085 Acc: 0.8109
2020-04-06_17:13:49 ModelSaveAndLogHandler INFO -- MODEL SAVED
2020-04-06_17:13:54 ModelSaveAndLogHandler INFO -- MODEL SAVED (MOBILE)
2020-04-06_17:13:54 ModelSaveAndLogHandler INFO -- Time taken is 80 seconds
2020-04-06_17:13:54 ModelSaveAndLogHandler INFO -- 
2020-04-06_17:13:54 ModelSaveAndLogHandler INFO -- Epoch 30/99
2020-04-06_17:13:54 ModelSaveAndLogHandler INFO -- ----------
2020-04-06_17:14:55 ModelSaveAndLogHandler INFO -- train Loss: 0.4028 Acc: 0.8172
2020-04-06_17:15:08 ModelSaveAndLogHandler INFO -- val Loss: 0.4058 Acc: 0.8081
2020-04-06_17:15:08 ModelSaveAndLogHandler INFO -- Time taken is 73 seconds
2020-04-06_17:15:08 ModelSaveAndLogHandler INFO -- 
2020-04-06_17:15:08 ModelSaveAndLogHandler INFO -- Epoch 31/99
2020-04-06_17:15:08 ModelSaveAndLogHandler INFO -- ----------
2020-04-06_17:16:13 ModelSaveAndLogHandler INFO -- train Loss: 0.4150 Acc: 0.8078
2020-04-06_17:16:25 ModelSaveAndLogHandler INFO -- val Loss: 0.4063 Acc: 0.8091
2020-04-06_17:16:25 ModelSaveAndLogHandler INFO -- Time taken is 77 seconds
2020-04-06_17:16:25 ModelSaveAndLogHandler INFO -- 
2020-04-06_17:16:25 ModelSaveAndLogHandler INFO -- Epoch 32/99
2020-04-06_17:16:25 ModelSaveAndLogHandler INFO -- ----------
2020-04-06_17:17:29 ModelSaveAndLogHandler INFO -- train Loss: 0.4223 Acc: 0.7984
2020-04-06_17:17:41 ModelSaveAndLogHandler INFO -- val Loss: 0.4126 Acc: 0.8096
2020-04-06_17:17:41 ModelSaveAndLogHandler INFO -- Time taken is 75 seconds
2020-04-06_17:17:41 ModelSaveAndLogHandler INFO -- 
2020-04-06_17:17:41 ModelSaveAndLogHandler INFO -- Epoch 33/99
2020-04-06_17:17:41 ModelSaveAndLogHandler INFO -- ----------
2020-04-06_17:18:46 ModelSaveAndLogHandler INFO -- train Loss: 0.4155 Acc: 0.8063
2020-04-06_17:18:59 ModelSaveAndLogHandler INFO -- val Loss: 0.4080 Acc: 0.8047
2020-04-06_17:18:59 ModelSaveAndLogHandler INFO -- Time taken is 77 seconds
2020-04-06_17:18:59 ModelSaveAndLogHandler INFO -- 
2020-04-06_17:18:59 ModelSaveAndLogHandler INFO -- Epoch 34/99
2020-04-06_17:18:59 ModelSaveAndLogHandler INFO -- ----------
2020-04-06_17:20:00 ModelSaveAndLogHandler INFO -- train Loss: 0.4178 Acc: 0.7979
2020-04-06_17:20:13 ModelSaveAndLogHandler INFO -- val Loss: 0.4150 Acc: 0.8081
2020-04-06_17:20:13 ModelSaveAndLogHandler INFO -- Time taken is 74 seconds
2020-04-06_17:20:13 ModelSaveAndLogHandler INFO -- 
2020-04-06_17:20:13 ModelSaveAndLogHandler INFO -- Epoch 35/99
2020-04-06_17:20:13 ModelSaveAndLogHandler INFO -- ----------
2020-04-06_17:21:19 ModelSaveAndLogHandler INFO -- train Loss: 0.4206 Acc: 0.8078
2020-04-06_17:21:31 ModelSaveAndLogHandler INFO -- val Loss: 0.4053 Acc: 0.8081
2020-04-06_17:21:31 ModelSaveAndLogHandler INFO -- Time taken is 78 seconds
2020-04-06_17:21:31 ModelSaveAndLogHandler INFO -- 
2020-04-06_17:21:31 ModelSaveAndLogHandler INFO -- Epoch 36/99
2020-04-06_17:21:31 ModelSaveAndLogHandler INFO -- ----------
2020-04-06_17:22:33 ModelSaveAndLogHandler INFO -- train Loss: 0.4065 Acc: 0.8104
2020-04-06_17:22:46 ModelSaveAndLogHandler INFO -- val Loss: 0.4062 Acc: 0.8034
2020-04-06_17:22:46 ModelSaveAndLogHandler INFO -- Time taken is 74 seconds
2020-04-06_17:22:46 ModelSaveAndLogHandler INFO -- 
2020-04-06_17:22:46 ModelSaveAndLogHandler INFO -- Epoch 37/99
2020-04-06_17:22:46 ModelSaveAndLogHandler INFO -- ----------
2020-04-06_17:23:49 ModelSaveAndLogHandler INFO -- train Loss: 0.4233 Acc: 0.7979
2020-04-06_17:24:02 ModelSaveAndLogHandler INFO -- val Loss: 0.4081 Acc: 0.8047
2020-04-06_17:24:02 ModelSaveAndLogHandler INFO -- Time taken is 75 seconds
2020-04-06_17:24:02 ModelSaveAndLogHandler INFO -- 
2020-04-06_17:24:02 ModelSaveAndLogHandler INFO -- Epoch 38/99
2020-04-06_17:24:02 ModelSaveAndLogHandler INFO -- ----------
2020-04-06_17:25:05 ModelSaveAndLogHandler INFO -- train Loss: 0.4078 Acc: 0.8055
2020-04-06_17:25:17 ModelSaveAndLogHandler INFO -- val Loss: 0.4046 Acc: 0.8081
2020-04-06_17:25:17 ModelSaveAndLogHandler INFO -- Time taken is 75 seconds
2020-04-06_17:25:17 ModelSaveAndLogHandler INFO -- 
2020-04-06_17:25:17 ModelSaveAndLogHandler INFO -- Epoch 39/99
2020-04-06_17:25:17 ModelSaveAndLogHandler INFO -- ----------
2020-04-06_17:26:18 ModelSaveAndLogHandler INFO -- train Loss: 0.4118 Acc: 0.8023
2020-04-06_17:26:30 ModelSaveAndLogHandler INFO -- val Loss: 0.4043 Acc: 0.8073
2020-04-06_17:26:30 ModelSaveAndLogHandler INFO -- Time taken is 72 seconds
2020-04-06_17:26:30 ModelSaveAndLogHandler INFO -- 
2020-04-06_17:26:30 ModelSaveAndLogHandler INFO -- Epoch 40/99
2020-04-06_17:26:30 ModelSaveAndLogHandler INFO -- ----------
2020-04-06_17:27:33 ModelSaveAndLogHandler INFO -- train Loss: 0.4363 Acc: 0.7898
2020-04-06_17:27:45 ModelSaveAndLogHandler INFO -- val Loss: 0.4191 Acc: 0.8023
2020-04-06_17:27:45 ModelSaveAndLogHandler INFO -- Time taken is 75 seconds
2020-04-06_17:27:45 ModelSaveAndLogHandler INFO -- 
2020-04-06_17:27:45 ModelSaveAndLogHandler INFO -- Epoch 41/99
2020-04-06_17:27:45 ModelSaveAndLogHandler INFO -- ----------
2020-04-06_17:28:50 ModelSaveAndLogHandler INFO -- train Loss: 0.4382 Acc: 0.7922
2020-04-06_17:29:03 ModelSaveAndLogHandler INFO -- val Loss: 0.4052 Acc: 0.8057
2020-04-06_17:29:03 ModelSaveAndLogHandler INFO -- Time taken is 77 seconds
2020-04-06_17:29:03 ModelSaveAndLogHandler INFO -- 
2020-04-06_17:29:03 ModelSaveAndLogHandler INFO -- Epoch 42/99
2020-04-06_17:29:03 ModelSaveAndLogHandler INFO -- ----------
2020-04-06_17:30:08 ModelSaveAndLogHandler INFO -- train Loss: 0.4127 Acc: 0.8117
2020-04-06_17:30:21 ModelSaveAndLogHandler INFO -- val Loss: 0.4058 Acc: 0.8060
2020-04-06_17:30:21 ModelSaveAndLogHandler INFO -- Time taken is 77 seconds
2020-04-06_17:30:21 ModelSaveAndLogHandler INFO -- 
2020-04-06_17:30:21 ModelSaveAndLogHandler INFO -- Epoch 43/99
2020-04-06_17:30:21 ModelSaveAndLogHandler INFO -- ----------
2020-04-06_17:31:26 ModelSaveAndLogHandler INFO -- train Loss: 0.4432 Acc: 0.7888
2020-04-06_17:31:38 ModelSaveAndLogHandler INFO -- val Loss: 0.4062 Acc: 0.8081
2020-04-06_17:31:38 ModelSaveAndLogHandler INFO -- Time taken is 77 seconds
2020-04-06_17:31:38 ModelSaveAndLogHandler INFO -- 
2020-04-06_17:31:38 ModelSaveAndLogHandler INFO -- Epoch 44/99
2020-04-06_17:31:38 ModelSaveAndLogHandler INFO -- ----------
2020-04-06_17:32:43 ModelSaveAndLogHandler INFO -- train Loss: 0.4308 Acc: 0.7956
2020-04-06_17:32:56 ModelSaveAndLogHandler INFO -- val Loss: 0.4095 Acc: 0.8055
2020-04-06_17:32:56 ModelSaveAndLogHandler INFO -- Time taken is 77 seconds
2020-04-06_17:32:56 ModelSaveAndLogHandler INFO -- 
2020-04-06_17:32:56 ModelSaveAndLogHandler INFO -- Epoch 45/99
2020-04-06_17:32:56 ModelSaveAndLogHandler INFO -- ----------
2020-04-06_17:33:59 ModelSaveAndLogHandler INFO -- train Loss: 0.4105 Acc: 0.7971
2020-04-06_17:34:12 ModelSaveAndLogHandler INFO -- val Loss: 0.4037 Acc: 0.8070
2020-04-06_17:34:12 ModelSaveAndLogHandler INFO -- Time taken is 76 seconds
2020-04-06_17:34:12 ModelSaveAndLogHandler INFO -- 
2020-04-06_17:34:12 ModelSaveAndLogHandler INFO -- Epoch 46/99
2020-04-06_17:34:12 ModelSaveAndLogHandler INFO -- ----------
2020-04-06_17:35:17 ModelSaveAndLogHandler INFO -- train Loss: 0.4281 Acc: 0.7935
2020-04-06_17:35:30 ModelSaveAndLogHandler INFO -- val Loss: 0.4021 Acc: 0.8094
2020-04-06_17:35:30 ModelSaveAndLogHandler INFO -- Time taken is 77 seconds
2020-04-06_17:35:30 ModelSaveAndLogHandler INFO -- 
2020-04-06_17:35:30 ModelSaveAndLogHandler INFO -- Epoch 47/99
2020-04-06_17:35:30 ModelSaveAndLogHandler INFO -- ----------
2020-04-06_17:36:34 ModelSaveAndLogHandler INFO -- train Loss: 0.3992 Acc: 0.8146
2020-04-06_17:36:47 ModelSaveAndLogHandler INFO -- val Loss: 0.4051 Acc: 0.8073
2020-04-06_17:36:47 ModelSaveAndLogHandler INFO -- Time taken is 76 seconds
2020-04-06_17:36:47 ModelSaveAndLogHandler INFO -- 
2020-04-06_17:36:47 ModelSaveAndLogHandler INFO -- Epoch 48/99
2020-04-06_17:36:47 ModelSaveAndLogHandler INFO -- ----------
2020-04-06_17:37:53 ModelSaveAndLogHandler INFO -- train Loss: 0.4352 Acc: 0.7914
2020-04-06_17:38:06 ModelSaveAndLogHandler INFO -- val Loss: 0.4038 Acc: 0.8065
2020-04-06_17:38:06 ModelSaveAndLogHandler INFO -- Time taken is 79 seconds
2020-04-06_17:38:06 ModelSaveAndLogHandler INFO -- 
2020-04-06_17:38:06 ModelSaveAndLogHandler INFO -- Epoch 49/99
2020-04-06_17:38:06 ModelSaveAndLogHandler INFO -- ----------
2020-04-06_17:39:13 ModelSaveAndLogHandler INFO -- train Loss: 0.4055 Acc: 0.8057
2020-04-06_17:39:25 ModelSaveAndLogHandler INFO -- val Loss: 0.4051 Acc: 0.8052
2020-04-06_17:39:25 ModelSaveAndLogHandler INFO -- Time taken is 79 seconds
2020-04-06_17:39:25 ModelSaveAndLogHandler INFO -- 
2020-04-06_17:39:25 ModelSaveAndLogHandler INFO -- Epoch 50/99
2020-04-06_17:39:25 ModelSaveAndLogHandler INFO -- ----------
2020-04-06_17:40:32 ModelSaveAndLogHandler INFO -- train Loss: 0.4349 Acc: 0.7997
2020-04-06_17:40:45 ModelSaveAndLogHandler INFO -- val Loss: 0.4042 Acc: 0.8047
2020-04-06_17:40:45 ModelSaveAndLogHandler INFO -- Time taken is 79 seconds
2020-04-06_17:40:45 ModelSaveAndLogHandler INFO -- 
2020-04-06_17:40:45 ModelSaveAndLogHandler INFO -- Epoch 51/99
2020-04-06_17:40:45 ModelSaveAndLogHandler INFO -- ----------
2020-04-06_17:41:50 ModelSaveAndLogHandler INFO -- train Loss: 0.4220 Acc: 0.7995
2020-04-06_17:42:03 ModelSaveAndLogHandler INFO -- val Loss: 0.4039 Acc: 0.8068
2020-04-06_17:42:03 ModelSaveAndLogHandler INFO -- Time taken is 78 seconds
2020-04-06_17:42:03 ModelSaveAndLogHandler INFO -- 
2020-04-06_17:42:03 ModelSaveAndLogHandler INFO -- Epoch 52/99
2020-04-06_17:42:03 ModelSaveAndLogHandler INFO -- ----------
2020-04-06_17:43:10 ModelSaveAndLogHandler INFO -- train Loss: 0.4273 Acc: 0.7930
2020-04-06_17:43:22 ModelSaveAndLogHandler INFO -- val Loss: 0.4080 Acc: 0.8094
2020-04-06_17:43:22 ModelSaveAndLogHandler INFO -- Time taken is 79 seconds
2020-04-06_17:43:22 ModelSaveAndLogHandler INFO -- 
2020-04-06_17:43:22 ModelSaveAndLogHandler INFO -- Epoch 53/99
2020-04-06_17:43:22 ModelSaveAndLogHandler INFO -- ----------
2020-04-06_17:44:25 ModelSaveAndLogHandler INFO -- train Loss: 0.4304 Acc: 0.7901
2020-04-06_17:44:37 ModelSaveAndLogHandler INFO -- val Loss: 0.4056 Acc: 0.8065
2020-04-06_17:44:37 ModelSaveAndLogHandler INFO -- Time taken is 75 seconds
2020-04-06_17:44:37 ModelSaveAndLogHandler INFO -- 
2020-04-06_17:44:37 ModelSaveAndLogHandler INFO -- Epoch 54/99
2020-04-06_17:44:37 ModelSaveAndLogHandler INFO -- ----------
2020-04-06_17:45:43 ModelSaveAndLogHandler INFO -- train Loss: 0.4381 Acc: 0.7883
2020-04-06_17:45:55 ModelSaveAndLogHandler INFO -- val Loss: 0.4050 Acc: 0.8044
2020-04-06_17:45:55 ModelSaveAndLogHandler INFO -- Time taken is 78 seconds
2020-04-06_17:45:55 ModelSaveAndLogHandler INFO -- 
2020-04-06_17:45:55 ModelSaveAndLogHandler INFO -- Epoch 55/99
2020-04-06_17:45:55 ModelSaveAndLogHandler INFO -- ----------
2020-04-06_17:47:00 ModelSaveAndLogHandler INFO -- train Loss: 0.4370 Acc: 0.7911
2020-04-06_17:47:13 ModelSaveAndLogHandler INFO -- val Loss: 0.4133 Acc: 0.8052
2020-04-06_17:47:13 ModelSaveAndLogHandler INFO -- Time taken is 77 seconds
2020-04-06_17:47:13 ModelSaveAndLogHandler INFO -- 
2020-04-06_17:47:13 ModelSaveAndLogHandler INFO -- Epoch 56/99
2020-04-06_17:47:13 ModelSaveAndLogHandler INFO -- ----------
2020-04-06_17:48:19 ModelSaveAndLogHandler INFO -- train Loss: 0.4280 Acc: 0.7982
2020-04-06_17:48:31 ModelSaveAndLogHandler INFO -- val Loss: 0.4096 Acc: 0.8036
2020-04-06_17:48:31 ModelSaveAndLogHandler INFO -- Time taken is 78 seconds
2020-04-06_17:48:31 ModelSaveAndLogHandler INFO -- 
2020-04-06_17:48:31 ModelSaveAndLogHandler INFO -- Epoch 57/99
2020-04-06_17:48:31 ModelSaveAndLogHandler INFO -- ----------
2020-04-06_17:49:34 ModelSaveAndLogHandler INFO -- train Loss: 0.4220 Acc: 0.7997
2020-04-06_17:49:47 ModelSaveAndLogHandler INFO -- val Loss: 0.4041 Acc: 0.8086
2020-04-06_17:49:47 ModelSaveAndLogHandler INFO -- Time taken is 75 seconds
2020-04-06_17:49:47 ModelSaveAndLogHandler INFO -- 
2020-04-06_17:49:47 ModelSaveAndLogHandler INFO -- Epoch 58/99
2020-04-06_17:49:47 ModelSaveAndLogHandler INFO -- ----------
2020-04-06_17:50:53 ModelSaveAndLogHandler INFO -- train Loss: 0.4294 Acc: 0.7927
2020-04-06_17:51:05 ModelSaveAndLogHandler INFO -- val Loss: 0.4054 Acc: 0.8076
2020-04-06_17:51:05 ModelSaveAndLogHandler INFO -- Time taken is 78 seconds
2020-04-06_17:51:05 ModelSaveAndLogHandler INFO -- 
2020-04-06_17:51:05 ModelSaveAndLogHandler INFO -- Epoch 59/99
2020-04-06_17:51:05 ModelSaveAndLogHandler INFO -- ----------
2020-04-06_17:52:25 ModelSaveAndLogHandler INFO -- train Loss: 0.4387 Acc: 0.7891
2020-04-06_17:52:38 ModelSaveAndLogHandler INFO -- val Loss: 0.4056 Acc: 0.8055
2020-04-06_17:52:38 ModelSaveAndLogHandler INFO -- Time taken is 92 seconds
2020-04-06_17:52:38 ModelSaveAndLogHandler INFO -- 
2020-04-06_17:52:38 ModelSaveAndLogHandler INFO -- Epoch 60/99
2020-04-06_17:52:38 ModelSaveAndLogHandler INFO -- ----------
2020-04-06_17:53:55 ModelSaveAndLogHandler INFO -- train Loss: 0.4056 Acc: 0.8091
2020-04-06_17:54:09 ModelSaveAndLogHandler INFO -- val Loss: 0.4058 Acc: 0.8039
2020-04-06_17:54:09 ModelSaveAndLogHandler INFO -- Time taken is 90 seconds
2020-04-06_17:54:09 ModelSaveAndLogHandler INFO -- 
2020-04-06_17:54:09 ModelSaveAndLogHandler INFO -- Epoch 61/99
2020-04-06_17:54:09 ModelSaveAndLogHandler INFO -- ----------
2020-04-06_17:55:27 ModelSaveAndLogHandler INFO -- train Loss: 0.4089 Acc: 0.8138
2020-04-06_17:55:40 ModelSaveAndLogHandler INFO -- val Loss: 0.4043 Acc: 0.8094
2020-04-06_17:55:40 ModelSaveAndLogHandler INFO -- Time taken is 91 seconds
2020-04-06_17:55:40 ModelSaveAndLogHandler INFO -- 
2020-04-06_17:55:40 ModelSaveAndLogHandler INFO -- Epoch 62/99
2020-04-06_17:55:40 ModelSaveAndLogHandler INFO -- ----------
2020-04-06_17:56:56 ModelSaveAndLogHandler INFO -- train Loss: 0.4074 Acc: 0.8057
2020-04-06_17:57:09 ModelSaveAndLogHandler INFO -- val Loss: 0.3987 Acc: 0.8096
2020-04-06_17:57:09 ModelSaveAndLogHandler INFO -- Time taken is 89 seconds
2020-04-06_17:57:09 ModelSaveAndLogHandler INFO -- 
2020-04-06_17:57:09 ModelSaveAndLogHandler INFO -- Epoch 63/99
2020-04-06_17:57:09 ModelSaveAndLogHandler INFO -- ----------
2020-04-06_17:58:25 ModelSaveAndLogHandler INFO -- train Loss: 0.4264 Acc: 0.7992
2020-04-06_17:58:38 ModelSaveAndLogHandler INFO -- val Loss: 0.4063 Acc: 0.8063
2020-04-06_17:58:38 ModelSaveAndLogHandler INFO -- Time taken is 88 seconds
2020-04-06_17:58:38 ModelSaveAndLogHandler INFO -- 
2020-04-06_17:58:38 ModelSaveAndLogHandler INFO -- Epoch 64/99
2020-04-06_17:58:38 ModelSaveAndLogHandler INFO -- ----------
2020-04-06_17:59:54 ModelSaveAndLogHandler INFO -- train Loss: 0.4072 Acc: 0.8026
2020-04-06_18:00:07 ModelSaveAndLogHandler INFO -- val Loss: 0.4066 Acc: 0.8073
2020-04-06_18:00:07 ModelSaveAndLogHandler INFO -- Time taken is 89 seconds
2020-04-06_18:00:07 ModelSaveAndLogHandler INFO -- 
2020-04-06_18:00:07 ModelSaveAndLogHandler INFO -- Epoch 65/99
2020-04-06_18:00:07 ModelSaveAndLogHandler INFO -- ----------
2020-04-06_18:01:17 ModelSaveAndLogHandler INFO -- train Loss: 0.4279 Acc: 0.7937
2020-04-06_18:01:30 ModelSaveAndLogHandler INFO -- val Loss: 0.4039 Acc: 0.8026
2020-04-06_18:01:30 ModelSaveAndLogHandler INFO -- Time taken is 82 seconds
2020-04-06_18:01:30 ModelSaveAndLogHandler INFO -- 
2020-04-06_18:01:30 ModelSaveAndLogHandler INFO -- Epoch 66/99
2020-04-06_18:01:30 ModelSaveAndLogHandler INFO -- ----------
2020-04-06_18:02:47 ModelSaveAndLogHandler INFO -- train Loss: 0.4265 Acc: 0.8003
2020-04-06_18:03:00 ModelSaveAndLogHandler INFO -- val Loss: 0.4042 Acc: 0.8060
2020-04-06_18:03:00 ModelSaveAndLogHandler INFO -- Time taken is 90 seconds
2020-04-06_18:03:00 ModelSaveAndLogHandler INFO -- 
2020-04-06_18:03:00 ModelSaveAndLogHandler INFO -- Epoch 67/99
2020-04-06_18:03:00 ModelSaveAndLogHandler INFO -- ----------
2020-04-06_18:04:19 ModelSaveAndLogHandler INFO -- train Loss: 0.4289 Acc: 0.7930
2020-04-06_18:04:31 ModelSaveAndLogHandler INFO -- val Loss: 0.4049 Acc: 0.8081
2020-04-06_18:04:31 ModelSaveAndLogHandler INFO -- Time taken is 91 seconds
2020-04-06_18:04:31 ModelSaveAndLogHandler INFO -- 
2020-04-06_18:04:31 ModelSaveAndLogHandler INFO -- Epoch 68/99
2020-04-06_18:04:31 ModelSaveAndLogHandler INFO -- ----------
2020-04-06_18:05:51 ModelSaveAndLogHandler INFO -- train Loss: 0.4334 Acc: 0.7935
2020-04-06_18:06:03 ModelSaveAndLogHandler INFO -- val Loss: 0.4070 Acc: 0.8070
2020-04-06_18:06:03 ModelSaveAndLogHandler INFO -- Time taken is 91 seconds
2020-04-06_18:06:03 ModelSaveAndLogHandler INFO -- 
2020-04-06_18:06:03 ModelSaveAndLogHandler INFO -- Epoch 69/99
2020-04-06_18:06:03 ModelSaveAndLogHandler INFO -- ----------
2020-04-06_18:07:19 ModelSaveAndLogHandler INFO -- train Loss: 0.4345 Acc: 0.7906
2020-04-06_18:07:32 ModelSaveAndLogHandler INFO -- val Loss: 0.4060 Acc: 0.8036
2020-04-06_18:07:32 ModelSaveAndLogHandler INFO -- Time taken is 88 seconds
2020-04-06_18:07:32 ModelSaveAndLogHandler INFO -- 
2020-04-06_18:07:32 ModelSaveAndLogHandler INFO -- Epoch 70/99
2020-04-06_18:07:32 ModelSaveAndLogHandler INFO -- ----------
2020-04-06_18:08:51 ModelSaveAndLogHandler INFO -- train Loss: 0.4238 Acc: 0.7958
2020-04-06_18:09:03 ModelSaveAndLogHandler INFO -- val Loss: 0.4242 Acc: 0.7995
2020-04-06_18:09:03 ModelSaveAndLogHandler INFO -- Time taken is 91 seconds
2020-04-06_18:09:03 ModelSaveAndLogHandler INFO -- 
2020-04-06_18:09:03 ModelSaveAndLogHandler INFO -- Epoch 71/99
2020-04-06_18:09:03 ModelSaveAndLogHandler INFO -- ----------
2020-04-06_18:10:18 ModelSaveAndLogHandler INFO -- train Loss: 0.4066 Acc: 0.8055
2020-04-06_18:10:31 ModelSaveAndLogHandler INFO -- val Loss: 0.4007 Acc: 0.8102
2020-04-06_18:10:31 ModelSaveAndLogHandler INFO -- Time taken is 87 seconds
2020-04-06_18:10:31 ModelSaveAndLogHandler INFO -- 
2020-04-06_18:10:31 ModelSaveAndLogHandler INFO -- Epoch 72/99
2020-04-06_18:10:31 ModelSaveAndLogHandler INFO -- ----------
2020-04-06_18:11:45 ModelSaveAndLogHandler INFO -- train Loss: 0.4320 Acc: 0.7987
2020-04-06_18:11:57 ModelSaveAndLogHandler INFO -- val Loss: 0.4063 Acc: 0.8068
2020-04-06_18:11:57 ModelSaveAndLogHandler INFO -- Time taken is 86 seconds
2020-04-06_18:11:57 ModelSaveAndLogHandler INFO -- 
2020-04-06_18:11:57 ModelSaveAndLogHandler INFO -- Epoch 73/99
2020-04-06_18:11:57 ModelSaveAndLogHandler INFO -- ----------
2020-04-06_18:13:09 ModelSaveAndLogHandler INFO -- train Loss: 0.4113 Acc: 0.8016
2020-04-06_18:13:22 ModelSaveAndLogHandler INFO -- val Loss: 0.4054 Acc: 0.8068
2020-04-06_18:13:22 ModelSaveAndLogHandler INFO -- Time taken is 84 seconds
2020-04-06_18:13:22 ModelSaveAndLogHandler INFO -- 
2020-04-06_18:13:22 ModelSaveAndLogHandler INFO -- Epoch 74/99
2020-04-06_18:13:22 ModelSaveAndLogHandler INFO -- ----------
2020-04-06_18:14:41 ModelSaveAndLogHandler INFO -- train Loss: 0.4109 Acc: 0.8096
2020-04-06_18:14:53 ModelSaveAndLogHandler INFO -- val Loss: 0.4075 Acc: 0.8049
2020-04-06_18:14:53 ModelSaveAndLogHandler INFO -- Time taken is 91 seconds
2020-04-06_18:14:53 ModelSaveAndLogHandler INFO -- 
2020-04-06_18:14:53 ModelSaveAndLogHandler INFO -- Epoch 75/99
2020-04-06_18:14:53 ModelSaveAndLogHandler INFO -- ----------
2020-04-06_18:16:06 ModelSaveAndLogHandler INFO -- train Loss: 0.4301 Acc: 0.7977
2020-04-06_18:16:19 ModelSaveAndLogHandler INFO -- val Loss: 0.4156 Acc: 0.8039
2020-04-06_18:16:19 ModelSaveAndLogHandler INFO -- Time taken is 85 seconds
2020-04-06_18:16:19 ModelSaveAndLogHandler INFO -- 
2020-04-06_18:16:19 ModelSaveAndLogHandler INFO -- Epoch 76/99
2020-04-06_18:16:19 ModelSaveAndLogHandler INFO -- ----------
2020-04-06_18:17:31 ModelSaveAndLogHandler INFO -- train Loss: 0.4270 Acc: 0.7982
2020-04-06_18:17:43 ModelSaveAndLogHandler INFO -- val Loss: 0.4053 Acc: 0.8083
2020-04-06_18:17:43 ModelSaveAndLogHandler INFO -- Time taken is 84 seconds
2020-04-06_18:17:43 ModelSaveAndLogHandler INFO -- 
2020-04-06_18:17:43 ModelSaveAndLogHandler INFO -- Epoch 77/99
2020-04-06_18:17:43 ModelSaveAndLogHandler INFO -- ----------
2020-04-06_18:18:50 ModelSaveAndLogHandler INFO -- train Loss: 0.4339 Acc: 0.7865
2020-04-06_18:19:03 ModelSaveAndLogHandler INFO -- val Loss: 0.4060 Acc: 0.8089
2020-04-06_18:19:03 ModelSaveAndLogHandler INFO -- Time taken is 79 seconds
2020-04-06_18:19:03 ModelSaveAndLogHandler INFO -- 
2020-04-06_18:19:03 ModelSaveAndLogHandler INFO -- Epoch 78/99
2020-04-06_18:19:03 ModelSaveAndLogHandler INFO -- ----------
2020-04-06_18:20:12 ModelSaveAndLogHandler INFO -- train Loss: 0.4160 Acc: 0.8010
2020-04-06_18:20:24 ModelSaveAndLogHandler INFO -- val Loss: 0.4016 Acc: 0.8083
2020-04-06_18:20:24 ModelSaveAndLogHandler INFO -- Time taken is 81 seconds
2020-04-06_18:20:24 ModelSaveAndLogHandler INFO -- 
2020-04-06_18:20:24 ModelSaveAndLogHandler INFO -- Epoch 79/99
2020-04-06_18:20:24 ModelSaveAndLogHandler INFO -- ----------
2020-04-06_18:21:34 ModelSaveAndLogHandler INFO -- train Loss: 0.4260 Acc: 0.7987
2020-04-06_18:21:47 ModelSaveAndLogHandler INFO -- val Loss: 0.4000 Acc: 0.8049
2020-04-06_18:21:47 ModelSaveAndLogHandler INFO -- Time taken is 82 seconds
2020-04-06_18:21:47 ModelSaveAndLogHandler INFO -- 
2020-04-06_18:21:47 ModelSaveAndLogHandler INFO -- Epoch 80/99
2020-04-06_18:21:47 ModelSaveAndLogHandler INFO -- ----------
2020-04-06_18:22:54 ModelSaveAndLogHandler INFO -- train Loss: 0.4003 Acc: 0.8180
2020-04-06_18:23:07 ModelSaveAndLogHandler INFO -- val Loss: 0.4076 Acc: 0.8013
2020-04-06_18:23:07 ModelSaveAndLogHandler INFO -- Time taken is 80 seconds
2020-04-06_18:23:07 ModelSaveAndLogHandler INFO -- 
2020-04-06_18:23:07 ModelSaveAndLogHandler INFO -- Epoch 81/99
2020-04-06_18:23:07 ModelSaveAndLogHandler INFO -- ----------
2020-04-06_18:24:16 ModelSaveAndLogHandler INFO -- train Loss: 0.4406 Acc: 0.7883
2020-04-06_18:24:29 ModelSaveAndLogHandler INFO -- val Loss: 0.4036 Acc: 0.8070
2020-04-06_18:24:29 ModelSaveAndLogHandler INFO -- Time taken is 81 seconds
2020-04-06_18:24:29 ModelSaveAndLogHandler INFO -- 
2020-04-06_18:24:29 ModelSaveAndLogHandler INFO -- Epoch 82/99
2020-04-06_18:24:29 ModelSaveAndLogHandler INFO -- ----------
2020-04-06_18:25:39 ModelSaveAndLogHandler INFO -- train Loss: 0.4443 Acc: 0.7844
2020-04-06_18:25:52 ModelSaveAndLogHandler INFO -- val Loss: 0.4142 Acc: 0.8010
2020-04-06_18:25:52 ModelSaveAndLogHandler INFO -- Time taken is 83 seconds
2020-04-06_18:25:52 ModelSaveAndLogHandler INFO -- 
2020-04-06_18:25:52 ModelSaveAndLogHandler INFO -- Epoch 83/99
2020-04-06_18:25:52 ModelSaveAndLogHandler INFO -- ----------
2020-04-06_18:27:02 ModelSaveAndLogHandler INFO -- train Loss: 0.4390 Acc: 0.7891
2020-04-06_18:27:15 ModelSaveAndLogHandler INFO -- val Loss: 0.4127 Acc: 0.8057
2020-04-06_18:27:15 ModelSaveAndLogHandler INFO -- Time taken is 82 seconds
2020-04-06_18:27:15 ModelSaveAndLogHandler INFO -- 
2020-04-06_18:27:15 ModelSaveAndLogHandler INFO -- Epoch 84/99
2020-04-06_18:27:15 ModelSaveAndLogHandler INFO -- ----------
2020-04-06_18:28:25 ModelSaveAndLogHandler INFO -- train Loss: 0.4323 Acc: 0.7953
2020-04-06_18:28:38 ModelSaveAndLogHandler INFO -- val Loss: 0.4003 Acc: 0.8091
2020-04-06_18:28:38 ModelSaveAndLogHandler INFO -- Time taken is 83 seconds
2020-04-06_18:28:38 ModelSaveAndLogHandler INFO -- 
2020-04-06_18:28:38 ModelSaveAndLogHandler INFO -- Epoch 85/99
2020-04-06_18:28:38 ModelSaveAndLogHandler INFO -- ----------
2020-04-06_18:29:48 ModelSaveAndLogHandler INFO -- train Loss: 0.4155 Acc: 0.8044
2020-04-06_18:30:01 ModelSaveAndLogHandler INFO -- val Loss: 0.4031 Acc: 0.8083
2020-04-06_18:30:01 ModelSaveAndLogHandler INFO -- Time taken is 83 seconds
2020-04-06_18:30:01 ModelSaveAndLogHandler INFO -- 
2020-04-06_18:30:01 ModelSaveAndLogHandler INFO -- Epoch 86/99
2020-04-06_18:30:01 ModelSaveAndLogHandler INFO -- ----------
2020-04-06_18:31:11 ModelSaveAndLogHandler INFO -- train Loss: 0.3985 Acc: 0.8172
2020-04-06_18:31:24 ModelSaveAndLogHandler INFO -- val Loss: 0.4045 Acc: 0.8076
2020-04-06_18:31:24 ModelSaveAndLogHandler INFO -- Time taken is 82 seconds
2020-04-06_18:31:24 ModelSaveAndLogHandler INFO -- 
2020-04-06_18:31:24 ModelSaveAndLogHandler INFO -- Epoch 87/99
2020-04-06_18:31:24 ModelSaveAndLogHandler INFO -- ----------
2020-04-06_18:32:31 ModelSaveAndLogHandler INFO -- train Loss: 0.4364 Acc: 0.7919
2020-04-06_18:32:44 ModelSaveAndLogHandler INFO -- val Loss: 0.3987 Acc: 0.8099
2020-04-06_18:32:44 ModelSaveAndLogHandler INFO -- Time taken is 80 seconds
2020-04-06_18:32:44 ModelSaveAndLogHandler INFO -- 
2020-04-06_18:32:44 ModelSaveAndLogHandler INFO -- Epoch 88/99
2020-04-06_18:32:44 ModelSaveAndLogHandler INFO -- ----------
2020-04-06_18:33:56 ModelSaveAndLogHandler INFO -- train Loss: 0.4395 Acc: 0.7852
2020-04-06_18:34:09 ModelSaveAndLogHandler INFO -- val Loss: 0.4071 Acc: 0.8089
2020-04-06_18:34:09 ModelSaveAndLogHandler INFO -- Time taken is 85 seconds
2020-04-06_18:34:09 ModelSaveAndLogHandler INFO -- 
2020-04-06_18:34:09 ModelSaveAndLogHandler INFO -- Epoch 89/99
2020-04-06_18:34:09 ModelSaveAndLogHandler INFO -- ----------
2020-04-06_18:35:23 ModelSaveAndLogHandler INFO -- train Loss: 0.4467 Acc: 0.7844
2020-04-06_18:35:35 ModelSaveAndLogHandler INFO -- val Loss: 0.4063 Acc: 0.8063
2020-04-06_18:35:35 ModelSaveAndLogHandler INFO -- Time taken is 86 seconds
2020-04-06_18:35:35 ModelSaveAndLogHandler INFO -- 
2020-04-06_18:35:35 ModelSaveAndLogHandler INFO -- Epoch 90/99
2020-04-06_18:35:35 ModelSaveAndLogHandler INFO -- ----------
2020-04-06_18:36:47 ModelSaveAndLogHandler INFO -- train Loss: 0.4254 Acc: 0.7961
2020-04-06_18:37:00 ModelSaveAndLogHandler INFO -- val Loss: 0.3994 Acc: 0.8104
2020-04-06_18:37:00 ModelSaveAndLogHandler INFO -- Time taken is 84 seconds
2020-04-06_18:37:00 ModelSaveAndLogHandler INFO -- 
2020-04-06_18:37:00 ModelSaveAndLogHandler INFO -- Epoch 91/99
2020-04-06_18:37:00 ModelSaveAndLogHandler INFO -- ----------
2020-04-06_18:38:10 ModelSaveAndLogHandler INFO -- train Loss: 0.4164 Acc: 0.8018
2020-04-06_18:38:23 ModelSaveAndLogHandler INFO -- val Loss: 0.4063 Acc: 0.8029
2020-04-06_18:38:23 ModelSaveAndLogHandler INFO -- Time taken is 82 seconds
2020-04-06_18:38:23 ModelSaveAndLogHandler INFO -- 
2020-04-06_18:38:23 ModelSaveAndLogHandler INFO -- Epoch 92/99
2020-04-06_18:38:23 ModelSaveAndLogHandler INFO -- ----------
2020-04-06_18:39:35 ModelSaveAndLogHandler INFO -- train Loss: 0.4247 Acc: 0.7974
2020-04-06_18:39:48 ModelSaveAndLogHandler INFO -- val Loss: 0.4159 Acc: 0.8029
2020-04-06_18:39:48 ModelSaveAndLogHandler INFO -- Time taken is 85 seconds
2020-04-06_18:39:48 ModelSaveAndLogHandler INFO -- 
2020-04-06_18:39:48 ModelSaveAndLogHandler INFO -- Epoch 93/99
2020-04-06_18:39:48 ModelSaveAndLogHandler INFO -- ----------
2020-04-06_18:40:59 ModelSaveAndLogHandler INFO -- train Loss: 0.4403 Acc: 0.7870
2020-04-06_18:41:12 ModelSaveAndLogHandler INFO -- val Loss: 0.4067 Acc: 0.8076
2020-04-06_18:41:12 ModelSaveAndLogHandler INFO -- Time taken is 83 seconds
2020-04-06_18:41:12 ModelSaveAndLogHandler INFO -- 
2020-04-06_18:41:12 ModelSaveAndLogHandler INFO -- Epoch 94/99
2020-04-06_18:41:12 ModelSaveAndLogHandler INFO -- ----------
2020-04-06_18:42:23 ModelSaveAndLogHandler INFO -- train Loss: 0.4219 Acc: 0.8039
2020-04-06_18:42:36 ModelSaveAndLogHandler INFO -- val Loss: 0.3997 Acc: 0.8091
2020-04-06_18:42:36 ModelSaveAndLogHandler INFO -- Time taken is 83 seconds
2020-04-06_18:42:36 ModelSaveAndLogHandler INFO -- 
2020-04-06_18:42:36 ModelSaveAndLogHandler INFO -- Epoch 95/99
2020-04-06_18:42:36 ModelSaveAndLogHandler INFO -- ----------
2020-04-06_18:43:46 ModelSaveAndLogHandler INFO -- train Loss: 0.4292 Acc: 0.7958
2020-04-06_18:43:59 ModelSaveAndLogHandler INFO -- val Loss: 0.3985 Acc: 0.8143
2020-04-06_18:43:59 ModelSaveAndLogHandler INFO -- MODEL SAVED
2020-04-06_18:44:03 ModelSaveAndLogHandler INFO -- MODEL SAVED (MOBILE)
2020-04-06_18:44:03 ModelSaveAndLogHandler INFO -- Time taken is 87 seconds
2020-04-06_18:44:03 ModelSaveAndLogHandler INFO -- 
2020-04-06_18:44:03 ModelSaveAndLogHandler INFO -- Epoch 96/99
2020-04-06_18:44:03 ModelSaveAndLogHandler INFO -- ----------
2020-04-06_18:45:15 ModelSaveAndLogHandler INFO -- train Loss: 0.4090 Acc: 0.8115
2020-04-06_18:45:27 ModelSaveAndLogHandler INFO -- val Loss: 0.3981 Acc: 0.8102
2020-04-06_18:45:27 ModelSaveAndLogHandler INFO -- Time taken is 84 seconds
2020-04-06_18:45:27 ModelSaveAndLogHandler INFO -- 
2020-04-06_18:45:27 ModelSaveAndLogHandler INFO -- Epoch 97/99
2020-04-06_18:45:27 ModelSaveAndLogHandler INFO -- ----------
2020-04-06_18:46:37 ModelSaveAndLogHandler INFO -- train Loss: 0.4130 Acc: 0.8052
2020-04-06_18:46:49 ModelSaveAndLogHandler INFO -- val Loss: 0.4045 Acc: 0.8094
2020-04-06_18:46:49 ModelSaveAndLogHandler INFO -- Time taken is 81 seconds
2020-04-06_18:46:49 ModelSaveAndLogHandler INFO -- 
2020-04-06_18:46:49 ModelSaveAndLogHandler INFO -- Epoch 98/99
2020-04-06_18:46:49 ModelSaveAndLogHandler INFO -- ----------
2020-04-06_18:48:00 ModelSaveAndLogHandler INFO -- train Loss: 0.4166 Acc: 0.8016
2020-04-06_18:48:13 ModelSaveAndLogHandler INFO -- val Loss: 0.4011 Acc: 0.8070
2020-04-06_18:48:13 ModelSaveAndLogHandler INFO -- Time taken is 83 seconds
2020-04-06_18:48:13 ModelSaveAndLogHandler INFO -- 
2020-04-06_18:48:13 ModelSaveAndLogHandler INFO -- Epoch 99/99
2020-04-06_18:48:13 ModelSaveAndLogHandler INFO -- ----------
2020-04-06_18:49:22 ModelSaveAndLogHandler INFO -- train Loss: 0.4160 Acc: 0.8091
2020-04-06_18:49:35 ModelSaveAndLogHandler INFO -- val Loss: 0.4056 Acc: 0.8060
2020-04-06_18:49:35 ModelSaveAndLogHandler INFO -- Time taken is 81 seconds
2020-04-06_18:49:35 ModelSaveAndLogHandler INFO -- 
2020-04-06_18:49:35 ModelSaveAndLogHandler INFO -- Training complete in 135m 13s
2020-04-06_18:49:35 ModelSaveAndLogHandler INFO -- Best val Acc: 0.814323
2020-04-06_18:49:35 ModelSaveAndLogHandler INFO -- Val Acc >= 0.70: 95
