2020-04-10_15:21:25 ModelSaveAndLogHandler INFO -- Encoder: D:\Desktop\projects\speaker_recognition_voxceleb1\output_data\models\contrastive_encoder\good_models\2020-04-08_16-43-10_var_red_densenet
2020-04-10_15:21:25 ModelSaveAndLogHandler INFO -- Epoch 0/69
2020-04-10_15:21:25 ModelSaveAndLogHandler INFO -- ----------
2020-04-10_15:22:34 ModelSaveAndLogHandler INFO -- train Loss: 0.6923 Acc: 0.5000
2020-04-10_15:22:46 ModelSaveAndLogHandler INFO -- val Loss: 0.6891 Acc: 0.5000
2020-04-10_15:22:46 ModelSaveAndLogHandler INFO -- MODEL SAVED
2020-04-10_15:22:51 ModelSaveAndLogHandler INFO -- MODEL SAVED (MOBILE)
2020-04-10_15:22:51 ModelSaveAndLogHandler INFO -- Time taken is 86 seconds
2020-04-10_15:22:51 ModelSaveAndLogHandler INFO -- 
2020-04-10_15:22:51 ModelSaveAndLogHandler INFO -- Epoch 1/69
2020-04-10_15:22:51 ModelSaveAndLogHandler INFO -- ----------
2020-04-10_15:24:10 ModelSaveAndLogHandler INFO -- train Loss: 0.6862 Acc: 0.5000
2020-04-10_15:24:22 ModelSaveAndLogHandler INFO -- val Loss: 0.6819 Acc: 0.5000
2020-04-10_15:24:22 ModelSaveAndLogHandler INFO -- Time taken is 91 seconds
2020-04-10_15:24:22 ModelSaveAndLogHandler INFO -- 
2020-04-10_15:24:22 ModelSaveAndLogHandler INFO -- Epoch 2/69
2020-04-10_15:24:22 ModelSaveAndLogHandler INFO -- ----------
2020-04-10_15:25:34 ModelSaveAndLogHandler INFO -- train Loss: 0.6778 Acc: 0.5000
2020-04-10_15:25:47 ModelSaveAndLogHandler INFO -- val Loss: 0.6709 Acc: 0.5076
2020-04-10_15:25:47 ModelSaveAndLogHandler INFO -- MODEL SAVED
2020-04-10_15:25:51 ModelSaveAndLogHandler INFO -- MODEL SAVED (MOBILE)
2020-04-10_15:25:51 ModelSaveAndLogHandler INFO -- Time taken is 88 seconds
2020-04-10_15:25:51 ModelSaveAndLogHandler INFO -- 
2020-04-10_15:25:51 ModelSaveAndLogHandler INFO -- Epoch 3/69
2020-04-10_15:25:51 ModelSaveAndLogHandler INFO -- ----------
2020-04-10_15:27:08 ModelSaveAndLogHandler INFO -- train Loss: 0.6647 Acc: 0.5771
2020-04-10_15:27:20 ModelSaveAndLogHandler INFO -- val Loss: 0.6519 Acc: 0.6544
2020-04-10_15:27:20 ModelSaveAndLogHandler INFO -- MODEL SAVED
2020-04-10_15:27:25 ModelSaveAndLogHandler INFO -- MODEL SAVED (MOBILE)
2020-04-10_15:27:25 ModelSaveAndLogHandler INFO -- Time taken is 93 seconds
2020-04-10_15:27:25 ModelSaveAndLogHandler INFO -- 
2020-04-10_15:27:25 ModelSaveAndLogHandler INFO -- Epoch 4/69
2020-04-10_15:27:25 ModelSaveAndLogHandler INFO -- ----------
2020-04-10_15:28:40 ModelSaveAndLogHandler INFO -- train Loss: 0.6402 Acc: 0.6719
2020-04-10_15:28:52 ModelSaveAndLogHandler INFO -- val Loss: 0.6214 Acc: 0.7010
2020-04-10_15:28:53 ModelSaveAndLogHandler INFO -- MODEL SAVED
2020-04-10_15:28:57 ModelSaveAndLogHandler INFO -- MODEL SAVED (MOBILE)
2020-04-10_15:28:57 ModelSaveAndLogHandler INFO -- Time taken is 92 seconds
2020-04-10_15:28:57 ModelSaveAndLogHandler INFO -- 
2020-04-10_15:28:57 ModelSaveAndLogHandler INFO -- Epoch 5/69
2020-04-10_15:28:57 ModelSaveAndLogHandler INFO -- ----------
2020-04-10_15:30:09 ModelSaveAndLogHandler INFO -- train Loss: 0.6026 Acc: 0.7000
2020-04-10_15:30:22 ModelSaveAndLogHandler INFO -- val Loss: 0.5800 Acc: 0.7354
2020-04-10_15:30:22 ModelSaveAndLogHandler INFO -- MODEL SAVED
2020-04-10_15:30:26 ModelSaveAndLogHandler INFO -- MODEL SAVED (MOBILE)
2020-04-10_15:30:26 ModelSaveAndLogHandler INFO -- Time taken is 89 seconds
2020-04-10_15:30:26 ModelSaveAndLogHandler INFO -- 
2020-04-10_15:30:26 ModelSaveAndLogHandler INFO -- Epoch 6/69
2020-04-10_15:30:26 ModelSaveAndLogHandler INFO -- ----------
2020-04-10_15:31:37 ModelSaveAndLogHandler INFO -- train Loss: 0.5598 Acc: 0.7362
2020-04-10_15:31:49 ModelSaveAndLogHandler INFO -- val Loss: 0.5349 Acc: 0.7648
2020-04-10_15:31:49 ModelSaveAndLogHandler INFO -- MODEL SAVED
2020-04-10_15:31:54 ModelSaveAndLogHandler INFO -- MODEL SAVED (MOBILE)
2020-04-10_15:31:54 ModelSaveAndLogHandler INFO -- Time taken is 87 seconds
2020-04-10_15:31:54 ModelSaveAndLogHandler INFO -- 
2020-04-10_15:31:54 ModelSaveAndLogHandler INFO -- Epoch 7/69
2020-04-10_15:31:54 ModelSaveAndLogHandler INFO -- ----------
2020-04-10_15:33:01 ModelSaveAndLogHandler INFO -- train Loss: 0.5156 Acc: 0.7750
2020-04-10_15:33:14 ModelSaveAndLogHandler INFO -- val Loss: 0.4940 Acc: 0.7805
2020-04-10_15:33:14 ModelSaveAndLogHandler INFO -- MODEL SAVED
2020-04-10_15:33:18 ModelSaveAndLogHandler INFO -- MODEL SAVED (MOBILE)
2020-04-10_15:33:18 ModelSaveAndLogHandler INFO -- Time taken is 84 seconds
2020-04-10_15:33:18 ModelSaveAndLogHandler INFO -- 
2020-04-10_15:33:18 ModelSaveAndLogHandler INFO -- Epoch 8/69
2020-04-10_15:33:18 ModelSaveAndLogHandler INFO -- ----------
2020-04-10_15:34:27 ModelSaveAndLogHandler INFO -- train Loss: 0.4882 Acc: 0.7807
2020-04-10_15:34:40 ModelSaveAndLogHandler INFO -- val Loss: 0.4629 Acc: 0.7901
2020-04-10_15:34:40 ModelSaveAndLogHandler INFO -- MODEL SAVED
2020-04-10_15:34:44 ModelSaveAndLogHandler INFO -- MODEL SAVED (MOBILE)
2020-04-10_15:34:44 ModelSaveAndLogHandler INFO -- Time taken is 85 seconds
2020-04-10_15:34:44 ModelSaveAndLogHandler INFO -- 
2020-04-10_15:34:44 ModelSaveAndLogHandler INFO -- Epoch 9/69
2020-04-10_15:34:44 ModelSaveAndLogHandler INFO -- ----------
2020-04-10_15:35:51 ModelSaveAndLogHandler INFO -- train Loss: 0.4559 Acc: 0.7982
2020-04-10_15:36:04 ModelSaveAndLogHandler INFO -- val Loss: 0.4406 Acc: 0.7971
2020-04-10_15:36:04 ModelSaveAndLogHandler INFO -- MODEL SAVED
2020-04-10_15:36:08 ModelSaveAndLogHandler INFO -- MODEL SAVED (MOBILE)
2020-04-10_15:36:08 ModelSaveAndLogHandler INFO -- Time taken is 84 seconds
2020-04-10_15:36:08 ModelSaveAndLogHandler INFO -- 
2020-04-10_15:36:08 ModelSaveAndLogHandler INFO -- Epoch 10/69
2020-04-10_15:36:08 ModelSaveAndLogHandler INFO -- ----------
2020-04-10_15:37:18 ModelSaveAndLogHandler INFO -- train Loss: 0.4211 Acc: 0.8044
2020-04-10_15:37:30 ModelSaveAndLogHandler INFO -- val Loss: 0.4260 Acc: 0.7953
2020-04-10_15:37:30 ModelSaveAndLogHandler INFO -- Time taken is 81 seconds
2020-04-10_15:37:30 ModelSaveAndLogHandler INFO -- 
2020-04-10_15:37:30 ModelSaveAndLogHandler INFO -- Epoch 11/69
2020-04-10_15:37:30 ModelSaveAndLogHandler INFO -- ----------
2020-04-10_15:38:39 ModelSaveAndLogHandler INFO -- train Loss: 0.4356 Acc: 0.7909
2020-04-10_15:38:51 ModelSaveAndLogHandler INFO -- val Loss: 0.4178 Acc: 0.8000
2020-04-10_15:38:51 ModelSaveAndLogHandler INFO -- MODEL SAVED
2020-04-10_15:38:56 ModelSaveAndLogHandler INFO -- MODEL SAVED (MOBILE)
2020-04-10_15:38:56 ModelSaveAndLogHandler INFO -- Time taken is 85 seconds
2020-04-10_15:38:56 ModelSaveAndLogHandler INFO -- 
2020-04-10_15:38:56 ModelSaveAndLogHandler INFO -- Epoch 12/69
2020-04-10_15:38:56 ModelSaveAndLogHandler INFO -- ----------
2020-04-10_15:40:08 ModelSaveAndLogHandler INFO -- train Loss: 0.4177 Acc: 0.7987
2020-04-10_15:40:20 ModelSaveAndLogHandler INFO -- val Loss: 0.4126 Acc: 0.8034
2020-04-10_15:40:20 ModelSaveAndLogHandler INFO -- MODEL SAVED
2020-04-10_15:40:25 ModelSaveAndLogHandler INFO -- MODEL SAVED (MOBILE)
2020-04-10_15:40:25 ModelSaveAndLogHandler INFO -- Time taken is 88 seconds
2020-04-10_15:40:25 ModelSaveAndLogHandler INFO -- 
2020-04-10_15:40:25 ModelSaveAndLogHandler INFO -- Epoch 13/69
2020-04-10_15:40:25 ModelSaveAndLogHandler INFO -- ----------
2020-04-10_15:41:32 ModelSaveAndLogHandler INFO -- train Loss: 0.4182 Acc: 0.7951
2020-04-10_15:41:45 ModelSaveAndLogHandler INFO -- val Loss: 0.4130 Acc: 0.8068
2020-04-10_15:41:45 ModelSaveAndLogHandler INFO -- MODEL SAVED
2020-04-10_15:41:50 ModelSaveAndLogHandler INFO -- MODEL SAVED (MOBILE)
2020-04-10_15:41:50 ModelSaveAndLogHandler INFO -- Time taken is 84 seconds
2020-04-10_15:41:50 ModelSaveAndLogHandler INFO -- 
2020-04-10_15:41:50 ModelSaveAndLogHandler INFO -- Epoch 14/69
2020-04-10_15:41:50 ModelSaveAndLogHandler INFO -- ----------
2020-04-10_15:42:55 ModelSaveAndLogHandler INFO -- train Loss: 0.4023 Acc: 0.8109
2020-04-10_15:43:08 ModelSaveAndLogHandler INFO -- val Loss: 0.4084 Acc: 0.8073
2020-04-10_15:43:08 ModelSaveAndLogHandler INFO -- MODEL SAVED
2020-04-10_15:43:12 ModelSaveAndLogHandler INFO -- MODEL SAVED (MOBILE)
2020-04-10_15:43:12 ModelSaveAndLogHandler INFO -- Time taken is 82 seconds
2020-04-10_15:43:12 ModelSaveAndLogHandler INFO -- 
2020-04-10_15:43:12 ModelSaveAndLogHandler INFO -- Epoch 15/69
2020-04-10_15:43:12 ModelSaveAndLogHandler INFO -- ----------
2020-04-10_15:44:21 ModelSaveAndLogHandler INFO -- train Loss: 0.3915 Acc: 0.8182
2020-04-10_15:44:34 ModelSaveAndLogHandler INFO -- val Loss: 0.4034 Acc: 0.8034
2020-04-10_15:44:34 ModelSaveAndLogHandler INFO -- Time taken is 81 seconds
2020-04-10_15:44:34 ModelSaveAndLogHandler INFO -- 
2020-04-10_15:44:34 ModelSaveAndLogHandler INFO -- Epoch 16/69
2020-04-10_15:44:34 ModelSaveAndLogHandler INFO -- ----------
2020-04-10_15:45:41 ModelSaveAndLogHandler INFO -- train Loss: 0.4182 Acc: 0.8010
2020-04-10_15:45:54 ModelSaveAndLogHandler INFO -- val Loss: 0.4003 Acc: 0.8073
2020-04-10_15:45:54 ModelSaveAndLogHandler INFO -- Time taken is 79 seconds
2020-04-10_15:45:54 ModelSaveAndLogHandler INFO -- 
2020-04-10_15:45:54 ModelSaveAndLogHandler INFO -- Epoch 17/69
2020-04-10_15:45:54 ModelSaveAndLogHandler INFO -- ----------
2020-04-10_15:47:01 ModelSaveAndLogHandler INFO -- train Loss: 0.4049 Acc: 0.8146
2020-04-10_15:47:13 ModelSaveAndLogHandler INFO -- val Loss: 0.4007 Acc: 0.8073
2020-04-10_15:47:13 ModelSaveAndLogHandler INFO -- Time taken is 79 seconds
2020-04-10_15:47:13 ModelSaveAndLogHandler INFO -- 
2020-04-10_15:47:13 ModelSaveAndLogHandler INFO -- Epoch 18/69
2020-04-10_15:47:13 ModelSaveAndLogHandler INFO -- ----------
2020-04-10_15:48:19 ModelSaveAndLogHandler INFO -- train Loss: 0.4093 Acc: 0.7997
2020-04-10_15:48:31 ModelSaveAndLogHandler INFO -- val Loss: 0.4011 Acc: 0.8086
2020-04-10_15:48:31 ModelSaveAndLogHandler INFO -- MODEL SAVED
2020-04-10_15:48:36 ModelSaveAndLogHandler INFO -- MODEL SAVED (MOBILE)
2020-04-10_15:48:36 ModelSaveAndLogHandler INFO -- Time taken is 82 seconds
2020-04-10_15:48:36 ModelSaveAndLogHandler INFO -- 
2020-04-10_15:48:36 ModelSaveAndLogHandler INFO -- Epoch 19/69
2020-04-10_15:48:36 ModelSaveAndLogHandler INFO -- ----------
2020-04-10_15:49:48 ModelSaveAndLogHandler INFO -- train Loss: 0.4044 Acc: 0.8117
2020-04-10_15:50:01 ModelSaveAndLogHandler INFO -- val Loss: 0.4007 Acc: 0.8117
2020-04-10_15:50:01 ModelSaveAndLogHandler INFO -- MODEL SAVED
2020-04-10_15:50:06 ModelSaveAndLogHandler INFO -- MODEL SAVED (MOBILE)
2020-04-10_15:50:06 ModelSaveAndLogHandler INFO -- Time taken is 89 seconds
2020-04-10_15:50:06 ModelSaveAndLogHandler INFO -- 
2020-04-10_15:50:06 ModelSaveAndLogHandler INFO -- Epoch 20/69
2020-04-10_15:50:06 ModelSaveAndLogHandler INFO -- ----------
2020-04-10_15:51:13 ModelSaveAndLogHandler INFO -- train Loss: 0.4050 Acc: 0.8195
2020-04-10_15:51:26 ModelSaveAndLogHandler INFO -- val Loss: 0.4005 Acc: 0.8013
2020-04-10_15:51:26 ModelSaveAndLogHandler INFO -- Time taken is 80 seconds
2020-04-10_15:51:26 ModelSaveAndLogHandler INFO -- 
2020-04-10_15:51:26 ModelSaveAndLogHandler INFO -- Epoch 21/69
2020-04-10_15:51:26 ModelSaveAndLogHandler INFO -- ----------
2020-04-10_15:52:34 ModelSaveAndLogHandler INFO -- train Loss: 0.3967 Acc: 0.8234
2020-04-10_15:52:47 ModelSaveAndLogHandler INFO -- val Loss: 0.3981 Acc: 0.8102
2020-04-10_15:52:47 ModelSaveAndLogHandler INFO -- Time taken is 81 seconds
2020-04-10_15:52:47 ModelSaveAndLogHandler INFO -- 
2020-04-10_15:52:47 ModelSaveAndLogHandler INFO -- Epoch 22/69
2020-04-10_15:52:47 ModelSaveAndLogHandler INFO -- ----------
2020-04-10_15:53:54 ModelSaveAndLogHandler INFO -- train Loss: 0.4164 Acc: 0.8099
2020-04-10_15:54:06 ModelSaveAndLogHandler INFO -- val Loss: 0.3993 Acc: 0.8052
2020-04-10_15:54:06 ModelSaveAndLogHandler INFO -- Time taken is 79 seconds
2020-04-10_15:54:06 ModelSaveAndLogHandler INFO -- 
2020-04-10_15:54:06 ModelSaveAndLogHandler INFO -- Epoch 23/69
2020-04-10_15:54:06 ModelSaveAndLogHandler INFO -- ----------
2020-04-10_15:55:14 ModelSaveAndLogHandler INFO -- train Loss: 0.3960 Acc: 0.8180
2020-04-10_15:55:26 ModelSaveAndLogHandler INFO -- val Loss: 0.3982 Acc: 0.8120
2020-04-10_15:55:26 ModelSaveAndLogHandler INFO -- MODEL SAVED
2020-04-10_15:55:31 ModelSaveAndLogHandler INFO -- MODEL SAVED (MOBILE)
2020-04-10_15:55:31 ModelSaveAndLogHandler INFO -- Time taken is 84 seconds
2020-04-10_15:55:31 ModelSaveAndLogHandler INFO -- 
2020-04-10_15:55:31 ModelSaveAndLogHandler INFO -- Epoch 24/69
2020-04-10_15:55:31 ModelSaveAndLogHandler INFO -- ----------
2020-04-10_15:56:43 ModelSaveAndLogHandler INFO -- train Loss: 0.4109 Acc: 0.8130
2020-04-10_15:56:55 ModelSaveAndLogHandler INFO -- val Loss: 0.3972 Acc: 0.8081
2020-04-10_15:56:55 ModelSaveAndLogHandler INFO -- Time taken is 84 seconds
2020-04-10_15:56:55 ModelSaveAndLogHandler INFO -- 
2020-04-10_15:56:55 ModelSaveAndLogHandler INFO -- Epoch 25/69
2020-04-10_15:56:55 ModelSaveAndLogHandler INFO -- ----------
2020-04-10_15:58:05 ModelSaveAndLogHandler INFO -- train Loss: 0.3895 Acc: 0.8227
2020-04-10_15:58:17 ModelSaveAndLogHandler INFO -- val Loss: 0.3974 Acc: 0.8068
2020-04-10_15:58:17 ModelSaveAndLogHandler INFO -- Time taken is 81 seconds
2020-04-10_15:58:17 ModelSaveAndLogHandler INFO -- 
2020-04-10_15:58:17 ModelSaveAndLogHandler INFO -- Epoch 26/69
2020-04-10_15:58:17 ModelSaveAndLogHandler INFO -- ----------
2020-04-10_15:59:27 ModelSaveAndLogHandler INFO -- train Loss: 0.3988 Acc: 0.8115
2020-04-10_15:59:39 ModelSaveAndLogHandler INFO -- val Loss: 0.3972 Acc: 0.8073
2020-04-10_15:59:39 ModelSaveAndLogHandler INFO -- Time taken is 82 seconds
2020-04-10_15:59:39 ModelSaveAndLogHandler INFO -- 
2020-04-10_15:59:39 ModelSaveAndLogHandler INFO -- Epoch 27/69
2020-04-10_15:59:39 ModelSaveAndLogHandler INFO -- ----------
2020-04-10_16:00:48 ModelSaveAndLogHandler INFO -- train Loss: 0.3946 Acc: 0.8240
2020-04-10_16:01:01 ModelSaveAndLogHandler INFO -- val Loss: 0.3982 Acc: 0.8109
2020-04-10_16:01:01 ModelSaveAndLogHandler INFO -- Time taken is 81 seconds
2020-04-10_16:01:01 ModelSaveAndLogHandler INFO -- 
2020-04-10_16:01:01 ModelSaveAndLogHandler INFO -- Epoch 28/69
2020-04-10_16:01:01 ModelSaveAndLogHandler INFO -- ----------
2020-04-10_16:02:10 ModelSaveAndLogHandler INFO -- train Loss: 0.3976 Acc: 0.8177
2020-04-10_16:02:23 ModelSaveAndLogHandler INFO -- val Loss: 0.3975 Acc: 0.8138
2020-04-10_16:02:23 ModelSaveAndLogHandler INFO -- MODEL SAVED
2020-04-10_16:02:27 ModelSaveAndLogHandler INFO -- MODEL SAVED (MOBILE)
2020-04-10_16:02:27 ModelSaveAndLogHandler INFO -- Time taken is 86 seconds
2020-04-10_16:02:27 ModelSaveAndLogHandler INFO -- 
2020-04-10_16:02:27 ModelSaveAndLogHandler INFO -- Epoch 29/69
2020-04-10_16:02:27 ModelSaveAndLogHandler INFO -- ----------
2020-04-10_16:03:38 ModelSaveAndLogHandler INFO -- train Loss: 0.4101 Acc: 0.8107
2020-04-10_16:03:51 ModelSaveAndLogHandler INFO -- val Loss: 0.3977 Acc: 0.8122
2020-04-10_16:03:51 ModelSaveAndLogHandler INFO -- Time taken is 83 seconds
2020-04-10_16:03:51 ModelSaveAndLogHandler INFO -- 
2020-04-10_16:03:51 ModelSaveAndLogHandler INFO -- Epoch 30/69
2020-04-10_16:03:51 ModelSaveAndLogHandler INFO -- ----------
2020-04-10_16:05:02 ModelSaveAndLogHandler INFO -- train Loss: 0.4080 Acc: 0.8128
2020-04-10_16:05:14 ModelSaveAndLogHandler INFO -- val Loss: 0.3960 Acc: 0.8115
2020-04-10_16:05:14 ModelSaveAndLogHandler INFO -- Time taken is 83 seconds
2020-04-10_16:05:14 ModelSaveAndLogHandler INFO -- 
2020-04-10_16:05:14 ModelSaveAndLogHandler INFO -- Epoch 31/69
2020-04-10_16:05:14 ModelSaveAndLogHandler INFO -- ----------
2020-04-10_16:06:22 ModelSaveAndLogHandler INFO -- train Loss: 0.4065 Acc: 0.8180
2020-04-10_16:06:35 ModelSaveAndLogHandler INFO -- val Loss: 0.4004 Acc: 0.8120
2020-04-10_16:06:35 ModelSaveAndLogHandler INFO -- Time taken is 80 seconds
2020-04-10_16:06:35 ModelSaveAndLogHandler INFO -- 
2020-04-10_16:06:35 ModelSaveAndLogHandler INFO -- Epoch 32/69
2020-04-10_16:06:35 ModelSaveAndLogHandler INFO -- ----------
2020-04-10_16:07:47 ModelSaveAndLogHandler INFO -- train Loss: 0.4157 Acc: 0.8047
2020-04-10_16:07:59 ModelSaveAndLogHandler INFO -- val Loss: 0.4075 Acc: 0.8086
2020-04-10_16:07:59 ModelSaveAndLogHandler INFO -- Time taken is 84 seconds
2020-04-10_16:07:59 ModelSaveAndLogHandler INFO -- 
2020-04-10_16:07:59 ModelSaveAndLogHandler INFO -- Epoch 33/69
2020-04-10_16:07:59 ModelSaveAndLogHandler INFO -- ----------
2020-04-10_16:09:05 ModelSaveAndLogHandler INFO -- train Loss: 0.4093 Acc: 0.8081
2020-04-10_16:09:18 ModelSaveAndLogHandler INFO -- val Loss: 0.3971 Acc: 0.8083
2020-04-10_16:09:18 ModelSaveAndLogHandler INFO -- Time taken is 78 seconds
2020-04-10_16:09:18 ModelSaveAndLogHandler INFO -- 
2020-04-10_16:09:18 ModelSaveAndLogHandler INFO -- Epoch 34/69
2020-04-10_16:09:18 ModelSaveAndLogHandler INFO -- ----------
2020-04-10_16:10:25 ModelSaveAndLogHandler INFO -- train Loss: 0.4191 Acc: 0.8023
2020-04-10_16:10:38 ModelSaveAndLogHandler INFO -- val Loss: 0.3962 Acc: 0.8112
2020-04-10_16:10:38 ModelSaveAndLogHandler INFO -- Time taken is 80 seconds
2020-04-10_16:10:38 ModelSaveAndLogHandler INFO -- 
2020-04-10_16:10:38 ModelSaveAndLogHandler INFO -- Epoch 35/69
2020-04-10_16:10:38 ModelSaveAndLogHandler INFO -- ----------
2020-04-10_16:11:47 ModelSaveAndLogHandler INFO -- train Loss: 0.3967 Acc: 0.8130
2020-04-10_16:12:00 ModelSaveAndLogHandler INFO -- val Loss: 0.3964 Acc: 0.8094
2020-04-10_16:12:00 ModelSaveAndLogHandler INFO -- Time taken is 81 seconds
2020-04-10_16:12:00 ModelSaveAndLogHandler INFO -- 
2020-04-10_16:12:00 ModelSaveAndLogHandler INFO -- Epoch 36/69
2020-04-10_16:12:00 ModelSaveAndLogHandler INFO -- ----------
2020-04-10_16:13:10 ModelSaveAndLogHandler INFO -- train Loss: 0.3990 Acc: 0.8159
2020-04-10_16:13:23 ModelSaveAndLogHandler INFO -- val Loss: 0.4002 Acc: 0.8125
2020-04-10_16:13:23 ModelSaveAndLogHandler INFO -- Time taken is 82 seconds
2020-04-10_16:13:23 ModelSaveAndLogHandler INFO -- 
2020-04-10_16:13:23 ModelSaveAndLogHandler INFO -- Epoch 37/69
2020-04-10_16:13:23 ModelSaveAndLogHandler INFO -- ----------
2020-04-10_16:14:30 ModelSaveAndLogHandler INFO -- train Loss: 0.4079 Acc: 0.8081
2020-04-10_16:14:42 ModelSaveAndLogHandler INFO -- val Loss: 0.4052 Acc: 0.8107
2020-04-10_16:14:42 ModelSaveAndLogHandler INFO -- Time taken is 79 seconds
2020-04-10_16:14:42 ModelSaveAndLogHandler INFO -- 
2020-04-10_16:14:42 ModelSaveAndLogHandler INFO -- Epoch 38/69
2020-04-10_16:14:42 ModelSaveAndLogHandler INFO -- ----------
2020-04-10_16:15:47 ModelSaveAndLogHandler INFO -- train Loss: 0.3901 Acc: 0.8250
2020-04-10_16:16:00 ModelSaveAndLogHandler INFO -- val Loss: 0.3955 Acc: 0.8096
2020-04-10_16:16:00 ModelSaveAndLogHandler INFO -- Time taken is 77 seconds
2020-04-10_16:16:00 ModelSaveAndLogHandler INFO -- 
2020-04-10_16:16:00 ModelSaveAndLogHandler INFO -- Epoch 39/69
2020-04-10_16:16:00 ModelSaveAndLogHandler INFO -- ----------
2020-04-10_16:17:10 ModelSaveAndLogHandler INFO -- train Loss: 0.4200 Acc: 0.7984
2020-04-10_16:17:23 ModelSaveAndLogHandler INFO -- val Loss: 0.3964 Acc: 0.8096
2020-04-10_16:17:23 ModelSaveAndLogHandler INFO -- Time taken is 83 seconds
2020-04-10_16:17:23 ModelSaveAndLogHandler INFO -- 
2020-04-10_16:17:23 ModelSaveAndLogHandler INFO -- Epoch 40/69
2020-04-10_16:17:23 ModelSaveAndLogHandler INFO -- ----------
2020-04-10_16:18:33 ModelSaveAndLogHandler INFO -- train Loss: 0.3949 Acc: 0.8143
2020-04-10_16:18:46 ModelSaveAndLogHandler INFO -- val Loss: 0.3954 Acc: 0.8091
2020-04-10_16:18:46 ModelSaveAndLogHandler INFO -- Time taken is 82 seconds
2020-04-10_16:18:46 ModelSaveAndLogHandler INFO -- 
2020-04-10_16:18:46 ModelSaveAndLogHandler INFO -- Epoch 41/69
2020-04-10_16:18:46 ModelSaveAndLogHandler INFO -- ----------
2020-04-10_16:19:54 ModelSaveAndLogHandler INFO -- train Loss: 0.4017 Acc: 0.8169
2020-04-10_16:20:07 ModelSaveAndLogHandler INFO -- val Loss: 0.3958 Acc: 0.8115
2020-04-10_16:20:07 ModelSaveAndLogHandler INFO -- Time taken is 80 seconds
2020-04-10_16:20:07 ModelSaveAndLogHandler INFO -- 
2020-04-10_16:20:07 ModelSaveAndLogHandler INFO -- Epoch 42/69
2020-04-10_16:20:07 ModelSaveAndLogHandler INFO -- ----------
2020-04-10_16:21:16 ModelSaveAndLogHandler INFO -- train Loss: 0.4167 Acc: 0.8096
2020-04-10_16:21:29 ModelSaveAndLogHandler INFO -- val Loss: 0.3959 Acc: 0.8107
2020-04-10_16:21:29 ModelSaveAndLogHandler INFO -- Time taken is 82 seconds
2020-04-10_16:21:29 ModelSaveAndLogHandler INFO -- 
2020-04-10_16:21:29 ModelSaveAndLogHandler INFO -- Epoch 43/69
2020-04-10_16:21:29 ModelSaveAndLogHandler INFO -- ----------
2020-04-10_16:22:35 ModelSaveAndLogHandler INFO -- train Loss: 0.4193 Acc: 0.8031
2020-04-10_16:22:48 ModelSaveAndLogHandler INFO -- val Loss: 0.4010 Acc: 0.8018
2020-04-10_16:22:48 ModelSaveAndLogHandler INFO -- Time taken is 78 seconds
2020-04-10_16:22:48 ModelSaveAndLogHandler INFO -- 
2020-04-10_16:22:48 ModelSaveAndLogHandler INFO -- Epoch 44/69
2020-04-10_16:22:48 ModelSaveAndLogHandler INFO -- ----------
2020-04-10_16:23:58 ModelSaveAndLogHandler INFO -- train Loss: 0.4226 Acc: 0.7982
2020-04-10_16:24:11 ModelSaveAndLogHandler INFO -- val Loss: 0.3982 Acc: 0.8042
2020-04-10_16:24:11 ModelSaveAndLogHandler INFO -- Time taken is 82 seconds
2020-04-10_16:24:11 ModelSaveAndLogHandler INFO -- 
2020-04-10_16:24:11 ModelSaveAndLogHandler INFO -- Epoch 45/69
2020-04-10_16:24:11 ModelSaveAndLogHandler INFO -- ----------
2020-04-10_16:25:21 ModelSaveAndLogHandler INFO -- train Loss: 0.3991 Acc: 0.8159
2020-04-10_16:25:33 ModelSaveAndLogHandler INFO -- val Loss: 0.3963 Acc: 0.8078
2020-04-10_16:25:33 ModelSaveAndLogHandler INFO -- Time taken is 82 seconds
2020-04-10_16:25:33 ModelSaveAndLogHandler INFO -- 
2020-04-10_16:25:33 ModelSaveAndLogHandler INFO -- Epoch 46/69
2020-04-10_16:25:33 ModelSaveAndLogHandler INFO -- ----------
2020-04-10_16:26:44 ModelSaveAndLogHandler INFO -- train Loss: 0.4018 Acc: 0.8086
2020-04-10_16:26:56 ModelSaveAndLogHandler INFO -- val Loss: 0.3960 Acc: 0.8081
2020-04-10_16:26:56 ModelSaveAndLogHandler INFO -- Time taken is 83 seconds
2020-04-10_16:26:56 ModelSaveAndLogHandler INFO -- 
2020-04-10_16:26:56 ModelSaveAndLogHandler INFO -- Epoch 47/69
2020-04-10_16:26:56 ModelSaveAndLogHandler INFO -- ----------
2020-04-10_16:28:06 ModelSaveAndLogHandler INFO -- train Loss: 0.3944 Acc: 0.8208
2020-04-10_16:28:19 ModelSaveAndLogHandler INFO -- val Loss: 0.3962 Acc: 0.8102
2020-04-10_16:28:19 ModelSaveAndLogHandler INFO -- Time taken is 82 seconds
2020-04-10_16:28:19 ModelSaveAndLogHandler INFO -- 
2020-04-10_16:28:19 ModelSaveAndLogHandler INFO -- Epoch 48/69
2020-04-10_16:28:19 ModelSaveAndLogHandler INFO -- ----------
2020-04-10_16:29:25 ModelSaveAndLogHandler INFO -- train Loss: 0.3895 Acc: 0.8180
2020-04-10_16:29:37 ModelSaveAndLogHandler INFO -- val Loss: 0.3973 Acc: 0.8073
2020-04-10_16:29:37 ModelSaveAndLogHandler INFO -- Time taken is 78 seconds
2020-04-10_16:29:37 ModelSaveAndLogHandler INFO -- 
2020-04-10_16:29:37 ModelSaveAndLogHandler INFO -- Epoch 49/69
2020-04-10_16:29:37 ModelSaveAndLogHandler INFO -- ----------
2020-04-10_16:30:41 ModelSaveAndLogHandler INFO -- train Loss: 0.3961 Acc: 0.8198
2020-04-10_16:30:54 ModelSaveAndLogHandler INFO -- val Loss: 0.3999 Acc: 0.8057
2020-04-10_16:30:54 ModelSaveAndLogHandler INFO -- Time taken is 76 seconds
2020-04-10_16:30:54 ModelSaveAndLogHandler INFO -- 
2020-04-10_16:30:54 ModelSaveAndLogHandler INFO -- Epoch 50/69
2020-04-10_16:30:54 ModelSaveAndLogHandler INFO -- ----------
2020-04-10_16:31:59 ModelSaveAndLogHandler INFO -- train Loss: 0.4180 Acc: 0.8023
2020-04-10_16:32:11 ModelSaveAndLogHandler INFO -- val Loss: 0.3981 Acc: 0.8117
2020-04-10_16:32:11 ModelSaveAndLogHandler INFO -- Time taken is 77 seconds
2020-04-10_16:32:11 ModelSaveAndLogHandler INFO -- 
2020-04-10_16:32:11 ModelSaveAndLogHandler INFO -- Epoch 51/69
2020-04-10_16:32:11 ModelSaveAndLogHandler INFO -- ----------
2020-04-10_16:33:18 ModelSaveAndLogHandler INFO -- train Loss: 0.4034 Acc: 0.8245
2020-04-10_16:33:31 ModelSaveAndLogHandler INFO -- val Loss: 0.4015 Acc: 0.8094
2020-04-10_16:33:31 ModelSaveAndLogHandler INFO -- Time taken is 79 seconds
2020-04-10_16:33:31 ModelSaveAndLogHandler INFO -- 
2020-04-10_16:33:31 ModelSaveAndLogHandler INFO -- Epoch 52/69
2020-04-10_16:33:31 ModelSaveAndLogHandler INFO -- ----------
2020-04-10_16:34:40 ModelSaveAndLogHandler INFO -- train Loss: 0.4105 Acc: 0.8094
2020-04-10_16:34:52 ModelSaveAndLogHandler INFO -- val Loss: 0.4007 Acc: 0.8109
2020-04-10_16:34:52 ModelSaveAndLogHandler INFO -- Time taken is 81 seconds
2020-04-10_16:34:52 ModelSaveAndLogHandler INFO -- 
2020-04-10_16:34:52 ModelSaveAndLogHandler INFO -- Epoch 53/69
2020-04-10_16:34:52 ModelSaveAndLogHandler INFO -- ----------
2020-04-10_16:36:00 ModelSaveAndLogHandler INFO -- train Loss: 0.3915 Acc: 0.8214
2020-04-10_16:36:12 ModelSaveAndLogHandler INFO -- val Loss: 0.3980 Acc: 0.8057
2020-04-10_16:36:12 ModelSaveAndLogHandler INFO -- Time taken is 80 seconds
2020-04-10_16:36:12 ModelSaveAndLogHandler INFO -- 
2020-04-10_16:36:12 ModelSaveAndLogHandler INFO -- Epoch 54/69
2020-04-10_16:36:12 ModelSaveAndLogHandler INFO -- ----------
2020-04-10_16:37:19 ModelSaveAndLogHandler INFO -- train Loss: 0.3997 Acc: 0.8089
2020-04-10_16:37:32 ModelSaveAndLogHandler INFO -- val Loss: 0.3923 Acc: 0.8112
2020-04-10_16:37:32 ModelSaveAndLogHandler INFO -- Time taken is 79 seconds
2020-04-10_16:37:32 ModelSaveAndLogHandler INFO -- 
2020-04-10_16:37:32 ModelSaveAndLogHandler INFO -- Epoch 55/69
2020-04-10_16:37:32 ModelSaveAndLogHandler INFO -- ----------
2020-04-10_16:38:42 ModelSaveAndLogHandler INFO -- train Loss: 0.3931 Acc: 0.8159
2020-04-10_16:38:55 ModelSaveAndLogHandler INFO -- val Loss: 0.4088 Acc: 0.8115
2020-04-10_16:38:55 ModelSaveAndLogHandler INFO -- Time taken is 82 seconds
2020-04-10_16:38:55 ModelSaveAndLogHandler INFO -- 
2020-04-10_16:38:55 ModelSaveAndLogHandler INFO -- Epoch 56/69
2020-04-10_16:38:55 ModelSaveAndLogHandler INFO -- ----------
2020-04-10_16:40:02 ModelSaveAndLogHandler INFO -- train Loss: 0.4080 Acc: 0.8055
2020-04-10_16:40:14 ModelSaveAndLogHandler INFO -- val Loss: 0.3974 Acc: 0.8112
2020-04-10_16:40:14 ModelSaveAndLogHandler INFO -- Time taken is 79 seconds
2020-04-10_16:40:14 ModelSaveAndLogHandler INFO -- 
2020-04-10_16:40:14 ModelSaveAndLogHandler INFO -- Epoch 57/69
2020-04-10_16:40:14 ModelSaveAndLogHandler INFO -- ----------
2020-04-10_16:41:26 ModelSaveAndLogHandler INFO -- train Loss: 0.4016 Acc: 0.8109
2020-04-10_16:41:39 ModelSaveAndLogHandler INFO -- val Loss: 0.3961 Acc: 0.8096
2020-04-10_16:41:39 ModelSaveAndLogHandler INFO -- Time taken is 84 seconds
2020-04-10_16:41:39 ModelSaveAndLogHandler INFO -- 
2020-04-10_16:41:39 ModelSaveAndLogHandler INFO -- Epoch 58/69
2020-04-10_16:41:39 ModelSaveAndLogHandler INFO -- ----------
2020-04-10_16:42:43 ModelSaveAndLogHandler INFO -- train Loss: 0.4045 Acc: 0.8112
2020-04-10_16:42:56 ModelSaveAndLogHandler INFO -- val Loss: 0.4158 Acc: 0.8063
2020-04-10_16:42:56 ModelSaveAndLogHandler INFO -- Time taken is 77 seconds
2020-04-10_16:42:56 ModelSaveAndLogHandler INFO -- 
2020-04-10_16:42:56 ModelSaveAndLogHandler INFO -- Epoch 59/69
2020-04-10_16:42:56 ModelSaveAndLogHandler INFO -- ----------
2020-04-10_16:44:03 ModelSaveAndLogHandler INFO -- train Loss: 0.4032 Acc: 0.8151
2020-04-10_16:44:16 ModelSaveAndLogHandler INFO -- val Loss: 0.3961 Acc: 0.8109
2020-04-10_16:44:16 ModelSaveAndLogHandler INFO -- Time taken is 80 seconds
2020-04-10_16:44:16 ModelSaveAndLogHandler INFO -- 
2020-04-10_16:44:16 ModelSaveAndLogHandler INFO -- Epoch 60/69
2020-04-10_16:44:16 ModelSaveAndLogHandler INFO -- ----------
2020-04-10_16:45:22 ModelSaveAndLogHandler INFO -- train Loss: 0.4013 Acc: 0.8146
2020-04-10_16:45:35 ModelSaveAndLogHandler INFO -- val Loss: 0.3947 Acc: 0.8086
2020-04-10_16:45:35 ModelSaveAndLogHandler INFO -- Time taken is 78 seconds
2020-04-10_16:45:35 ModelSaveAndLogHandler INFO -- 
2020-04-10_16:45:35 ModelSaveAndLogHandler INFO -- Epoch 61/69
2020-04-10_16:45:35 ModelSaveAndLogHandler INFO -- ----------
2020-04-10_16:46:42 ModelSaveAndLogHandler INFO -- train Loss: 0.3838 Acc: 0.8281
2020-04-10_16:46:55 ModelSaveAndLogHandler INFO -- val Loss: 0.3976 Acc: 0.8117
2020-04-10_16:46:55 ModelSaveAndLogHandler INFO -- Time taken is 79 seconds
2020-04-10_16:46:55 ModelSaveAndLogHandler INFO -- 
2020-04-10_16:46:55 ModelSaveAndLogHandler INFO -- Epoch 62/69
2020-04-10_16:46:55 ModelSaveAndLogHandler INFO -- ----------
2020-04-10_16:48:02 ModelSaveAndLogHandler INFO -- train Loss: 0.4018 Acc: 0.8154
2020-04-10_16:48:15 ModelSaveAndLogHandler INFO -- val Loss: 0.3938 Acc: 0.8107
2020-04-10_16:48:15 ModelSaveAndLogHandler INFO -- Time taken is 79 seconds
2020-04-10_16:48:15 ModelSaveAndLogHandler INFO -- 
2020-04-10_16:48:15 ModelSaveAndLogHandler INFO -- Epoch 63/69
2020-04-10_16:48:15 ModelSaveAndLogHandler INFO -- ----------
2020-04-10_16:49:23 ModelSaveAndLogHandler INFO -- train Loss: 0.3936 Acc: 0.8185
2020-04-10_16:49:36 ModelSaveAndLogHandler INFO -- val Loss: 0.3969 Acc: 0.8047
2020-04-10_16:49:36 ModelSaveAndLogHandler INFO -- Time taken is 81 seconds
2020-04-10_16:49:36 ModelSaveAndLogHandler INFO -- 
2020-04-10_16:49:36 ModelSaveAndLogHandler INFO -- Epoch 64/69
2020-04-10_16:49:36 ModelSaveAndLogHandler INFO -- ----------
2020-04-10_16:50:45 ModelSaveAndLogHandler INFO -- train Loss: 0.4055 Acc: 0.8094
2020-04-10_16:50:57 ModelSaveAndLogHandler INFO -- val Loss: 0.3989 Acc: 0.8034
2020-04-10_16:50:57 ModelSaveAndLogHandler INFO -- Time taken is 81 seconds
2020-04-10_16:50:57 ModelSaveAndLogHandler INFO -- 
2020-04-10_16:50:57 ModelSaveAndLogHandler INFO -- Epoch 65/69
2020-04-10_16:50:57 ModelSaveAndLogHandler INFO -- ----------
2020-04-10_16:52:05 ModelSaveAndLogHandler INFO -- train Loss: 0.3784 Acc: 0.8281
2020-04-10_16:52:17 ModelSaveAndLogHandler INFO -- val Loss: 0.3933 Acc: 0.8081
2020-04-10_16:52:17 ModelSaveAndLogHandler INFO -- Time taken is 79 seconds
2020-04-10_16:52:17 ModelSaveAndLogHandler INFO -- 
2020-04-10_16:52:17 ModelSaveAndLogHandler INFO -- Epoch 66/69
2020-04-10_16:52:17 ModelSaveAndLogHandler INFO -- ----------
2020-04-10_16:53:26 ModelSaveAndLogHandler INFO -- train Loss: 0.4193 Acc: 0.7971
2020-04-10_16:53:39 ModelSaveAndLogHandler INFO -- val Loss: 0.3988 Acc: 0.8128
2020-04-10_16:53:39 ModelSaveAndLogHandler INFO -- Time taken is 81 seconds
2020-04-10_16:53:39 ModelSaveAndLogHandler INFO -- 
2020-04-10_16:53:39 ModelSaveAndLogHandler INFO -- Epoch 67/69
2020-04-10_16:53:39 ModelSaveAndLogHandler INFO -- ----------
2020-04-10_16:54:47 ModelSaveAndLogHandler INFO -- train Loss: 0.3917 Acc: 0.8297
2020-04-10_16:55:00 ModelSaveAndLogHandler INFO -- val Loss: 0.4026 Acc: 0.8130
2020-04-10_16:55:00 ModelSaveAndLogHandler INFO -- Time taken is 80 seconds
2020-04-10_16:55:00 ModelSaveAndLogHandler INFO -- 
2020-04-10_16:55:00 ModelSaveAndLogHandler INFO -- Epoch 68/69
2020-04-10_16:55:00 ModelSaveAndLogHandler INFO -- ----------
2020-04-10_16:56:11 ModelSaveAndLogHandler INFO -- train Loss: 0.3809 Acc: 0.8227
2020-04-10_16:56:24 ModelSaveAndLogHandler INFO -- val Loss: 0.3941 Acc: 0.8125
2020-04-10_16:56:24 ModelSaveAndLogHandler INFO -- Time taken is 83 seconds
2020-04-10_16:56:24 ModelSaveAndLogHandler INFO -- 
2020-04-10_16:56:24 ModelSaveAndLogHandler INFO -- Epoch 69/69
2020-04-10_16:56:24 ModelSaveAndLogHandler INFO -- ----------
2020-04-10_16:57:33 ModelSaveAndLogHandler INFO -- train Loss: 0.3801 Acc: 0.8255
2020-04-10_16:57:46 ModelSaveAndLogHandler INFO -- val Loss: 0.3948 Acc: 0.8068
2020-04-10_16:57:46 ModelSaveAndLogHandler INFO -- Time taken is 82 seconds
2020-04-10_16:57:46 ModelSaveAndLogHandler INFO -- 
2020-04-10_16:57:46 ModelSaveAndLogHandler INFO -- Training complete in 96m 21s
2020-04-10_16:57:46 ModelSaveAndLogHandler INFO -- Best val Acc: 0.813802
2020-04-10_16:57:46 ModelSaveAndLogHandler INFO -- Val Acc >= 0.70: 66
2020-04-10_16:57:46 ModelSaveAndLogHandler INFO -- Val Acc >= 0.80: 59
