2020-04-08_16:43:10 ModelSaveAndLogHandler INFO -- Description: Candidates: 5, Encoding: 128, Projection: None
2020-04-08_16:43:10 ModelSaveAndLogHandler INFO -- Base Model: densenet121
2020-04-08_16:43:10 ModelSaveAndLogHandler INFO -- With Intra Class Variance Reduction
2020-04-08_16:43:10 ModelSaveAndLogHandler INFO -- Epoch 0/69
2020-04-08_16:43:10 ModelSaveAndLogHandler INFO -- ----------
2020-04-08_16:43:10 ModelSaveAndLogHandler INFO -- -- variance reduction
2020-04-08_16:53:09 ModelSaveAndLogHandler INFO -- train Loss: 1.4895 Acc: 0.3789
2020-04-08_16:53:55 ModelSaveAndLogHandler INFO -- val Loss: 1.3208 Acc: 0.5479
2020-04-08_16:53:55 ModelSaveAndLogHandler INFO -- Time taken is 645 seconds
2020-04-08_16:53:55 ModelSaveAndLogHandler INFO -- 
2020-04-08_16:53:55 ModelSaveAndLogHandler INFO -- Epoch 1/69
2020-04-08_16:53:55 ModelSaveAndLogHandler INFO -- ----------
2020-04-08_16:53:55 ModelSaveAndLogHandler INFO -- -- variance reduction
2020-04-08_17:03:52 ModelSaveAndLogHandler INFO -- train Loss: 1.3866 Acc: 0.4575
2020-04-08_17:04:39 ModelSaveAndLogHandler INFO -- val Loss: 1.2705 Acc: 0.5799
2020-04-08_17:04:39 ModelSaveAndLogHandler INFO -- MODEL SAVED
2020-04-08_17:04:44 ModelSaveAndLogHandler INFO -- MODEL SAVED (MOBILE)
2020-04-08_17:04:44 ModelSaveAndLogHandler INFO -- Time taken is 648 seconds
2020-04-08_17:04:44 ModelSaveAndLogHandler INFO -- 
2020-04-08_17:04:44 ModelSaveAndLogHandler INFO -- Epoch 2/69
2020-04-08_17:04:44 ModelSaveAndLogHandler INFO -- ----------
2020-04-08_17:04:44 ModelSaveAndLogHandler INFO -- -- variance reduction
2020-04-08_17:14:39 ModelSaveAndLogHandler INFO -- train Loss: 1.3563 Acc: 0.4590
2020-04-08_17:15:24 ModelSaveAndLogHandler INFO -- val Loss: 1.2262 Acc: 0.5805
2020-04-08_17:15:24 ModelSaveAndLogHandler INFO -- MODEL SAVED
2020-04-08_17:15:29 ModelSaveAndLogHandler INFO -- MODEL SAVED (MOBILE)
2020-04-08_17:15:29 ModelSaveAndLogHandler INFO -- Time taken is 645 seconds
2020-04-08_17:15:29 ModelSaveAndLogHandler INFO -- 
2020-04-08_17:15:29 ModelSaveAndLogHandler INFO -- Epoch 3/69
2020-04-08_17:15:29 ModelSaveAndLogHandler INFO -- ----------
2020-04-08_17:15:29 ModelSaveAndLogHandler INFO -- -- variance reduction
2020-04-08_17:25:27 ModelSaveAndLogHandler INFO -- train Loss: 1.3494 Acc: 0.4595
2020-04-08_17:26:12 ModelSaveAndLogHandler INFO -- val Loss: 1.2486 Acc: 0.5664
2020-04-08_17:26:12 ModelSaveAndLogHandler INFO -- Time taken is 642 seconds
2020-04-08_17:26:12 ModelSaveAndLogHandler INFO -- 
2020-04-08_17:26:12 ModelSaveAndLogHandler INFO -- Epoch 4/69
2020-04-08_17:26:12 ModelSaveAndLogHandler INFO -- ----------
2020-04-08_17:26:12 ModelSaveAndLogHandler INFO -- -- variance reduction
2020-04-08_17:36:40 ModelSaveAndLogHandler INFO -- train Loss: 1.3237 Acc: 0.4805
2020-04-08_17:37:25 ModelSaveAndLogHandler INFO -- val Loss: 1.2274 Acc: 0.5855
2020-04-08_17:37:26 ModelSaveAndLogHandler INFO -- MODEL SAVED
2020-04-08_17:37:30 ModelSaveAndLogHandler INFO -- MODEL SAVED (MOBILE)
2020-04-08_17:37:30 ModelSaveAndLogHandler INFO -- Time taken is 678 seconds
2020-04-08_17:37:30 ModelSaveAndLogHandler INFO -- 
2020-04-08_17:37:30 ModelSaveAndLogHandler INFO -- Epoch 5/69
2020-04-08_17:37:30 ModelSaveAndLogHandler INFO -- ----------
2020-04-08_17:37:30 ModelSaveAndLogHandler INFO -- -- variance reduction
2020-04-08_17:47:58 ModelSaveAndLogHandler INFO -- train Loss: 1.2908 Acc: 0.4965
2020-04-08_17:48:45 ModelSaveAndLogHandler INFO -- val Loss: 1.2128 Acc: 0.5970
2020-04-08_17:48:45 ModelSaveAndLogHandler INFO -- MODEL SAVED
2020-04-08_17:48:50 ModelSaveAndLogHandler INFO -- MODEL SAVED (MOBILE)
2020-04-08_17:48:50 ModelSaveAndLogHandler INFO -- Time taken is 679 seconds
2020-04-08_17:48:50 ModelSaveAndLogHandler INFO -- 
2020-04-08_17:48:50 ModelSaveAndLogHandler INFO -- Epoch 6/69
2020-04-08_17:48:50 ModelSaveAndLogHandler INFO -- ----------
2020-04-08_17:48:50 ModelSaveAndLogHandler INFO -- -- variance reduction
2020-04-08_17:59:17 ModelSaveAndLogHandler INFO -- train Loss: 1.2736 Acc: 0.4975
2020-04-08_18:00:02 ModelSaveAndLogHandler INFO -- val Loss: 1.1975 Acc: 0.5890
2020-04-08_18:00:02 ModelSaveAndLogHandler INFO -- Time taken is 672 seconds
2020-04-08_18:00:02 ModelSaveAndLogHandler INFO -- 
2020-04-08_18:00:02 ModelSaveAndLogHandler INFO -- Epoch 7/69
2020-04-08_18:00:02 ModelSaveAndLogHandler INFO -- ----------
2020-04-08_18:00:02 ModelSaveAndLogHandler INFO -- -- variance reduction
2020-04-08_18:10:20 ModelSaveAndLogHandler INFO -- train Loss: 1.2877 Acc: 0.5045
2020-04-08_18:11:04 ModelSaveAndLogHandler INFO -- val Loss: 1.2028 Acc: 0.6085
2020-04-08_18:11:04 ModelSaveAndLogHandler INFO -- MODEL SAVED
2020-04-08_18:11:09 ModelSaveAndLogHandler INFO -- MODEL SAVED (MOBILE)
2020-04-08_18:11:09 ModelSaveAndLogHandler INFO -- Time taken is 666 seconds
2020-04-08_18:11:09 ModelSaveAndLogHandler INFO -- 
2020-04-08_18:11:09 ModelSaveAndLogHandler INFO -- Epoch 8/69
2020-04-08_18:11:09 ModelSaveAndLogHandler INFO -- ----------
2020-04-08_18:11:09 ModelSaveAndLogHandler INFO -- -- variance reduction
2020-04-08_18:21:26 ModelSaveAndLogHandler INFO -- train Loss: 1.2672 Acc: 0.4940
2020-04-08_18:22:12 ModelSaveAndLogHandler INFO -- val Loss: 1.2144 Acc: 0.5910
2020-04-08_18:22:12 ModelSaveAndLogHandler INFO -- Time taken is 662 seconds
2020-04-08_18:22:12 ModelSaveAndLogHandler INFO -- 
2020-04-08_18:22:12 ModelSaveAndLogHandler INFO -- Epoch 9/69
2020-04-08_18:22:12 ModelSaveAndLogHandler INFO -- ----------
2020-04-08_18:22:12 ModelSaveAndLogHandler INFO -- -- variance reduction
2020-04-08_18:32:28 ModelSaveAndLogHandler INFO -- train Loss: 1.2585 Acc: 0.5105
2020-04-08_18:33:14 ModelSaveAndLogHandler INFO -- val Loss: 1.1859 Acc: 0.5900
2020-04-08_18:33:14 ModelSaveAndLogHandler INFO -- Time taken is 661 seconds
2020-04-08_18:33:14 ModelSaveAndLogHandler INFO -- 
2020-04-08_18:33:14 ModelSaveAndLogHandler INFO -- Epoch 10/69
2020-04-08_18:33:14 ModelSaveAndLogHandler INFO -- ----------
2020-04-08_18:33:14 ModelSaveAndLogHandler INFO -- -- variance reduction
2020-04-08_18:43:28 ModelSaveAndLogHandler INFO -- train Loss: 1.2466 Acc: 0.5175
2020-04-08_18:44:15 ModelSaveAndLogHandler INFO -- val Loss: 1.2249 Acc: 0.5744
2020-04-08_18:44:15 ModelSaveAndLogHandler INFO -- Time taken is 661 seconds
2020-04-08_18:44:15 ModelSaveAndLogHandler INFO -- 
2020-04-08_18:44:15 ModelSaveAndLogHandler INFO -- Epoch 11/69
2020-04-08_18:44:15 ModelSaveAndLogHandler INFO -- ----------
2020-04-08_18:44:15 ModelSaveAndLogHandler INFO -- -- variance reduction
2020-04-08_18:54:36 ModelSaveAndLogHandler INFO -- train Loss: 1.2825 Acc: 0.5020
2020-04-08_18:55:24 ModelSaveAndLogHandler INFO -- val Loss: 1.1935 Acc: 0.6180
2020-04-08_18:55:24 ModelSaveAndLogHandler INFO -- MODEL SAVED
2020-04-08_18:55:29 ModelSaveAndLogHandler INFO -- MODEL SAVED (MOBILE)
2020-04-08_18:55:29 ModelSaveAndLogHandler INFO -- Time taken is 674 seconds
2020-04-08_18:55:29 ModelSaveAndLogHandler INFO -- 
2020-04-08_18:55:29 ModelSaveAndLogHandler INFO -- Epoch 12/69
2020-04-08_18:55:29 ModelSaveAndLogHandler INFO -- ----------
2020-04-08_18:55:29 ModelSaveAndLogHandler INFO -- -- variance reduction
2020-04-08_19:05:57 ModelSaveAndLogHandler INFO -- train Loss: 1.2144 Acc: 0.5380
2020-04-08_19:06:43 ModelSaveAndLogHandler INFO -- val Loss: 1.1879 Acc: 0.6025
2020-04-08_19:06:43 ModelSaveAndLogHandler INFO -- Time taken is 673 seconds
2020-04-08_19:06:43 ModelSaveAndLogHandler INFO -- 
2020-04-08_19:06:43 ModelSaveAndLogHandler INFO -- Epoch 13/69
2020-04-08_19:06:43 ModelSaveAndLogHandler INFO -- ----------
2020-04-08_19:06:43 ModelSaveAndLogHandler INFO -- -- variance reduction
2020-04-08_19:17:06 ModelSaveAndLogHandler INFO -- train Loss: 1.2280 Acc: 0.5250
2020-04-08_19:17:52 ModelSaveAndLogHandler INFO -- val Loss: 1.1752 Acc: 0.6155
2020-04-08_19:17:52 ModelSaveAndLogHandler INFO -- Time taken is 668 seconds
2020-04-08_19:17:52 ModelSaveAndLogHandler INFO -- 
2020-04-08_19:17:52 ModelSaveAndLogHandler INFO -- Epoch 14/69
2020-04-08_19:17:52 ModelSaveAndLogHandler INFO -- ----------
2020-04-08_19:17:52 ModelSaveAndLogHandler INFO -- -- variance reduction
2020-04-08_19:28:16 ModelSaveAndLogHandler INFO -- train Loss: 1.2083 Acc: 0.5315
2020-04-08_19:29:05 ModelSaveAndLogHandler INFO -- val Loss: 1.2082 Acc: 0.5950
2020-04-08_19:29:05 ModelSaveAndLogHandler INFO -- Time taken is 673 seconds
2020-04-08_19:29:05 ModelSaveAndLogHandler INFO -- 
2020-04-08_19:29:05 ModelSaveAndLogHandler INFO -- Epoch 15/69
2020-04-08_19:29:05 ModelSaveAndLogHandler INFO -- ----------
2020-04-08_19:29:05 ModelSaveAndLogHandler INFO -- -- variance reduction
2020-04-08_19:39:35 ModelSaveAndLogHandler INFO -- train Loss: 1.1939 Acc: 0.5571
2020-04-08_19:40:22 ModelSaveAndLogHandler INFO -- val Loss: 1.1713 Acc: 0.6125
2020-04-08_19:40:22 ModelSaveAndLogHandler INFO -- Time taken is 676 seconds
2020-04-08_19:40:22 ModelSaveAndLogHandler INFO -- 
2020-04-08_19:40:22 ModelSaveAndLogHandler INFO -- Epoch 16/69
2020-04-08_19:40:22 ModelSaveAndLogHandler INFO -- ----------
2020-04-08_19:40:22 ModelSaveAndLogHandler INFO -- -- variance reduction
2020-04-08_19:50:46 ModelSaveAndLogHandler INFO -- train Loss: 1.2002 Acc: 0.5596
2020-04-08_19:51:36 ModelSaveAndLogHandler INFO -- val Loss: 1.1666 Acc: 0.6376
2020-04-08_19:51:37 ModelSaveAndLogHandler INFO -- MODEL SAVED
2020-04-08_19:51:42 ModelSaveAndLogHandler INFO -- MODEL SAVED (MOBILE)
2020-04-08_19:51:42 ModelSaveAndLogHandler INFO -- Time taken is 679 seconds
2020-04-08_19:51:42 ModelSaveAndLogHandler INFO -- 
2020-04-08_19:51:42 ModelSaveAndLogHandler INFO -- Epoch 17/69
2020-04-08_19:51:42 ModelSaveAndLogHandler INFO -- ----------
2020-04-08_19:51:42 ModelSaveAndLogHandler INFO -- -- variance reduction
2020-04-08_20:02:21 ModelSaveAndLogHandler INFO -- train Loss: 1.1895 Acc: 0.5656
2020-04-08_20:03:06 ModelSaveAndLogHandler INFO -- val Loss: 1.1634 Acc: 0.6441
2020-04-08_20:03:06 ModelSaveAndLogHandler INFO -- MODEL SAVED
2020-04-08_20:03:10 ModelSaveAndLogHandler INFO -- MODEL SAVED (MOBILE)
2020-04-08_20:03:10 ModelSaveAndLogHandler INFO -- Time taken is 688 seconds
2020-04-08_20:03:10 ModelSaveAndLogHandler INFO -- 
2020-04-08_20:03:10 ModelSaveAndLogHandler INFO -- Epoch 18/69
2020-04-08_20:03:10 ModelSaveAndLogHandler INFO -- ----------
2020-04-08_20:03:10 ModelSaveAndLogHandler INFO -- -- variance reduction
2020-04-08_20:13:42 ModelSaveAndLogHandler INFO -- train Loss: 1.1859 Acc: 0.5696
2020-04-08_20:14:28 ModelSaveAndLogHandler INFO -- val Loss: 1.1746 Acc: 0.6271
2020-04-08_20:14:28 ModelSaveAndLogHandler INFO -- Time taken is 677 seconds
2020-04-08_20:14:28 ModelSaveAndLogHandler INFO -- 
2020-04-08_20:14:28 ModelSaveAndLogHandler INFO -- Epoch 19/69
2020-04-08_20:14:28 ModelSaveAndLogHandler INFO -- ----------
2020-04-08_20:14:28 ModelSaveAndLogHandler INFO -- -- variance reduction
2020-04-08_20:24:47 ModelSaveAndLogHandler INFO -- train Loss: 1.1954 Acc: 0.5485
2020-04-08_20:25:34 ModelSaveAndLogHandler INFO -- val Loss: 1.1765 Acc: 0.6195
2020-04-08_20:25:34 ModelSaveAndLogHandler INFO -- Time taken is 666 seconds
2020-04-08_20:25:34 ModelSaveAndLogHandler INFO -- 
2020-04-08_20:25:34 ModelSaveAndLogHandler INFO -- Epoch 20/69
2020-04-08_20:25:34 ModelSaveAndLogHandler INFO -- ----------
2020-04-08_20:25:34 ModelSaveAndLogHandler INFO -- -- variance reduction
2020-04-08_20:35:52 ModelSaveAndLogHandler INFO -- train Loss: 1.1785 Acc: 0.5546
2020-04-08_20:36:39 ModelSaveAndLogHandler INFO -- val Loss: 1.1566 Acc: 0.6351
2020-04-08_20:36:39 ModelSaveAndLogHandler INFO -- Time taken is 664 seconds
2020-04-08_20:36:39 ModelSaveAndLogHandler INFO -- 
2020-04-08_20:36:39 ModelSaveAndLogHandler INFO -- Epoch 21/69
2020-04-08_20:36:39 ModelSaveAndLogHandler INFO -- ----------
2020-04-08_20:36:39 ModelSaveAndLogHandler INFO -- -- variance reduction
2020-04-08_20:47:01 ModelSaveAndLogHandler INFO -- train Loss: 1.1896 Acc: 0.5651
2020-04-08_20:47:46 ModelSaveAndLogHandler INFO -- val Loss: 1.1555 Acc: 0.6486
2020-04-08_20:47:46 ModelSaveAndLogHandler INFO -- MODEL SAVED
2020-04-08_20:47:51 ModelSaveAndLogHandler INFO -- MODEL SAVED (MOBILE)
2020-04-08_20:47:51 ModelSaveAndLogHandler INFO -- Time taken is 672 seconds
2020-04-08_20:47:51 ModelSaveAndLogHandler INFO -- 
2020-04-08_20:47:51 ModelSaveAndLogHandler INFO -- Epoch 22/69
2020-04-08_20:47:51 ModelSaveAndLogHandler INFO -- ----------
2020-04-08_20:47:51 ModelSaveAndLogHandler INFO -- -- variance reduction
2020-04-08_20:58:25 ModelSaveAndLogHandler INFO -- train Loss: 1.1723 Acc: 0.5876
2020-04-08_20:59:12 ModelSaveAndLogHandler INFO -- val Loss: 1.1610 Acc: 0.6617
2020-04-08_20:59:12 ModelSaveAndLogHandler INFO -- MODEL SAVED
2020-04-08_20:59:17 ModelSaveAndLogHandler INFO -- MODEL SAVED (MOBILE)
2020-04-08_20:59:17 ModelSaveAndLogHandler INFO -- Time taken is 686 seconds
2020-04-08_20:59:17 ModelSaveAndLogHandler INFO -- 
2020-04-08_20:59:17 ModelSaveAndLogHandler INFO -- Epoch 23/69
2020-04-08_20:59:17 ModelSaveAndLogHandler INFO -- ----------
2020-04-08_20:59:17 ModelSaveAndLogHandler INFO -- -- variance reduction
2020-04-08_21:09:46 ModelSaveAndLogHandler INFO -- train Loss: 1.1574 Acc: 0.6106
2020-04-08_21:10:32 ModelSaveAndLogHandler INFO -- val Loss: 1.1481 Acc: 0.6541
2020-04-08_21:10:32 ModelSaveAndLogHandler INFO -- Time taken is 675 seconds
2020-04-08_21:10:32 ModelSaveAndLogHandler INFO -- 
2020-04-08_21:10:32 ModelSaveAndLogHandler INFO -- Epoch 24/69
2020-04-08_21:10:32 ModelSaveAndLogHandler INFO -- ----------
2020-04-08_21:10:32 ModelSaveAndLogHandler INFO -- -- variance reduction
2020-04-08_21:20:45 ModelSaveAndLogHandler INFO -- train Loss: 1.1731 Acc: 0.5881
2020-04-08_21:21:30 ModelSaveAndLogHandler INFO -- val Loss: 1.1464 Acc: 0.6506
2020-04-08_21:21:30 ModelSaveAndLogHandler INFO -- Time taken is 657 seconds
2020-04-08_21:21:30 ModelSaveAndLogHandler INFO -- 
2020-04-08_21:21:30 ModelSaveAndLogHandler INFO -- Epoch 25/69
2020-04-08_21:21:30 ModelSaveAndLogHandler INFO -- ----------
2020-04-08_21:21:30 ModelSaveAndLogHandler INFO -- -- variance reduction
2020-04-08_21:31:29 ModelSaveAndLogHandler INFO -- train Loss: 1.1556 Acc: 0.5791
2020-04-08_21:32:13 ModelSaveAndLogHandler INFO -- val Loss: 1.1438 Acc: 0.6411
2020-04-08_21:32:13 ModelSaveAndLogHandler INFO -- Time taken is 643 seconds
2020-04-08_21:32:13 ModelSaveAndLogHandler INFO -- 
2020-04-08_21:32:13 ModelSaveAndLogHandler INFO -- Epoch 26/69
2020-04-08_21:32:13 ModelSaveAndLogHandler INFO -- ----------
2020-04-08_21:32:13 ModelSaveAndLogHandler INFO -- -- variance reduction
2020-04-08_21:42:08 ModelSaveAndLogHandler INFO -- train Loss: 1.1677 Acc: 0.5816
2020-04-08_21:42:54 ModelSaveAndLogHandler INFO -- val Loss: 1.1480 Acc: 0.6602
2020-04-08_21:42:54 ModelSaveAndLogHandler INFO -- Time taken is 640 seconds
2020-04-08_21:42:54 ModelSaveAndLogHandler INFO -- 
2020-04-08_21:42:54 ModelSaveAndLogHandler INFO -- Epoch 27/69
2020-04-08_21:42:54 ModelSaveAndLogHandler INFO -- ----------
2020-04-08_21:42:54 ModelSaveAndLogHandler INFO -- -- variance reduction
2020-04-08_21:53:13 ModelSaveAndLogHandler INFO -- train Loss: 1.1741 Acc: 0.5881
2020-04-08_21:53:58 ModelSaveAndLogHandler INFO -- val Loss: 1.1610 Acc: 0.6481
2020-04-08_21:53:58 ModelSaveAndLogHandler INFO -- Time taken is 664 seconds
2020-04-08_21:53:58 ModelSaveAndLogHandler INFO -- 
2020-04-08_21:53:58 ModelSaveAndLogHandler INFO -- Epoch 28/69
2020-04-08_21:53:58 ModelSaveAndLogHandler INFO -- ----------
2020-04-08_21:53:58 ModelSaveAndLogHandler INFO -- -- variance reduction
2020-04-08_22:04:27 ModelSaveAndLogHandler INFO -- train Loss: 1.1722 Acc: 0.6051
2020-04-08_22:05:13 ModelSaveAndLogHandler INFO -- val Loss: 1.1337 Acc: 0.6612
2020-04-08_22:05:13 ModelSaveAndLogHandler INFO -- Time taken is 675 seconds
2020-04-08_22:05:13 ModelSaveAndLogHandler INFO -- 
2020-04-08_22:05:13 ModelSaveAndLogHandler INFO -- Epoch 29/69
2020-04-08_22:05:13 ModelSaveAndLogHandler INFO -- ----------
2020-04-08_22:05:13 ModelSaveAndLogHandler INFO -- -- variance reduction
2020-04-08_22:15:37 ModelSaveAndLogHandler INFO -- train Loss: 1.1812 Acc: 0.5716
2020-04-08_22:16:22 ModelSaveAndLogHandler INFO -- val Loss: 1.1519 Acc: 0.6491
2020-04-08_22:16:22 ModelSaveAndLogHandler INFO -- Time taken is 669 seconds
2020-04-08_22:16:22 ModelSaveAndLogHandler INFO -- 
2020-04-08_22:16:22 ModelSaveAndLogHandler INFO -- Epoch 30/69
2020-04-08_22:16:22 ModelSaveAndLogHandler INFO -- ----------
2020-04-08_22:16:22 ModelSaveAndLogHandler INFO -- -- variance reduction
2020-04-08_22:26:37 ModelSaveAndLogHandler INFO -- train Loss: 1.1545 Acc: 0.6196
2020-04-08_22:27:23 ModelSaveAndLogHandler INFO -- val Loss: 1.1358 Acc: 0.6607
2020-04-08_22:27:23 ModelSaveAndLogHandler INFO -- Time taken is 661 seconds
2020-04-08_22:27:23 ModelSaveAndLogHandler INFO -- 
2020-04-08_22:27:23 ModelSaveAndLogHandler INFO -- Epoch 31/69
2020-04-08_22:27:23 ModelSaveAndLogHandler INFO -- ----------
2020-04-08_22:27:23 ModelSaveAndLogHandler INFO -- -- variance reduction
2020-04-08_22:37:45 ModelSaveAndLogHandler INFO -- train Loss: 1.1648 Acc: 0.5986
2020-04-08_22:38:33 ModelSaveAndLogHandler INFO -- val Loss: 1.1359 Acc: 0.6436
2020-04-08_22:38:33 ModelSaveAndLogHandler INFO -- Time taken is 669 seconds
2020-04-08_22:38:33 ModelSaveAndLogHandler INFO -- 
2020-04-08_22:38:33 ModelSaveAndLogHandler INFO -- Epoch 32/69
2020-04-08_22:38:33 ModelSaveAndLogHandler INFO -- ----------
2020-04-08_22:38:33 ModelSaveAndLogHandler INFO -- -- variance reduction
2020-04-08_22:48:58 ModelSaveAndLogHandler INFO -- train Loss: 1.1611 Acc: 0.6076
2020-04-08_22:49:42 ModelSaveAndLogHandler INFO -- val Loss: 1.1538 Acc: 0.6526
2020-04-08_22:49:42 ModelSaveAndLogHandler INFO -- Time taken is 669 seconds
2020-04-08_22:49:42 ModelSaveAndLogHandler INFO -- 
2020-04-08_22:49:42 ModelSaveAndLogHandler INFO -- Epoch 33/69
2020-04-08_22:49:42 ModelSaveAndLogHandler INFO -- ----------
2020-04-08_22:49:42 ModelSaveAndLogHandler INFO -- -- variance reduction
2020-04-08_23:00:08 ModelSaveAndLogHandler INFO -- train Loss: 1.1502 Acc: 0.6091
2020-04-08_23:00:55 ModelSaveAndLogHandler INFO -- val Loss: 1.1397 Acc: 0.6591
2020-04-08_23:00:55 ModelSaveAndLogHandler INFO -- Time taken is 673 seconds
2020-04-08_23:00:55 ModelSaveAndLogHandler INFO -- 
2020-04-08_23:00:55 ModelSaveAndLogHandler INFO -- Epoch 34/69
2020-04-08_23:00:55 ModelSaveAndLogHandler INFO -- ----------
2020-04-08_23:00:55 ModelSaveAndLogHandler INFO -- -- variance reduction
2020-04-08_23:11:18 ModelSaveAndLogHandler INFO -- train Loss: 1.1503 Acc: 0.6051
2020-04-08_23:12:04 ModelSaveAndLogHandler INFO -- val Loss: 1.1396 Acc: 0.6702
2020-04-08_23:12:04 ModelSaveAndLogHandler INFO -- MODEL SAVED
2020-04-08_23:12:09 ModelSaveAndLogHandler INFO -- MODEL SAVED (MOBILE)
2020-04-08_23:12:09 ModelSaveAndLogHandler INFO -- Time taken is 673 seconds
2020-04-08_23:12:09 ModelSaveAndLogHandler INFO -- 
2020-04-08_23:12:09 ModelSaveAndLogHandler INFO -- Epoch 35/69
2020-04-08_23:12:09 ModelSaveAndLogHandler INFO -- ----------
2020-04-08_23:12:09 ModelSaveAndLogHandler INFO -- -- variance reduction
2020-04-08_23:22:29 ModelSaveAndLogHandler INFO -- train Loss: 1.1772 Acc: 0.5786
2020-04-08_23:23:15 ModelSaveAndLogHandler INFO -- val Loss: 1.1444 Acc: 0.6461
2020-04-08_23:23:15 ModelSaveAndLogHandler INFO -- Time taken is 666 seconds
2020-04-08_23:23:15 ModelSaveAndLogHandler INFO -- 
2020-04-08_23:23:15 ModelSaveAndLogHandler INFO -- Epoch 36/69
2020-04-08_23:23:15 ModelSaveAndLogHandler INFO -- ----------
2020-04-08_23:23:15 ModelSaveAndLogHandler INFO -- -- variance reduction
2020-04-08_23:33:47 ModelSaveAndLogHandler INFO -- train Loss: 1.1540 Acc: 0.6196
2020-04-08_23:34:34 ModelSaveAndLogHandler INFO -- val Loss: 1.1307 Acc: 0.6762
2020-04-08_23:34:34 ModelSaveAndLogHandler INFO -- MODEL SAVED
2020-04-08_23:34:39 ModelSaveAndLogHandler INFO -- MODEL SAVED (MOBILE)
2020-04-08_23:34:39 ModelSaveAndLogHandler INFO -- Time taken is 683 seconds
2020-04-08_23:34:39 ModelSaveAndLogHandler INFO -- 
2020-04-08_23:34:39 ModelSaveAndLogHandler INFO -- Epoch 37/69
2020-04-08_23:34:39 ModelSaveAndLogHandler INFO -- ----------
2020-04-08_23:34:39 ModelSaveAndLogHandler INFO -- -- variance reduction
2020-04-08_23:45:09 ModelSaveAndLogHandler INFO -- train Loss: 1.1641 Acc: 0.6101
2020-04-08_23:45:56 ModelSaveAndLogHandler INFO -- val Loss: 1.1357 Acc: 0.6561
2020-04-08_23:45:56 ModelSaveAndLogHandler INFO -- Time taken is 676 seconds
2020-04-08_23:45:56 ModelSaveAndLogHandler INFO -- 
2020-04-08_23:45:56 ModelSaveAndLogHandler INFO -- Epoch 38/69
2020-04-08_23:45:56 ModelSaveAndLogHandler INFO -- ----------
2020-04-08_23:45:56 ModelSaveAndLogHandler INFO -- -- variance reduction
2020-04-08_23:55:54 ModelSaveAndLogHandler INFO -- train Loss: 1.1494 Acc: 0.6061
2020-04-08_23:56:37 ModelSaveAndLogHandler INFO -- val Loss: 1.1390 Acc: 0.6591
2020-04-08_23:56:37 ModelSaveAndLogHandler INFO -- Time taken is 641 seconds
2020-04-08_23:56:37 ModelSaveAndLogHandler INFO -- 
2020-04-08_23:56:37 ModelSaveAndLogHandler INFO -- Epoch 39/69
2020-04-08_23:56:37 ModelSaveAndLogHandler INFO -- ----------
2020-04-08_23:56:37 ModelSaveAndLogHandler INFO -- -- variance reduction
2020-04-09_00:06:16 ModelSaveAndLogHandler INFO -- train Loss: 1.1485 Acc: 0.6006
2020-04-09_00:06:58 ModelSaveAndLogHandler INFO -- val Loss: 1.1429 Acc: 0.6461
2020-04-09_00:06:58 ModelSaveAndLogHandler INFO -- Time taken is 620 seconds
2020-04-09_00:06:58 ModelSaveAndLogHandler INFO -- 
2020-04-09_00:06:58 ModelSaveAndLogHandler INFO -- Epoch 40/69
2020-04-09_00:06:58 ModelSaveAndLogHandler INFO -- ----------
2020-04-09_00:06:58 ModelSaveAndLogHandler INFO -- -- variance reduction
2020-04-09_00:16:29 ModelSaveAndLogHandler INFO -- train Loss: 1.1562 Acc: 0.6236
2020-04-09_00:17:15 ModelSaveAndLogHandler INFO -- val Loss: 1.1348 Acc: 0.6737
2020-04-09_00:17:15 ModelSaveAndLogHandler INFO -- Time taken is 617 seconds
2020-04-09_00:17:15 ModelSaveAndLogHandler INFO -- 
2020-04-09_00:17:15 ModelSaveAndLogHandler INFO -- Epoch 41/69
2020-04-09_00:17:15 ModelSaveAndLogHandler INFO -- ----------
2020-04-09_00:17:15 ModelSaveAndLogHandler INFO -- -- variance reduction
2020-04-09_00:26:59 ModelSaveAndLogHandler INFO -- train Loss: 1.1537 Acc: 0.6131
2020-04-09_00:27:45 ModelSaveAndLogHandler INFO -- val Loss: 1.1432 Acc: 0.6441
2020-04-09_00:27:45 ModelSaveAndLogHandler INFO -- Time taken is 630 seconds
2020-04-09_00:27:45 ModelSaveAndLogHandler INFO -- 
2020-04-09_00:27:45 ModelSaveAndLogHandler INFO -- Epoch 42/69
2020-04-09_00:27:45 ModelSaveAndLogHandler INFO -- ----------
2020-04-09_00:27:45 ModelSaveAndLogHandler INFO -- -- variance reduction
2020-04-09_00:37:29 ModelSaveAndLogHandler INFO -- train Loss: 1.1505 Acc: 0.6121
2020-04-09_00:38:15 ModelSaveAndLogHandler INFO -- val Loss: 1.1475 Acc: 0.6496
2020-04-09_00:38:15 ModelSaveAndLogHandler INFO -- Time taken is 629 seconds
2020-04-09_00:38:15 ModelSaveAndLogHandler INFO -- 
2020-04-09_00:38:15 ModelSaveAndLogHandler INFO -- Epoch 43/69
2020-04-09_00:38:15 ModelSaveAndLogHandler INFO -- ----------
2020-04-09_00:38:15 ModelSaveAndLogHandler INFO -- -- variance reduction
2020-04-09_00:47:55 ModelSaveAndLogHandler INFO -- train Loss: 1.1721 Acc: 0.6066
2020-04-09_00:48:40 ModelSaveAndLogHandler INFO -- val Loss: 1.1346 Acc: 0.6506
2020-04-09_00:48:40 ModelSaveAndLogHandler INFO -- Time taken is 625 seconds
2020-04-09_00:48:40 ModelSaveAndLogHandler INFO -- 
2020-04-09_00:48:40 ModelSaveAndLogHandler INFO -- Epoch 44/69
2020-04-09_00:48:40 ModelSaveAndLogHandler INFO -- ----------
2020-04-09_00:48:40 ModelSaveAndLogHandler INFO -- -- variance reduction
2020-04-09_00:58:22 ModelSaveAndLogHandler INFO -- train Loss: 1.1545 Acc: 0.6236
2020-04-09_00:59:06 ModelSaveAndLogHandler INFO -- val Loss: 1.1279 Acc: 0.6767
2020-04-09_00:59:06 ModelSaveAndLogHandler INFO -- MODEL SAVED
2020-04-09_00:59:11 ModelSaveAndLogHandler INFO -- MODEL SAVED (MOBILE)
2020-04-09_00:59:11 ModelSaveAndLogHandler INFO -- Time taken is 630 seconds
2020-04-09_00:59:11 ModelSaveAndLogHandler INFO -- 
2020-04-09_00:59:11 ModelSaveAndLogHandler INFO -- Epoch 45/69
2020-04-09_00:59:11 ModelSaveAndLogHandler INFO -- ----------
2020-04-09_00:59:11 ModelSaveAndLogHandler INFO -- -- variance reduction
2020-04-09_01:08:45 ModelSaveAndLogHandler INFO -- train Loss: 1.1627 Acc: 0.6071
2020-04-09_01:09:31 ModelSaveAndLogHandler INFO -- val Loss: 1.1313 Acc: 0.6632
2020-04-09_01:09:31 ModelSaveAndLogHandler INFO -- Time taken is 620 seconds
2020-04-09_01:09:32 ModelSaveAndLogHandler INFO -- 
2020-04-09_01:09:32 ModelSaveAndLogHandler INFO -- Epoch 46/69
2020-04-09_01:09:32 ModelSaveAndLogHandler INFO -- ----------
2020-04-09_01:09:32 ModelSaveAndLogHandler INFO -- -- variance reduction
2020-04-09_01:19:20 ModelSaveAndLogHandler INFO -- train Loss: 1.1564 Acc: 0.6136
2020-04-09_01:20:05 ModelSaveAndLogHandler INFO -- val Loss: 1.1257 Acc: 0.6857
2020-04-09_01:20:05 ModelSaveAndLogHandler INFO -- MODEL SAVED
2020-04-09_01:20:10 ModelSaveAndLogHandler INFO -- MODEL SAVED (MOBILE)
2020-04-09_01:20:10 ModelSaveAndLogHandler INFO -- Time taken is 638 seconds
2020-04-09_01:20:10 ModelSaveAndLogHandler INFO -- 
2020-04-09_01:20:10 ModelSaveAndLogHandler INFO -- Epoch 47/69
2020-04-09_01:20:10 ModelSaveAndLogHandler INFO -- ----------
2020-04-09_01:20:10 ModelSaveAndLogHandler INFO -- -- variance reduction
2020-04-09_01:31:59 ModelSaveAndLogHandler INFO -- train Loss: 1.1342 Acc: 0.6266
2020-04-09_01:32:47 ModelSaveAndLogHandler INFO -- val Loss: 1.1370 Acc: 0.6757
2020-04-09_01:32:47 ModelSaveAndLogHandler INFO -- Time taken is 757 seconds
2020-04-09_01:32:47 ModelSaveAndLogHandler INFO -- 
2020-04-09_01:32:47 ModelSaveAndLogHandler INFO -- Epoch 48/69
2020-04-09_01:32:47 ModelSaveAndLogHandler INFO -- ----------
2020-04-09_01:32:47 ModelSaveAndLogHandler INFO -- -- variance reduction
2020-04-09_01:42:34 ModelSaveAndLogHandler INFO -- train Loss: 1.1458 Acc: 0.6281
2020-04-09_01:43:19 ModelSaveAndLogHandler INFO -- val Loss: 1.1348 Acc: 0.6647
2020-04-09_01:43:19 ModelSaveAndLogHandler INFO -- Time taken is 632 seconds
2020-04-09_01:43:19 ModelSaveAndLogHandler INFO -- 
2020-04-09_01:43:19 ModelSaveAndLogHandler INFO -- Epoch 49/69
2020-04-09_01:43:19 ModelSaveAndLogHandler INFO -- ----------
2020-04-09_01:43:19 ModelSaveAndLogHandler INFO -- -- variance reduction
2020-04-09_01:53:08 ModelSaveAndLogHandler INFO -- train Loss: 1.1550 Acc: 0.6341
2020-04-09_01:53:53 ModelSaveAndLogHandler INFO -- val Loss: 1.1405 Acc: 0.6752
2020-04-09_01:53:53 ModelSaveAndLogHandler INFO -- Time taken is 633 seconds
2020-04-09_01:53:53 ModelSaveAndLogHandler INFO -- 
2020-04-09_01:53:53 ModelSaveAndLogHandler INFO -- Epoch 50/69
2020-04-09_01:53:53 ModelSaveAndLogHandler INFO -- ----------
2020-04-09_01:53:53 ModelSaveAndLogHandler INFO -- -- variance reduction
2020-04-09_02:09:01 ModelSaveAndLogHandler INFO -- train Loss: 1.1515 Acc: 0.6256
2020-04-09_02:10:33 ModelSaveAndLogHandler INFO -- val Loss: 1.1352 Acc: 0.6652
2020-04-09_02:10:33 ModelSaveAndLogHandler INFO -- Time taken is 1000 seconds
2020-04-09_02:10:33 ModelSaveAndLogHandler INFO -- 
2020-04-09_02:10:33 ModelSaveAndLogHandler INFO -- Epoch 51/69
2020-04-09_02:10:33 ModelSaveAndLogHandler INFO -- ----------
2020-04-09_02:10:33 ModelSaveAndLogHandler INFO -- -- variance reduction
2020-04-09_02:24:17 ModelSaveAndLogHandler INFO -- train Loss: 1.1510 Acc: 0.6101
2020-04-09_02:25:04 ModelSaveAndLogHandler INFO -- val Loss: 1.1364 Acc: 0.6827
2020-04-09_02:25:04 ModelSaveAndLogHandler INFO -- Time taken is 871 seconds
2020-04-09_02:25:04 ModelSaveAndLogHandler INFO -- 
2020-04-09_02:25:04 ModelSaveAndLogHandler INFO -- Epoch 52/69
2020-04-09_02:25:04 ModelSaveAndLogHandler INFO -- ----------
2020-04-09_02:25:04 ModelSaveAndLogHandler INFO -- -- variance reduction
2020-04-09_02:35:49 ModelSaveAndLogHandler INFO -- train Loss: 1.1531 Acc: 0.6306
2020-04-09_02:36:36 ModelSaveAndLogHandler INFO -- val Loss: 1.1299 Acc: 0.6912
2020-04-09_02:36:36 ModelSaveAndLogHandler INFO -- MODEL SAVED
2020-04-09_02:36:40 ModelSaveAndLogHandler INFO -- MODEL SAVED (MOBILE)
2020-04-09_02:36:40 ModelSaveAndLogHandler INFO -- Time taken is 696 seconds
2020-04-09_02:36:40 ModelSaveAndLogHandler INFO -- 
2020-04-09_02:36:40 ModelSaveAndLogHandler INFO -- Epoch 53/69
2020-04-09_02:36:40 ModelSaveAndLogHandler INFO -- ----------
2020-04-09_02:36:40 ModelSaveAndLogHandler INFO -- -- variance reduction
2020-04-09_02:46:39 ModelSaveAndLogHandler INFO -- train Loss: 1.1437 Acc: 0.6191
2020-04-09_02:47:25 ModelSaveAndLogHandler INFO -- val Loss: 1.1564 Acc: 0.6667
2020-04-09_02:47:25 ModelSaveAndLogHandler INFO -- Time taken is 644 seconds
2020-04-09_02:47:25 ModelSaveAndLogHandler INFO -- 
2020-04-09_02:47:25 ModelSaveAndLogHandler INFO -- Epoch 54/69
2020-04-09_02:47:25 ModelSaveAndLogHandler INFO -- ----------
2020-04-09_02:47:25 ModelSaveAndLogHandler INFO -- -- variance reduction
2020-04-09_02:57:01 ModelSaveAndLogHandler INFO -- train Loss: 1.1583 Acc: 0.6281
2020-04-09_02:57:49 ModelSaveAndLogHandler INFO -- val Loss: 1.1319 Acc: 0.6797
2020-04-09_02:57:49 ModelSaveAndLogHandler INFO -- Time taken is 623 seconds
2020-04-09_02:57:49 ModelSaveAndLogHandler INFO -- 
2020-04-09_02:57:49 ModelSaveAndLogHandler INFO -- Epoch 55/69
2020-04-09_02:57:49 ModelSaveAndLogHandler INFO -- ----------
2020-04-09_02:57:49 ModelSaveAndLogHandler INFO -- -- variance reduction
2020-04-09_03:07:38 ModelSaveAndLogHandler INFO -- train Loss: 1.1574 Acc: 0.6091
2020-04-09_03:08:23 ModelSaveAndLogHandler INFO -- val Loss: 1.1346 Acc: 0.6732
2020-04-09_03:08:23 ModelSaveAndLogHandler INFO -- Time taken is 634 seconds
2020-04-09_03:08:23 ModelSaveAndLogHandler INFO -- 
2020-04-09_03:08:23 ModelSaveAndLogHandler INFO -- Epoch 56/69
2020-04-09_03:08:23 ModelSaveAndLogHandler INFO -- ----------
2020-04-09_03:08:23 ModelSaveAndLogHandler INFO -- -- variance reduction
2020-04-09_03:18:21 ModelSaveAndLogHandler INFO -- train Loss: 1.1537 Acc: 0.6216
2020-04-09_03:19:09 ModelSaveAndLogHandler INFO -- val Loss: 1.1287 Acc: 0.6737
2020-04-09_03:19:09 ModelSaveAndLogHandler INFO -- Time taken is 645 seconds
2020-04-09_03:19:09 ModelSaveAndLogHandler INFO -- 
2020-04-09_03:19:09 ModelSaveAndLogHandler INFO -- Epoch 57/69
2020-04-09_03:19:09 ModelSaveAndLogHandler INFO -- ----------
2020-04-09_03:19:09 ModelSaveAndLogHandler INFO -- -- variance reduction
2020-04-09_03:28:53 ModelSaveAndLogHandler INFO -- train Loss: 1.1427 Acc: 0.6416
2020-04-09_03:29:41 ModelSaveAndLogHandler INFO -- val Loss: 1.1451 Acc: 0.6717
2020-04-09_03:29:41 ModelSaveAndLogHandler INFO -- Time taken is 632 seconds
2020-04-09_03:29:41 ModelSaveAndLogHandler INFO -- 
2020-04-09_03:29:41 ModelSaveAndLogHandler INFO -- Epoch 58/69
2020-04-09_03:29:41 ModelSaveAndLogHandler INFO -- ----------
2020-04-09_03:29:41 ModelSaveAndLogHandler INFO -- -- variance reduction
2020-04-09_03:39:40 ModelSaveAndLogHandler INFO -- train Loss: 1.1574 Acc: 0.6191
2020-04-09_03:40:27 ModelSaveAndLogHandler INFO -- val Loss: 1.1265 Acc: 0.6927
2020-04-09_03:40:27 ModelSaveAndLogHandler INFO -- MODEL SAVED
2020-04-09_03:40:32 ModelSaveAndLogHandler INFO -- MODEL SAVED (MOBILE)
2020-04-09_03:40:32 ModelSaveAndLogHandler INFO -- Time taken is 650 seconds
2020-04-09_03:40:32 ModelSaveAndLogHandler INFO -- 
2020-04-09_03:40:32 ModelSaveAndLogHandler INFO -- Epoch 59/69
2020-04-09_03:40:32 ModelSaveAndLogHandler INFO -- ----------
2020-04-09_03:40:32 ModelSaveAndLogHandler INFO -- -- variance reduction
2020-04-09_03:50:21 ModelSaveAndLogHandler INFO -- train Loss: 1.1462 Acc: 0.6351
2020-04-09_03:51:08 ModelSaveAndLogHandler INFO -- val Loss: 1.1298 Acc: 0.6722
2020-04-09_03:51:08 ModelSaveAndLogHandler INFO -- Time taken is 636 seconds
2020-04-09_03:51:08 ModelSaveAndLogHandler INFO -- 
2020-04-09_03:51:08 ModelSaveAndLogHandler INFO -- Epoch 60/69
2020-04-09_03:51:08 ModelSaveAndLogHandler INFO -- ----------
2020-04-09_03:51:08 ModelSaveAndLogHandler INFO -- -- variance reduction
2020-04-09_04:01:02 ModelSaveAndLogHandler INFO -- train Loss: 1.1422 Acc: 0.6341
2020-04-09_04:01:51 ModelSaveAndLogHandler INFO -- val Loss: 1.1330 Acc: 0.6667
2020-04-09_04:01:51 ModelSaveAndLogHandler INFO -- Time taken is 642 seconds
2020-04-09_04:01:51 ModelSaveAndLogHandler INFO -- 
2020-04-09_04:01:51 ModelSaveAndLogHandler INFO -- Epoch 61/69
2020-04-09_04:01:51 ModelSaveAndLogHandler INFO -- ----------
2020-04-09_04:01:51 ModelSaveAndLogHandler INFO -- -- variance reduction
2020-04-09_04:11:35 ModelSaveAndLogHandler INFO -- train Loss: 1.1576 Acc: 0.6146
2020-04-09_04:12:25 ModelSaveAndLogHandler INFO -- val Loss: 1.1310 Acc: 0.6807
2020-04-09_04:12:25 ModelSaveAndLogHandler INFO -- Time taken is 634 seconds
2020-04-09_04:12:25 ModelSaveAndLogHandler INFO -- 
2020-04-09_04:12:25 ModelSaveAndLogHandler INFO -- Epoch 62/69
2020-04-09_04:12:25 ModelSaveAndLogHandler INFO -- ----------
2020-04-09_04:12:25 ModelSaveAndLogHandler INFO -- -- variance reduction
2020-04-09_04:22:10 ModelSaveAndLogHandler INFO -- train Loss: 1.1399 Acc: 0.6517
2020-04-09_04:22:57 ModelSaveAndLogHandler INFO -- val Loss: 1.1301 Acc: 0.6877
2020-04-09_04:22:57 ModelSaveAndLogHandler INFO -- Time taken is 631 seconds
2020-04-09_04:22:57 ModelSaveAndLogHandler INFO -- 
2020-04-09_04:22:57 ModelSaveAndLogHandler INFO -- Epoch 63/69
2020-04-09_04:22:57 ModelSaveAndLogHandler INFO -- ----------
2020-04-09_04:22:57 ModelSaveAndLogHandler INFO -- -- variance reduction
2020-04-09_04:32:44 ModelSaveAndLogHandler INFO -- train Loss: 1.1626 Acc: 0.6246
2020-04-09_04:33:31 ModelSaveAndLogHandler INFO -- val Loss: 1.1516 Acc: 0.6767
2020-04-09_04:33:31 ModelSaveAndLogHandler INFO -- Time taken is 634 seconds
2020-04-09_04:33:31 ModelSaveAndLogHandler INFO -- 
2020-04-09_04:33:31 ModelSaveAndLogHandler INFO -- Epoch 64/69
2020-04-09_04:33:31 ModelSaveAndLogHandler INFO -- ----------
2020-04-09_04:33:31 ModelSaveAndLogHandler INFO -- -- variance reduction
2020-04-09_04:43:21 ModelSaveAndLogHandler INFO -- train Loss: 1.1557 Acc: 0.6226
2020-04-09_04:44:06 ModelSaveAndLogHandler INFO -- val Loss: 1.1249 Acc: 0.6882
2020-04-09_04:44:06 ModelSaveAndLogHandler INFO -- Time taken is 634 seconds
2020-04-09_04:44:06 ModelSaveAndLogHandler INFO -- 
2020-04-09_04:44:06 ModelSaveAndLogHandler INFO -- Epoch 65/69
2020-04-09_04:44:06 ModelSaveAndLogHandler INFO -- ----------
2020-04-09_04:44:06 ModelSaveAndLogHandler INFO -- -- variance reduction
2020-04-09_04:53:47 ModelSaveAndLogHandler INFO -- train Loss: 1.1501 Acc: 0.6236
2020-04-09_04:54:34 ModelSaveAndLogHandler INFO -- val Loss: 1.1403 Acc: 0.6887
2020-04-09_04:54:34 ModelSaveAndLogHandler INFO -- Time taken is 627 seconds
2020-04-09_04:54:34 ModelSaveAndLogHandler INFO -- 
2020-04-09_04:54:34 ModelSaveAndLogHandler INFO -- Epoch 66/69
2020-04-09_04:54:34 ModelSaveAndLogHandler INFO -- ----------
2020-04-09_04:54:34 ModelSaveAndLogHandler INFO -- -- variance reduction
2020-04-09_05:04:18 ModelSaveAndLogHandler INFO -- train Loss: 1.1535 Acc: 0.6286
2020-04-09_05:05:07 ModelSaveAndLogHandler INFO -- val Loss: 1.1407 Acc: 0.6777
2020-04-09_05:05:07 ModelSaveAndLogHandler INFO -- Time taken is 632 seconds
2020-04-09_05:05:07 ModelSaveAndLogHandler INFO -- 
2020-04-09_05:05:07 ModelSaveAndLogHandler INFO -- Epoch 67/69
2020-04-09_05:05:07 ModelSaveAndLogHandler INFO -- ----------
2020-04-09_05:05:07 ModelSaveAndLogHandler INFO -- -- variance reduction
2020-04-09_05:14:50 ModelSaveAndLogHandler INFO -- train Loss: 1.1536 Acc: 0.6346
2020-04-09_05:15:36 ModelSaveAndLogHandler INFO -- val Loss: 1.1586 Acc: 0.6817
2020-04-09_05:15:36 ModelSaveAndLogHandler INFO -- Time taken is 629 seconds
2020-04-09_05:15:36 ModelSaveAndLogHandler INFO -- 
2020-04-09_05:15:36 ModelSaveAndLogHandler INFO -- Epoch 68/69
2020-04-09_05:15:36 ModelSaveAndLogHandler INFO -- ----------
2020-04-09_05:15:36 ModelSaveAndLogHandler INFO -- -- variance reduction
2020-04-09_05:25:26 ModelSaveAndLogHandler INFO -- train Loss: 1.1465 Acc: 0.6306
2020-04-09_05:26:12 ModelSaveAndLogHandler INFO -- val Loss: 1.1307 Acc: 0.6762
2020-04-09_05:26:12 ModelSaveAndLogHandler INFO -- Time taken is 635 seconds
2020-04-09_05:26:12 ModelSaveAndLogHandler INFO -- 
2020-04-09_05:26:12 ModelSaveAndLogHandler INFO -- Epoch 69/69
2020-04-09_05:26:12 ModelSaveAndLogHandler INFO -- ----------
2020-04-09_05:26:12 ModelSaveAndLogHandler INFO -- -- variance reduction
2020-04-09_05:35:57 ModelSaveAndLogHandler INFO -- train Loss: 1.1529 Acc: 0.6361
2020-04-09_05:36:46 ModelSaveAndLogHandler INFO -- val Loss: 1.1332 Acc: 0.6762
2020-04-09_05:36:46 ModelSaveAndLogHandler INFO -- Time taken is 634 seconds
2020-04-09_05:36:46 ModelSaveAndLogHandler INFO -- 
2020-04-09_05:36:46 ModelSaveAndLogHandler INFO -- Training complete in 773m 36s
2020-04-09_05:36:46 ModelSaveAndLogHandler INFO -- Best val Acc: 0.692732
