2020-03-20_12:20:57 ModelSaveAndLogHandler INFO -- Encoder: D:\Desktop\projects\speaker_recognition_voxceleb1\output_data\models\contrastive_encoder\good_models\2020-03-20_03-25-22
2020-03-20_12:20:57 ModelSaveAndLogHandler INFO -- Epoch 0/49
2020-03-20_12:20:57 ModelSaveAndLogHandler INFO -- ----------
2020-03-20_12:22:26 ModelSaveAndLogHandler INFO -- train Loss: 0.6906 Acc: 0.5000
2020-03-20_12:22:30 ModelSaveAndLogHandler INFO -- val Loss: 0.6881 Acc: 0.5000
2020-03-20_12:22:30 ModelSaveAndLogHandler INFO -- MODEL SAVED
2020-03-20_12:22:34 ModelSaveAndLogHandler INFO -- MODEL SAVED (MOBILE)
2020-03-20_12:22:34 ModelSaveAndLogHandler INFO -- Time taken is 96 seconds
2020-03-20_12:22:34 ModelSaveAndLogHandler INFO -- 
2020-03-20_12:22:34 ModelSaveAndLogHandler INFO -- Epoch 1/49
2020-03-20_12:22:34 ModelSaveAndLogHandler INFO -- ----------
2020-03-20_12:23:49 ModelSaveAndLogHandler INFO -- train Loss: 0.6865 Acc: 0.5000
2020-03-20_12:23:52 ModelSaveAndLogHandler INFO -- val Loss: 0.6831 Acc: 0.5000
2020-03-20_12:23:52 ModelSaveAndLogHandler INFO -- Time taken is 78 seconds
2020-03-20_12:23:52 ModelSaveAndLogHandler INFO -- 
2020-03-20_12:23:52 ModelSaveAndLogHandler INFO -- Epoch 2/49
2020-03-20_12:23:52 ModelSaveAndLogHandler INFO -- ----------
2020-03-20_12:25:25 ModelSaveAndLogHandler INFO -- train Loss: 0.6807 Acc: 0.5036
2020-03-20_12:25:29 ModelSaveAndLogHandler INFO -- val Loss: 0.6769 Acc: 0.5143
2020-03-20_12:25:29 ModelSaveAndLogHandler INFO -- MODEL SAVED
2020-03-20_12:25:33 ModelSaveAndLogHandler INFO -- MODEL SAVED (MOBILE)
2020-03-20_12:25:33 ModelSaveAndLogHandler INFO -- Time taken is 100 seconds
2020-03-20_12:25:33 ModelSaveAndLogHandler INFO -- 
2020-03-20_12:25:33 ModelSaveAndLogHandler INFO -- Epoch 3/49
2020-03-20_12:25:33 ModelSaveAndLogHandler INFO -- ----------
2020-03-20_12:26:45 ModelSaveAndLogHandler INFO -- train Loss: 0.6748 Acc: 0.5310
2020-03-20_12:26:48 ModelSaveAndLogHandler INFO -- val Loss: 0.6681 Acc: 0.5602
2020-03-20_12:26:48 ModelSaveAndLogHandler INFO -- MODEL SAVED
2020-03-20_12:26:52 ModelSaveAndLogHandler INFO -- MODEL SAVED (MOBILE)
2020-03-20_12:26:52 ModelSaveAndLogHandler INFO -- Time taken is 78 seconds
2020-03-20_12:26:52 ModelSaveAndLogHandler INFO -- 
2020-03-20_12:26:52 ModelSaveAndLogHandler INFO -- Epoch 4/49
2020-03-20_12:26:52 ModelSaveAndLogHandler INFO -- ----------
2020-03-20_12:28:33 ModelSaveAndLogHandler INFO -- train Loss: 0.6650 Acc: 0.5716
2020-03-20_12:28:37 ModelSaveAndLogHandler INFO -- val Loss: 0.6556 Acc: 0.6018
2020-03-20_12:28:37 ModelSaveAndLogHandler INFO -- MODEL SAVED
2020-03-20_12:28:41 ModelSaveAndLogHandler INFO -- MODEL SAVED (MOBILE)
2020-03-20_12:28:41 ModelSaveAndLogHandler INFO -- Time taken is 109 seconds
2020-03-20_12:28:41 ModelSaveAndLogHandler INFO -- 
2020-03-20_12:28:41 ModelSaveAndLogHandler INFO -- Epoch 5/49
2020-03-20_12:28:41 ModelSaveAndLogHandler INFO -- ----------
2020-03-20_12:29:59 ModelSaveAndLogHandler INFO -- train Loss: 0.6504 Acc: 0.6232
2020-03-20_12:30:02 ModelSaveAndLogHandler INFO -- val Loss: 0.6373 Acc: 0.6529
2020-03-20_12:30:02 ModelSaveAndLogHandler INFO -- MODEL SAVED
2020-03-20_12:30:06 ModelSaveAndLogHandler INFO -- MODEL SAVED (MOBILE)
2020-03-20_12:30:06 ModelSaveAndLogHandler INFO -- Time taken is 85 seconds
2020-03-20_12:30:06 ModelSaveAndLogHandler INFO -- 
2020-03-20_12:30:06 ModelSaveAndLogHandler INFO -- Epoch 6/49
2020-03-20_12:30:06 ModelSaveAndLogHandler INFO -- ----------
2020-03-20_12:31:45 ModelSaveAndLogHandler INFO -- train Loss: 0.6305 Acc: 0.6659
2020-03-20_12:31:48 ModelSaveAndLogHandler INFO -- val Loss: 0.6122 Acc: 0.6849
2020-03-20_12:31:48 ModelSaveAndLogHandler INFO -- MODEL SAVED
2020-03-20_12:31:52 ModelSaveAndLogHandler INFO -- MODEL SAVED (MOBILE)
2020-03-20_12:31:52 ModelSaveAndLogHandler INFO -- Time taken is 106 seconds
2020-03-20_12:31:52 ModelSaveAndLogHandler INFO -- 
2020-03-20_12:31:52 ModelSaveAndLogHandler INFO -- Epoch 7/49
2020-03-20_12:31:52 ModelSaveAndLogHandler INFO -- ----------
2020-03-20_12:33:12 ModelSaveAndLogHandler INFO -- train Loss: 0.5962 Acc: 0.7044
2020-03-20_12:33:15 ModelSaveAndLogHandler INFO -- val Loss: 0.5846 Acc: 0.6924
2020-03-20_12:33:16 ModelSaveAndLogHandler INFO -- MODEL SAVED
2020-03-20_12:33:19 ModelSaveAndLogHandler INFO -- MODEL SAVED (MOBILE)
2020-03-20_12:33:19 ModelSaveAndLogHandler INFO -- Time taken is 87 seconds
2020-03-20_12:33:19 ModelSaveAndLogHandler INFO -- 
2020-03-20_12:33:19 ModelSaveAndLogHandler INFO -- Epoch 8/49
2020-03-20_12:33:19 ModelSaveAndLogHandler INFO -- ----------
2020-03-20_12:34:38 ModelSaveAndLogHandler INFO -- train Loss: 0.5700 Acc: 0.7091
2020-03-20_12:34:42 ModelSaveAndLogHandler INFO -- val Loss: 0.5553 Acc: 0.7224
2020-03-20_12:34:42 ModelSaveAndLogHandler INFO -- MODEL SAVED
2020-03-20_12:34:46 ModelSaveAndLogHandler INFO -- MODEL SAVED (MOBILE)
2020-03-20_12:34:46 ModelSaveAndLogHandler INFO -- Time taken is 86 seconds
2020-03-20_12:34:46 ModelSaveAndLogHandler INFO -- 
2020-03-20_12:34:46 ModelSaveAndLogHandler INFO -- Epoch 9/49
2020-03-20_12:34:46 ModelSaveAndLogHandler INFO -- ----------
2020-03-20_12:35:59 ModelSaveAndLogHandler INFO -- train Loss: 0.5449 Acc: 0.7302
2020-03-20_12:36:03 ModelSaveAndLogHandler INFO -- val Loss: 0.5336 Acc: 0.7346
2020-03-20_12:36:03 ModelSaveAndLogHandler INFO -- MODEL SAVED
2020-03-20_12:36:07 ModelSaveAndLogHandler INFO -- MODEL SAVED (MOBILE)
2020-03-20_12:36:07 ModelSaveAndLogHandler INFO -- Time taken is 81 seconds
2020-03-20_12:36:07 ModelSaveAndLogHandler INFO -- 
2020-03-20_12:36:07 ModelSaveAndLogHandler INFO -- Epoch 10/49
2020-03-20_12:36:07 ModelSaveAndLogHandler INFO -- ----------
2020-03-20_12:37:23 ModelSaveAndLogHandler INFO -- train Loss: 0.5242 Acc: 0.7383
2020-03-20_12:37:26 ModelSaveAndLogHandler INFO -- val Loss: 0.5170 Acc: 0.7510
2020-03-20_12:37:26 ModelSaveAndLogHandler INFO -- MODEL SAVED
2020-03-20_12:37:30 ModelSaveAndLogHandler INFO -- MODEL SAVED (MOBILE)
2020-03-20_12:37:30 ModelSaveAndLogHandler INFO -- Time taken is 83 seconds
2020-03-20_12:37:30 ModelSaveAndLogHandler INFO -- 
2020-03-20_12:37:30 ModelSaveAndLogHandler INFO -- Epoch 11/49
2020-03-20_12:37:30 ModelSaveAndLogHandler INFO -- ----------
2020-03-20_12:38:45 ModelSaveAndLogHandler INFO -- train Loss: 0.5240 Acc: 0.7375
2020-03-20_12:38:48 ModelSaveAndLogHandler INFO -- val Loss: 0.5139 Acc: 0.7526
2020-03-20_12:38:48 ModelSaveAndLogHandler INFO -- MODEL SAVED
2020-03-20_12:38:52 ModelSaveAndLogHandler INFO -- MODEL SAVED (MOBILE)
2020-03-20_12:38:52 ModelSaveAndLogHandler INFO -- Time taken is 81 seconds
2020-03-20_12:38:52 ModelSaveAndLogHandler INFO -- 
2020-03-20_12:38:52 ModelSaveAndLogHandler INFO -- Epoch 12/49
2020-03-20_12:38:52 ModelSaveAndLogHandler INFO -- ----------
2020-03-20_12:40:23 ModelSaveAndLogHandler INFO -- train Loss: 0.5269 Acc: 0.7323
2020-03-20_12:40:27 ModelSaveAndLogHandler INFO -- val Loss: 0.5080 Acc: 0.7471
2020-03-20_12:40:27 ModelSaveAndLogHandler INFO -- Time taken is 95 seconds
2020-03-20_12:40:27 ModelSaveAndLogHandler INFO -- 
2020-03-20_12:40:27 ModelSaveAndLogHandler INFO -- Epoch 13/49
2020-03-20_12:40:27 ModelSaveAndLogHandler INFO -- ----------
2020-03-20_12:41:46 ModelSaveAndLogHandler INFO -- train Loss: 0.5227 Acc: 0.7339
2020-03-20_12:41:50 ModelSaveAndLogHandler INFO -- val Loss: 0.5049 Acc: 0.7573
2020-03-20_12:41:50 ModelSaveAndLogHandler INFO -- MODEL SAVED
2020-03-20_12:41:53 ModelSaveAndLogHandler INFO -- MODEL SAVED (MOBILE)
2020-03-20_12:41:53 ModelSaveAndLogHandler INFO -- Time taken is 86 seconds
2020-03-20_12:41:53 ModelSaveAndLogHandler INFO -- 
2020-03-20_12:41:53 ModelSaveAndLogHandler INFO -- Epoch 14/49
2020-03-20_12:41:53 ModelSaveAndLogHandler INFO -- ----------
2020-03-20_12:43:11 ModelSaveAndLogHandler INFO -- train Loss: 0.5138 Acc: 0.7424
2020-03-20_12:43:15 ModelSaveAndLogHandler INFO -- val Loss: 0.5024 Acc: 0.7560
2020-03-20_12:43:15 ModelSaveAndLogHandler INFO -- Time taken is 81 seconds
2020-03-20_12:43:15 ModelSaveAndLogHandler INFO -- 
2020-03-20_12:43:15 ModelSaveAndLogHandler INFO -- Epoch 15/49
2020-03-20_12:43:15 ModelSaveAndLogHandler INFO -- ----------
2020-03-20_12:44:38 ModelSaveAndLogHandler INFO -- train Loss: 0.5213 Acc: 0.7422
2020-03-20_12:44:42 ModelSaveAndLogHandler INFO -- val Loss: 0.5017 Acc: 0.7565
2020-03-20_12:44:42 ModelSaveAndLogHandler INFO -- Time taken is 87 seconds
2020-03-20_12:44:42 ModelSaveAndLogHandler INFO -- 
2020-03-20_12:44:42 ModelSaveAndLogHandler INFO -- Epoch 16/49
2020-03-20_12:44:42 ModelSaveAndLogHandler INFO -- ----------
2020-03-20_12:45:57 ModelSaveAndLogHandler INFO -- train Loss: 0.5217 Acc: 0.7385
2020-03-20_12:46:00 ModelSaveAndLogHandler INFO -- val Loss: 0.4975 Acc: 0.7560
2020-03-20_12:46:00 ModelSaveAndLogHandler INFO -- Time taken is 78 seconds
2020-03-20_12:46:00 ModelSaveAndLogHandler INFO -- 
2020-03-20_12:46:00 ModelSaveAndLogHandler INFO -- Epoch 17/49
2020-03-20_12:46:00 ModelSaveAndLogHandler INFO -- ----------
2020-03-20_12:47:15 ModelSaveAndLogHandler INFO -- train Loss: 0.5102 Acc: 0.7526
2020-03-20_12:47:19 ModelSaveAndLogHandler INFO -- val Loss: 0.5013 Acc: 0.7648
2020-03-20_12:47:19 ModelSaveAndLogHandler INFO -- MODEL SAVED
2020-03-20_12:47:22 ModelSaveAndLogHandler INFO -- MODEL SAVED (MOBILE)
2020-03-20_12:47:22 ModelSaveAndLogHandler INFO -- Time taken is 81 seconds
2020-03-20_12:47:22 ModelSaveAndLogHandler INFO -- 
2020-03-20_12:47:22 ModelSaveAndLogHandler INFO -- Epoch 18/49
2020-03-20_12:47:22 ModelSaveAndLogHandler INFO -- ----------
2020-03-20_12:48:35 ModelSaveAndLogHandler INFO -- train Loss: 0.5204 Acc: 0.7362
2020-03-20_12:48:39 ModelSaveAndLogHandler INFO -- val Loss: 0.5064 Acc: 0.7622
2020-03-20_12:48:39 ModelSaveAndLogHandler INFO -- Time taken is 76 seconds
2020-03-20_12:48:39 ModelSaveAndLogHandler INFO -- 
2020-03-20_12:48:39 ModelSaveAndLogHandler INFO -- Epoch 19/49
2020-03-20_12:48:39 ModelSaveAndLogHandler INFO -- ----------
2020-03-20_12:49:50 ModelSaveAndLogHandler INFO -- train Loss: 0.5014 Acc: 0.7513
2020-03-20_12:49:53 ModelSaveAndLogHandler INFO -- val Loss: 0.4974 Acc: 0.7560
2020-03-20_12:49:53 ModelSaveAndLogHandler INFO -- Time taken is 74 seconds
2020-03-20_12:49:53 ModelSaveAndLogHandler INFO -- 
2020-03-20_12:49:53 ModelSaveAndLogHandler INFO -- Epoch 20/49
2020-03-20_12:49:53 ModelSaveAndLogHandler INFO -- ----------
2020-03-20_12:51:29 ModelSaveAndLogHandler INFO -- train Loss: 0.5045 Acc: 0.7516
2020-03-20_12:51:33 ModelSaveAndLogHandler INFO -- val Loss: 0.4944 Acc: 0.7646
2020-03-20_12:51:33 ModelSaveAndLogHandler INFO -- Time taken is 99 seconds
2020-03-20_12:51:33 ModelSaveAndLogHandler INFO -- 
2020-03-20_12:51:33 ModelSaveAndLogHandler INFO -- Epoch 21/49
2020-03-20_12:51:33 ModelSaveAndLogHandler INFO -- ----------
2020-03-20_12:52:47 ModelSaveAndLogHandler INFO -- train Loss: 0.5240 Acc: 0.7307
2020-03-20_12:52:51 ModelSaveAndLogHandler INFO -- val Loss: 0.4938 Acc: 0.7549
2020-03-20_12:52:51 ModelSaveAndLogHandler INFO -- Time taken is 78 seconds
2020-03-20_12:52:51 ModelSaveAndLogHandler INFO -- 
2020-03-20_12:52:51 ModelSaveAndLogHandler INFO -- Epoch 22/49
2020-03-20_12:52:51 ModelSaveAndLogHandler INFO -- ----------
2020-03-20_12:54:06 ModelSaveAndLogHandler INFO -- train Loss: 0.4932 Acc: 0.7633
2020-03-20_12:54:10 ModelSaveAndLogHandler INFO -- val Loss: 0.4917 Acc: 0.7607
2020-03-20_12:54:10 ModelSaveAndLogHandler INFO -- Time taken is 78 seconds
2020-03-20_12:54:10 ModelSaveAndLogHandler INFO -- 
2020-03-20_12:54:10 ModelSaveAndLogHandler INFO -- Epoch 23/49
2020-03-20_12:54:10 ModelSaveAndLogHandler INFO -- ----------
2020-03-20_12:55:23 ModelSaveAndLogHandler INFO -- train Loss: 0.5232 Acc: 0.7357
2020-03-20_12:55:27 ModelSaveAndLogHandler INFO -- val Loss: 0.4943 Acc: 0.7654
2020-03-20_12:55:27 ModelSaveAndLogHandler INFO -- MODEL SAVED
2020-03-20_12:55:31 ModelSaveAndLogHandler INFO -- MODEL SAVED (MOBILE)
2020-03-20_12:55:31 ModelSaveAndLogHandler INFO -- Time taken is 81 seconds
2020-03-20_12:55:31 ModelSaveAndLogHandler INFO -- 
2020-03-20_12:55:31 ModelSaveAndLogHandler INFO -- Epoch 24/49
2020-03-20_12:55:31 ModelSaveAndLogHandler INFO -- ----------
2020-03-20_12:56:42 ModelSaveAndLogHandler INFO -- train Loss: 0.5169 Acc: 0.7385
2020-03-20_12:56:46 ModelSaveAndLogHandler INFO -- val Loss: 0.4975 Acc: 0.7633
2020-03-20_12:56:46 ModelSaveAndLogHandler INFO -- Time taken is 74 seconds
2020-03-20_12:56:46 ModelSaveAndLogHandler INFO -- 
2020-03-20_12:56:46 ModelSaveAndLogHandler INFO -- Epoch 25/49
2020-03-20_12:56:46 ModelSaveAndLogHandler INFO -- ----------
2020-03-20_12:57:58 ModelSaveAndLogHandler INFO -- train Loss: 0.5081 Acc: 0.7430
2020-03-20_12:58:01 ModelSaveAndLogHandler INFO -- val Loss: 0.4925 Acc: 0.7622
2020-03-20_12:58:01 ModelSaveAndLogHandler INFO -- Time taken is 75 seconds
2020-03-20_12:58:01 ModelSaveAndLogHandler INFO -- 
2020-03-20_12:58:01 ModelSaveAndLogHandler INFO -- Epoch 26/49
2020-03-20_12:58:01 ModelSaveAndLogHandler INFO -- ----------
2020-03-20_12:59:17 ModelSaveAndLogHandler INFO -- train Loss: 0.5148 Acc: 0.7427
2020-03-20_12:59:21 ModelSaveAndLogHandler INFO -- val Loss: 0.4950 Acc: 0.7651
2020-03-20_12:59:21 ModelSaveAndLogHandler INFO -- Time taken is 79 seconds
2020-03-20_12:59:21 ModelSaveAndLogHandler INFO -- 
2020-03-20_12:59:21 ModelSaveAndLogHandler INFO -- Epoch 27/49
2020-03-20_12:59:21 ModelSaveAndLogHandler INFO -- ----------
2020-03-20_13:00:36 ModelSaveAndLogHandler INFO -- train Loss: 0.5149 Acc: 0.7383
2020-03-20_13:00:39 ModelSaveAndLogHandler INFO -- val Loss: 0.4906 Acc: 0.7612
2020-03-20_13:00:39 ModelSaveAndLogHandler INFO -- Time taken is 78 seconds
2020-03-20_13:00:39 ModelSaveAndLogHandler INFO -- 
2020-03-20_13:00:39 ModelSaveAndLogHandler INFO -- Epoch 28/49
2020-03-20_13:00:39 ModelSaveAndLogHandler INFO -- ----------
2020-03-20_13:01:54 ModelSaveAndLogHandler INFO -- train Loss: 0.5132 Acc: 0.7385
2020-03-20_13:01:58 ModelSaveAndLogHandler INFO -- val Loss: 0.4900 Acc: 0.7622
2020-03-20_13:01:58 ModelSaveAndLogHandler INFO -- Time taken is 78 seconds
2020-03-20_13:01:58 ModelSaveAndLogHandler INFO -- 
2020-03-20_13:01:58 ModelSaveAndLogHandler INFO -- Epoch 29/49
2020-03-20_13:01:58 ModelSaveAndLogHandler INFO -- ----------
2020-03-20_13:03:09 ModelSaveAndLogHandler INFO -- train Loss: 0.5028 Acc: 0.7484
2020-03-20_13:03:12 ModelSaveAndLogHandler INFO -- val Loss: 0.4878 Acc: 0.7625
2020-03-20_13:03:12 ModelSaveAndLogHandler INFO -- Time taken is 74 seconds
2020-03-20_13:03:12 ModelSaveAndLogHandler INFO -- 
2020-03-20_13:03:12 ModelSaveAndLogHandler INFO -- Epoch 30/49
2020-03-20_13:03:12 ModelSaveAndLogHandler INFO -- ----------
2020-03-20_13:04:32 ModelSaveAndLogHandler INFO -- train Loss: 0.5215 Acc: 0.7349
2020-03-20_13:04:36 ModelSaveAndLogHandler INFO -- val Loss: 0.4883 Acc: 0.7622
2020-03-20_13:04:36 ModelSaveAndLogHandler INFO -- Time taken is 83 seconds
2020-03-20_13:04:36 ModelSaveAndLogHandler INFO -- 
2020-03-20_13:04:36 ModelSaveAndLogHandler INFO -- Epoch 31/49
2020-03-20_13:04:36 ModelSaveAndLogHandler INFO -- ----------
2020-03-20_13:05:47 ModelSaveAndLogHandler INFO -- train Loss: 0.5260 Acc: 0.7292
2020-03-20_13:05:51 ModelSaveAndLogHandler INFO -- val Loss: 0.4890 Acc: 0.7667
2020-03-20_13:05:51 ModelSaveAndLogHandler INFO -- MODEL SAVED
2020-03-20_13:05:54 ModelSaveAndLogHandler INFO -- MODEL SAVED (MOBILE)
2020-03-20_13:05:54 ModelSaveAndLogHandler INFO -- Time taken is 78 seconds
2020-03-20_13:05:54 ModelSaveAndLogHandler INFO -- 
2020-03-20_13:05:54 ModelSaveAndLogHandler INFO -- Epoch 32/49
2020-03-20_13:05:54 ModelSaveAndLogHandler INFO -- ----------
2020-03-20_13:07:09 ModelSaveAndLogHandler INFO -- train Loss: 0.4944 Acc: 0.7607
2020-03-20_13:07:12 ModelSaveAndLogHandler INFO -- val Loss: 0.4888 Acc: 0.7609
2020-03-20_13:07:12 ModelSaveAndLogHandler INFO -- Time taken is 78 seconds
2020-03-20_13:07:12 ModelSaveAndLogHandler INFO -- 
2020-03-20_13:07:12 ModelSaveAndLogHandler INFO -- Epoch 33/49
2020-03-20_13:07:12 ModelSaveAndLogHandler INFO -- ----------
2020-03-20_13:08:25 ModelSaveAndLogHandler INFO -- train Loss: 0.5064 Acc: 0.7458
2020-03-20_13:08:28 ModelSaveAndLogHandler INFO -- val Loss: 0.4862 Acc: 0.7625
2020-03-20_13:08:28 ModelSaveAndLogHandler INFO -- Time taken is 75 seconds
2020-03-20_13:08:28 ModelSaveAndLogHandler INFO -- 
2020-03-20_13:08:28 ModelSaveAndLogHandler INFO -- Epoch 34/49
2020-03-20_13:08:28 ModelSaveAndLogHandler INFO -- ----------
2020-03-20_13:09:55 ModelSaveAndLogHandler INFO -- train Loss: 0.4949 Acc: 0.7536
2020-03-20_13:09:59 ModelSaveAndLogHandler INFO -- val Loss: 0.4873 Acc: 0.7635
2020-03-20_13:09:59 ModelSaveAndLogHandler INFO -- Time taken is 90 seconds
2020-03-20_13:09:59 ModelSaveAndLogHandler INFO -- 
2020-03-20_13:09:59 ModelSaveAndLogHandler INFO -- Epoch 35/49
2020-03-20_13:09:59 ModelSaveAndLogHandler INFO -- ----------
2020-03-20_13:11:14 ModelSaveAndLogHandler INFO -- train Loss: 0.5110 Acc: 0.7448
2020-03-20_13:11:17 ModelSaveAndLogHandler INFO -- val Loss: 0.4915 Acc: 0.7664
2020-03-20_13:11:17 ModelSaveAndLogHandler INFO -- Time taken is 78 seconds
2020-03-20_13:11:17 ModelSaveAndLogHandler INFO -- 
2020-03-20_13:11:17 ModelSaveAndLogHandler INFO -- Epoch 36/49
2020-03-20_13:11:17 ModelSaveAndLogHandler INFO -- ----------
2020-03-20_13:12:33 ModelSaveAndLogHandler INFO -- train Loss: 0.5157 Acc: 0.7333
2020-03-20_13:12:36 ModelSaveAndLogHandler INFO -- val Loss: 0.4882 Acc: 0.7667
2020-03-20_13:12:36 ModelSaveAndLogHandler INFO -- Time taken is 79 seconds
2020-03-20_13:12:36 ModelSaveAndLogHandler INFO -- 
2020-03-20_13:12:36 ModelSaveAndLogHandler INFO -- Epoch 37/49
2020-03-20_13:12:36 ModelSaveAndLogHandler INFO -- ----------
2020-03-20_13:13:46 ModelSaveAndLogHandler INFO -- train Loss: 0.5009 Acc: 0.7440
2020-03-20_13:13:50 ModelSaveAndLogHandler INFO -- val Loss: 0.4917 Acc: 0.7633
2020-03-20_13:13:50 ModelSaveAndLogHandler INFO -- Time taken is 73 seconds
2020-03-20_13:13:50 ModelSaveAndLogHandler INFO -- 
2020-03-20_13:13:50 ModelSaveAndLogHandler INFO -- Epoch 38/49
2020-03-20_13:13:50 ModelSaveAndLogHandler INFO -- ----------
2020-03-20_13:15:11 ModelSaveAndLogHandler INFO -- train Loss: 0.4943 Acc: 0.7510
2020-03-20_13:15:15 ModelSaveAndLogHandler INFO -- val Loss: 0.4882 Acc: 0.7641
2020-03-20_13:15:15 ModelSaveAndLogHandler INFO -- Time taken is 84 seconds
2020-03-20_13:15:15 ModelSaveAndLogHandler INFO -- 
2020-03-20_13:15:15 ModelSaveAndLogHandler INFO -- Epoch 39/49
2020-03-20_13:15:15 ModelSaveAndLogHandler INFO -- ----------
2020-03-20_13:16:26 ModelSaveAndLogHandler INFO -- train Loss: 0.5124 Acc: 0.7456
2020-03-20_13:16:30 ModelSaveAndLogHandler INFO -- val Loss: 0.4863 Acc: 0.7620
2020-03-20_13:16:30 ModelSaveAndLogHandler INFO -- Time taken is 74 seconds
2020-03-20_13:16:30 ModelSaveAndLogHandler INFO -- 
2020-03-20_13:16:30 ModelSaveAndLogHandler INFO -- Epoch 40/49
2020-03-20_13:16:30 ModelSaveAndLogHandler INFO -- ----------
2020-03-20_13:17:51 ModelSaveAndLogHandler INFO -- train Loss: 0.4934 Acc: 0.7565
2020-03-20_13:17:55 ModelSaveAndLogHandler INFO -- val Loss: 0.4853 Acc: 0.7672
2020-03-20_13:17:55 ModelSaveAndLogHandler INFO -- MODEL SAVED
2020-03-20_13:17:59 ModelSaveAndLogHandler INFO -- MODEL SAVED (MOBILE)
2020-03-20_13:17:59 ModelSaveAndLogHandler INFO -- Time taken is 88 seconds
2020-03-20_13:17:59 ModelSaveAndLogHandler INFO -- 
2020-03-20_13:17:59 ModelSaveAndLogHandler INFO -- Epoch 41/49
2020-03-20_13:17:59 ModelSaveAndLogHandler INFO -- ----------
2020-03-20_13:19:11 ModelSaveAndLogHandler INFO -- train Loss: 0.5041 Acc: 0.7456
2020-03-20_13:19:15 ModelSaveAndLogHandler INFO -- val Loss: 0.4864 Acc: 0.7630
2020-03-20_13:19:15 ModelSaveAndLogHandler INFO -- Time taken is 76 seconds
2020-03-20_13:19:15 ModelSaveAndLogHandler INFO -- 
2020-03-20_13:19:15 ModelSaveAndLogHandler INFO -- Epoch 42/49
2020-03-20_13:19:15 ModelSaveAndLogHandler INFO -- ----------
2020-03-20_13:20:40 ModelSaveAndLogHandler INFO -- train Loss: 0.5056 Acc: 0.7482
2020-03-20_13:20:43 ModelSaveAndLogHandler INFO -- val Loss: 0.4869 Acc: 0.7635
2020-03-20_13:20:43 ModelSaveAndLogHandler INFO -- Time taken is 88 seconds
2020-03-20_13:20:43 ModelSaveAndLogHandler INFO -- 
2020-03-20_13:20:43 ModelSaveAndLogHandler INFO -- Epoch 43/49
2020-03-20_13:20:43 ModelSaveAndLogHandler INFO -- ----------
2020-03-20_13:21:54 ModelSaveAndLogHandler INFO -- train Loss: 0.4978 Acc: 0.7490
2020-03-20_13:21:58 ModelSaveAndLogHandler INFO -- val Loss: 0.5009 Acc: 0.7549
2020-03-20_13:21:58 ModelSaveAndLogHandler INFO -- Time taken is 74 seconds
2020-03-20_13:21:58 ModelSaveAndLogHandler INFO -- 
2020-03-20_13:21:58 ModelSaveAndLogHandler INFO -- Epoch 44/49
2020-03-20_13:21:58 ModelSaveAndLogHandler INFO -- ----------
2020-03-20_13:23:21 ModelSaveAndLogHandler INFO -- train Loss: 0.5168 Acc: 0.7424
2020-03-20_13:23:25 ModelSaveAndLogHandler INFO -- val Loss: 0.4876 Acc: 0.7615
2020-03-20_13:23:25 ModelSaveAndLogHandler INFO -- Time taken is 87 seconds
2020-03-20_13:23:25 ModelSaveAndLogHandler INFO -- 
2020-03-20_13:23:25 ModelSaveAndLogHandler INFO -- Epoch 45/49
2020-03-20_13:23:25 ModelSaveAndLogHandler INFO -- ----------
2020-03-20_13:24:37 ModelSaveAndLogHandler INFO -- train Loss: 0.5049 Acc: 0.7474
2020-03-20_13:24:41 ModelSaveAndLogHandler INFO -- val Loss: 0.4903 Acc: 0.7651
2020-03-20_13:24:41 ModelSaveAndLogHandler INFO -- Time taken is 75 seconds
2020-03-20_13:24:41 ModelSaveAndLogHandler INFO -- 
2020-03-20_13:24:41 ModelSaveAndLogHandler INFO -- Epoch 46/49
2020-03-20_13:24:41 ModelSaveAndLogHandler INFO -- ----------
2020-03-20_13:26:03 ModelSaveAndLogHandler INFO -- train Loss: 0.5119 Acc: 0.7430
2020-03-20_13:26:06 ModelSaveAndLogHandler INFO -- val Loss: 0.4917 Acc: 0.7539
2020-03-20_13:26:06 ModelSaveAndLogHandler INFO -- Time taken is 85 seconds
2020-03-20_13:26:06 ModelSaveAndLogHandler INFO -- 
2020-03-20_13:26:06 ModelSaveAndLogHandler INFO -- Epoch 47/49
2020-03-20_13:26:06 ModelSaveAndLogHandler INFO -- ----------
2020-03-20_13:27:19 ModelSaveAndLogHandler INFO -- train Loss: 0.5023 Acc: 0.7375
2020-03-20_13:27:22 ModelSaveAndLogHandler INFO -- val Loss: 0.4935 Acc: 0.7620
2020-03-20_13:27:22 ModelSaveAndLogHandler INFO -- Time taken is 76 seconds
2020-03-20_13:27:22 ModelSaveAndLogHandler INFO -- 
2020-03-20_13:27:22 ModelSaveAndLogHandler INFO -- Epoch 48/49
2020-03-20_13:27:22 ModelSaveAndLogHandler INFO -- ----------
2020-03-20_13:28:50 ModelSaveAndLogHandler INFO -- train Loss: 0.5059 Acc: 0.7427
2020-03-20_13:28:53 ModelSaveAndLogHandler INFO -- val Loss: 0.4845 Acc: 0.7672
2020-03-20_13:28:53 ModelSaveAndLogHandler INFO -- Time taken is 90 seconds
2020-03-20_13:28:53 ModelSaveAndLogHandler INFO -- 
2020-03-20_13:28:53 ModelSaveAndLogHandler INFO -- Epoch 49/49
2020-03-20_13:28:53 ModelSaveAndLogHandler INFO -- ----------
2020-03-20_13:30:02 ModelSaveAndLogHandler INFO -- train Loss: 0.4981 Acc: 0.7539
2020-03-20_13:30:05 ModelSaveAndLogHandler INFO -- val Loss: 0.4863 Acc: 0.7620
2020-03-20_13:30:05 ModelSaveAndLogHandler INFO -- Time taken is 72 seconds
2020-03-20_13:30:05 ModelSaveAndLogHandler INFO -- 
2020-03-20_13:30:05 ModelSaveAndLogHandler INFO -- Training complete in 69m 8s
2020-03-20_13:30:05 ModelSaveAndLogHandler INFO -- Best val Acc: 0.767188
2020-03-20_13:30:05 ModelSaveAndLogHandler INFO -- Val Acc >= 0.70: 42
